================================================================================
Error Log for Crates_Maven_NPM
================================================================================
Total Errors: 2
Generated: 2026-01-26 02:36:49
================================================================================

Error #1
--------------------------------------------------------------------------------
Timestamp: 2026-01-26T02:26:55.350143
Repository: https://github.com/palash90/ganit
Ecosystems: Crates, Maven, NPM
Error Type: NOT_FOUND
Error Message: Repository not found: palash90/ganit

Possible Reason:
  Verify the repository URL is correct and the repository still exists. It may have been deleted, made private, or renamed.

Suggested Solution:
  Verify the repository URL is correct and the repository still exists. It may have been deleted, made private, or renamed.

================================================================================

Error #2
--------------------------------------------------------------------------------
Timestamp: 2026-01-26T02:26:55.575626
Repository: https://github.com/palash90/ganit
Ecosystems: Crates, Maven, NPM
Error Type: NOT_FOUND
Error Message: Repository not found: palash90/ganit

Possible Reason:
  Verify the repository URL is correct and the repository still exists. It may have been deleted, made private, or renamed.

Suggested Solution:
  Verify the repository URL is correct and the repository still exists. It may have been deleted, made private, or renamed.

================================================================================

