================================================================================
Error Log for Crates_Maven_NPM_PyPI
================================================================================
Total Errors: 6
Generated: 2026-01-26 02:36:49
================================================================================

Error #1
--------------------------------------------------------------------------------
Timestamp: 2026-01-26T02:26:55.796647
Repository: https://github.com/your/repo
Ecosystems: Crates, Maven, NPM, PyPI
Error Type: NOT_FOUND
Error Message: Repository not found: your/repo

Possible Reason:
  Verify the repository URL is correct and the repository still exists. It may have been deleted, made private, or renamed.

Suggested Solution:
  Verify the repository URL is correct and the repository still exists. It may have been deleted, made private, or renamed.

================================================================================

Error #2
--------------------------------------------------------------------------------
Timestamp: 2026-01-26T02:26:56.029990
Repository: https://github.com/your/repo
Ecosystems: Crates, Maven, NPM, PyPI
Error Type: NOT_FOUND
Error Message: Repository not found: your/repo

Possible Reason:
  Verify the repository URL is correct and the repository still exists. It may have been deleted, made private, or renamed.

Suggested Solution:
  Verify the repository URL is correct and the repository still exists. It may have been deleted, made private, or renamed.

================================================================================

Error #3
--------------------------------------------------------------------------------
Timestamp: 2026-01-26T02:26:56.283637
Repository: https://github.com/thunkmetrc/sdks
Ecosystems: Crates, Maven, NPM, PyPI
Error Type: NOT_FOUND
Error Message: Repository not found: thunkmetrc/sdks

Possible Reason:
  Verify the repository URL is correct and the repository still exists. It may have been deleted, made private, or renamed.

Suggested Solution:
  Verify the repository URL is correct and the repository still exists. It may have been deleted, made private, or renamed.

================================================================================

Error #4
--------------------------------------------------------------------------------
Timestamp: 2026-01-26T02:26:56.515283
Repository: https://github.com/thunkmetrc/sdks
Ecosystems: Crates, Maven, NPM, PyPI
Error Type: NOT_FOUND
Error Message: Repository not found: thunkmetrc/sdks

Possible Reason:
  Verify the repository URL is correct and the repository still exists. It may have been deleted, made private, or renamed.

Suggested Solution:
  Verify the repository URL is correct and the repository still exists. It may have been deleted, made private, or renamed.

================================================================================

Error #5
--------------------------------------------------------------------------------
Timestamp: 2026-01-26T02:26:56.729510
Repository: https://github.com/test/test
Ecosystems: Crates, Maven, NPM, PyPI
Error Type: NOT_FOUND
Error Message: Repository not found: test/test

Possible Reason:
  Verify the repository URL is correct and the repository still exists. It may have been deleted, made private, or renamed.

Suggested Solution:
  Verify the repository URL is correct and the repository still exists. It may have been deleted, made private, or renamed.

================================================================================

Error #6
--------------------------------------------------------------------------------
Timestamp: 2026-01-26T02:26:57.284751
Repository: https://github.com/test/test
Ecosystems: Crates, Maven, NPM, PyPI
Error Type: NOT_FOUND
Error Message: Repository not found: test/test

Possible Reason:
  Verify the repository URL is correct and the repository still exists. It may have been deleted, made private, or renamed.

Suggested Solution:
  Verify the repository URL is correct and the repository still exists. It may have been deleted, made private, or renamed.

================================================================================

