================================================================================
Error Log for Crates_NPM_PyPI
================================================================================
Total Errors: 38
Generated: 2026-01-26 02:36:49
================================================================================

Error #1
--------------------------------------------------------------------------------
Timestamp: 2026-01-26T02:27:56.661110
Repository: https://github.com/traittech/trait-keyless
Ecosystems: Crates, NPM, PyPI
Error Type: NOT_FOUND
Error Message: Repository not found: traittech/trait-keyless

Possible Reason:
  Verify the repository URL is correct and the repository still exists. It may have been deleted, made private, or renamed.

Suggested Solution:
  Verify the repository URL is correct and the repository still exists. It may have been deleted, made private, or renamed.

================================================================================

Error #2
--------------------------------------------------------------------------------
Timestamp: 2026-01-26T02:27:56.901894
Repository: https://github.com/traittech/trait-keyless
Ecosystems: Crates, NPM, PyPI
Error Type: NOT_FOUND
Error Message: Repository not found: traittech/trait-keyless

Possible Reason:
  Verify the repository URL is correct and the repository still exists. It may have been deleted, made private, or renamed.

Suggested Solution:
  Verify the repository URL is correct and the repository still exists. It may have been deleted, made private, or renamed.

================================================================================

Error #3
--------------------------------------------------------------------------------
Timestamp: 2026-01-26T02:27:57.163309
Repository: https://github.com/raugfer/ulibrs
Ecosystems: Crates, NPM, PyPI
Error Type: NOT_FOUND
Error Message: Repository not found: raugfer/ulibrs

Possible Reason:
  Verify the repository URL is correct and the repository still exists. It may have been deleted, made private, or renamed.

Suggested Solution:
  Verify the repository URL is correct and the repository still exists. It may have been deleted, made private, or renamed.

================================================================================

Error #4
--------------------------------------------------------------------------------
Timestamp: 2026-01-26T02:27:57.426214
Repository: https://github.com/raugfer/ulibrs
Ecosystems: Crates, NPM, PyPI
Error Type: NOT_FOUND
Error Message: Repository not found: raugfer/ulibrs

Possible Reason:
  Verify the repository URL is correct and the repository still exists. It may have been deleted, made private, or renamed.

Suggested Solution:
  Verify the repository URL is correct and the repository still exists. It may have been deleted, made private, or renamed.

================================================================================

Error #5
--------------------------------------------------------------------------------
Timestamp: 2026-01-26T02:27:57.700460
Repository: https://github.com/brunieland/brunie
Ecosystems: Crates, NPM, PyPI
Error Type: NOT_FOUND
Error Message: Repository not found: brunieland/brunie

Possible Reason:
  Verify the repository URL is correct and the repository still exists. It may have been deleted, made private, or renamed.

Suggested Solution:
  Verify the repository URL is correct and the repository still exists. It may have been deleted, made private, or renamed.

================================================================================

Error #6
--------------------------------------------------------------------------------
Timestamp: 2026-01-26T02:27:58.264111
Repository: https://github.com/brunieland/brunie
Ecosystems: Crates, NPM, PyPI
Error Type: NOT_FOUND
Error Message: Repository not found: brunieland/brunie

Possible Reason:
  Verify the repository URL is correct and the repository still exists. It may have been deleted, made private, or renamed.

Suggested Solution:
  Verify the repository URL is correct and the repository still exists. It may have been deleted, made private, or renamed.

================================================================================

Error #7
--------------------------------------------------------------------------------
Timestamp: 2026-01-26T02:27:58.510665
Repository: https://github.com/zcred/zhash
Ecosystems: Crates, NPM, PyPI
Error Type: NOT_FOUND
Error Message: Repository not found: zcred/zhash

Possible Reason:
  Verify the repository URL is correct and the repository still exists. It may have been deleted, made private, or renamed.

Suggested Solution:
  Verify the repository URL is correct and the repository still exists. It may have been deleted, made private, or renamed.

================================================================================

Error #8
--------------------------------------------------------------------------------
Timestamp: 2026-01-26T02:27:58.732083
Repository: https://github.com/zcred/zhash
Ecosystems: Crates, NPM, PyPI
Error Type: NOT_FOUND
Error Message: Repository not found: zcred/zhash

Possible Reason:
  Verify the repository URL is correct and the repository still exists. It may have been deleted, made private, or renamed.

Suggested Solution:
  Verify the repository URL is correct and the repository still exists. It may have been deleted, made private, or renamed.

================================================================================

Error #9
--------------------------------------------------------------------------------
Timestamp: 2026-01-26T02:27:58.980392
Repository: https://github.com/dyber-pqc/quantacore-sdk
Ecosystems: Crates, NPM, PyPI
Error Type: NOT_FOUND
Error Message: Repository not found: dyber-pqc/quantacore-sdk

Possible Reason:
  Verify the repository URL is correct and the repository still exists. It may have been deleted, made private, or renamed.

Suggested Solution:
  Verify the repository URL is correct and the repository still exists. It may have been deleted, made private, or renamed.

================================================================================

Error #10
--------------------------------------------------------------------------------
Timestamp: 2026-01-26T02:27:59.231735
Repository: https://github.com/dyber-pqc/quantacore-sdk
Ecosystems: Crates, NPM, PyPI
Error Type: NOT_FOUND
Error Message: Repository not found: dyber-pqc/quantacore-sdk

Possible Reason:
  Verify the repository URL is correct and the repository still exists. It may have been deleted, made private, or renamed.

Suggested Solution:
  Verify the repository URL is correct and the repository still exists. It may have been deleted, made private, or renamed.

================================================================================

Error #11
--------------------------------------------------------------------------------
Timestamp: 2026-01-26T02:27:59.473070
Repository: https://github.com/zcred/verihash
Ecosystems: Crates, NPM, PyPI
Error Type: NOT_FOUND
Error Message: Repository not found: zcred/verihash

Possible Reason:
  Verify the repository URL is correct and the repository still exists. It may have been deleted, made private, or renamed.

Suggested Solution:
  Verify the repository URL is correct and the repository still exists. It may have been deleted, made private, or renamed.

================================================================================

Error #12
--------------------------------------------------------------------------------
Timestamp: 2026-01-26T02:27:59.693779
Repository: https://github.com/zcred/verihash
Ecosystems: Crates, NPM, PyPI
Error Type: NOT_FOUND
Error Message: Repository not found: zcred/verihash

Possible Reason:
  Verify the repository URL is correct and the repository still exists. It may have been deleted, made private, or renamed.

Suggested Solution:
  Verify the repository URL is correct and the repository still exists. It may have been deleted, made private, or renamed.

================================================================================

Error #13
--------------------------------------------------------------------------------
Timestamp: 2026-01-26T02:27:59.924489
Repository: https://github.com/siftdb/siftdb
Ecosystems: Crates, NPM, PyPI
Error Type: NOT_FOUND
Error Message: Repository not found: siftdb/siftdb

Possible Reason:
  Verify the repository URL is correct and the repository still exists. It may have been deleted, made private, or renamed.

Suggested Solution:
  Verify the repository URL is correct and the repository still exists. It may have been deleted, made private, or renamed.

================================================================================

Error #14
--------------------------------------------------------------------------------
Timestamp: 2026-01-26T02:28:00.143555
Repository: https://github.com/siftdb/siftdb
Ecosystems: Crates, NPM, PyPI
Error Type: NOT_FOUND
Error Message: Repository not found: siftdb/siftdb

Possible Reason:
  Verify the repository URL is correct and the repository still exists. It may have been deleted, made private, or renamed.

Suggested Solution:
  Verify the repository URL is correct and the repository still exists. It may have been deleted, made private, or renamed.

================================================================================

Error #15
--------------------------------------------------------------------------------
Timestamp: 2026-01-26T02:28:00.362985
Repository: https://github.com/miscreant/minclib
Ecosystems: Crates, NPM, PyPI
Error Type: NOT_FOUND
Error Message: Repository not found: miscreant/minclib

Possible Reason:
  Verify the repository URL is correct and the repository still exists. It may have been deleted, made private, or renamed.

Suggested Solution:
  Verify the repository URL is correct and the repository still exists. It may have been deleted, made private, or renamed.

================================================================================

Error #16
--------------------------------------------------------------------------------
Timestamp: 2026-01-26T02:28:00.597706
Repository: https://github.com/miscreant/minclib
Ecosystems: Crates, NPM, PyPI
Error Type: NOT_FOUND
Error Message: Repository not found: miscreant/minclib

Possible Reason:
  Verify the repository URL is correct and the repository still exists. It may have been deleted, made private, or renamed.

Suggested Solution:
  Verify the repository URL is correct and the repository still exists. It may have been deleted, made private, or renamed.

================================================================================

Error #17
--------------------------------------------------------------------------------
Timestamp: 2026-01-26T02:28:00.827365
Repository: https://github.com/votre-username/votre-repo
Ecosystems: Crates, NPM, PyPI
Error Type: NOT_FOUND
Error Message: Repository not found: votre-username/votre-repo

Possible Reason:
  Verify the repository URL is correct and the repository still exists. It may have been deleted, made private, or renamed.

Suggested Solution:
  Verify the repository URL is correct and the repository still exists. It may have been deleted, made private, or renamed.

================================================================================

Error #18
--------------------------------------------------------------------------------
Timestamp: 2026-01-26T02:28:01.066497
Repository: https://github.com/votre-username/votre-repo
Ecosystems: Crates, NPM, PyPI
Error Type: NOT_FOUND
Error Message: Repository not found: votre-username/votre-repo

Possible Reason:
  Verify the repository URL is correct and the repository still exists. It may have been deleted, made private, or renamed.

Suggested Solution:
  Verify the repository URL is correct and the repository still exists. It may have been deleted, made private, or renamed.

================================================================================

Error #19
--------------------------------------------------------------------------------
Timestamp: 2026-01-26T02:28:01.297932
Repository: https://github.com/chinilla/chinillaclvm_rs
Ecosystems: Crates, NPM, PyPI
Error Type: NOT_FOUND
Error Message: Repository not found: chinilla/chinillaclvm_rs

Possible Reason:
  Verify the repository URL is correct and the repository still exists. It may have been deleted, made private, or renamed.

Suggested Solution:
  Verify the repository URL is correct and the repository still exists. It may have been deleted, made private, or renamed.

================================================================================

Error #20
--------------------------------------------------------------------------------
Timestamp: 2026-01-26T02:28:01.524957
Repository: https://github.com/chinilla/chinillaclvm_rs
Ecosystems: Crates, NPM, PyPI
Error Type: NOT_FOUND
Error Message: Repository not found: chinilla/chinillaclvm_rs

Possible Reason:
  Verify the repository URL is correct and the repository still exists. It may have been deleted, made private, or renamed.

Suggested Solution:
  Verify the repository URL is correct and the repository still exists. It may have been deleted, made private, or renamed.

================================================================================

Error #21
--------------------------------------------------------------------------------
Timestamp: 2026-01-26T02:28:01.743022
Repository: https://github.com/yourusername/your-repo
Ecosystems: Crates, NPM, PyPI
Error Type: NOT_FOUND
Error Message: Repository not found: yourusername/your-repo

Possible Reason:
  Verify the repository URL is correct and the repository still exists. It may have been deleted, made private, or renamed.

Suggested Solution:
  Verify the repository URL is correct and the repository still exists. It may have been deleted, made private, or renamed.

================================================================================

Error #22
--------------------------------------------------------------------------------
Timestamp: 2026-01-26T02:28:01.972519
Repository: https://github.com/yourusername/your-repo
Ecosystems: Crates, NPM, PyPI
Error Type: NOT_FOUND
Error Message: Repository not found: yourusername/your-repo

Possible Reason:
  Verify the repository URL is correct and the repository still exists. It may have been deleted, made private, or renamed.

Suggested Solution:
  Verify the repository URL is correct and the repository still exists. It may have been deleted, made private, or renamed.

================================================================================

Error #23
--------------------------------------------------------------------------------
Timestamp: 2026-01-26T02:28:02.202869
Repository: https://github.com/caolo-game/cao-lang
Ecosystems: Crates, NPM, PyPI
Error Type: NOT_FOUND
Error Message: Repository not found: caolo-game/cao-lang

Possible Reason:
  Verify the repository URL is correct and the repository still exists. It may have been deleted, made private, or renamed.

Suggested Solution:
  Verify the repository URL is correct and the repository still exists. It may have been deleted, made private, or renamed.

================================================================================

Error #24
--------------------------------------------------------------------------------
Timestamp: 2026-01-26T02:28:02.430365
Repository: https://github.com/caolo-game/cao-lang
Ecosystems: Crates, NPM, PyPI
Error Type: NOT_FOUND
Error Message: Repository not found: caolo-game/cao-lang

Possible Reason:
  Verify the repository URL is correct and the repository still exists. It may have been deleted, made private, or renamed.

Suggested Solution:
  Verify the repository URL is correct and the repository still exists. It may have been deleted, made private, or renamed.

================================================================================

Error #25
--------------------------------------------------------------------------------
Timestamp: 2026-01-26T02:28:02.689648
Repository: https://github.com/shenxiangzhuang/valdo
Ecosystems: Crates, NPM, PyPI
Error Type: NOT_FOUND
Error Message: Repository not found: shenxiangzhuang/valdo

Possible Reason:
  Verify the repository URL is correct and the repository still exists. It may have been deleted, made private, or renamed.

Suggested Solution:
  Verify the repository URL is correct and the repository still exists. It may have been deleted, made private, or renamed.

================================================================================

Error #26
--------------------------------------------------------------------------------
Timestamp: 2026-01-26T02:28:02.930708
Repository: https://github.com/shenxiangzhuang/valdo
Ecosystems: Crates, NPM, PyPI
Error Type: NOT_FOUND
Error Message: Repository not found: shenxiangzhuang/valdo

Possible Reason:
  Verify the repository URL is correct and the repository still exists. It may have been deleted, made private, or renamed.

Suggested Solution:
  Verify the repository URL is correct and the repository still exists. It may have been deleted, made private, or renamed.

================================================================================

Error #27
--------------------------------------------------------------------------------
Timestamp: 2026-01-26T02:28:03.163452
Repository: https://github.com/thirdkey/schemapin
Ecosystems: Crates, NPM, PyPI
Error Type: NOT_FOUND
Error Message: Repository not found: thirdkey/schemapin

Possible Reason:
  Verify the repository URL is correct and the repository still exists. It may have been deleted, made private, or renamed.

Suggested Solution:
  Verify the repository URL is correct and the repository still exists. It may have been deleted, made private, or renamed.

================================================================================

Error #28
--------------------------------------------------------------------------------
Timestamp: 2026-01-26T02:28:03.715773
Repository: https://github.com/thirdkey/schemapin
Ecosystems: Crates, NPM, PyPI
Error Type: NOT_FOUND
Error Message: Repository not found: thirdkey/schemapin

Possible Reason:
  Verify the repository URL is correct and the repository still exists. It may have been deleted, made private, or renamed.

Suggested Solution:
  Verify the repository URL is correct and the repository still exists. It may have been deleted, made private, or renamed.

================================================================================

Error #29
--------------------------------------------------------------------------------
Timestamp: 2026-01-26T02:28:03.965238
Repository: https://github.com/stateset/stateset-acp-handler
Ecosystems: Crates, NPM, PyPI
Error Type: NOT_FOUND
Error Message: Repository not found: stateset/stateset-acp-handler

Possible Reason:
  Verify the repository URL is correct and the repository still exists. It may have been deleted, made private, or renamed.

Suggested Solution:
  Verify the repository URL is correct and the repository still exists. It may have been deleted, made private, or renamed.

================================================================================

Error #30
--------------------------------------------------------------------------------
Timestamp: 2026-01-26T02:28:04.323740
Repository: https://github.com/stateset/stateset-acp-handler
Ecosystems: Crates, NPM, PyPI
Error Type: NOT_FOUND
Error Message: Repository not found: stateset/stateset-acp-handler

Possible Reason:
  Verify the repository URL is correct and the repository still exists. It may have been deleted, made private, or renamed.

Suggested Solution:
  Verify the repository URL is correct and the repository still exists. It may have been deleted, made private, or renamed.

================================================================================

Error #31
--------------------------------------------------------------------------------
Timestamp: 2026-01-26T02:28:04.556459
Repository: https://github.com/dylanljones/rbox
Ecosystems: Crates, NPM, PyPI
Error Type: NOT_FOUND
Error Message: Repository not found: dylanljones/rbox

Possible Reason:
  Verify the repository URL is correct and the repository still exists. It may have been deleted, made private, or renamed.

Suggested Solution:
  Verify the repository URL is correct and the repository still exists. It may have been deleted, made private, or renamed.

================================================================================

Error #32
--------------------------------------------------------------------------------
Timestamp: 2026-01-26T02:28:04.795391
Repository: https://github.com/dylanljones/rbox
Ecosystems: Crates, NPM, PyPI
Error Type: NOT_FOUND
Error Message: Repository not found: dylanljones/rbox

Possible Reason:
  Verify the repository URL is correct and the repository still exists. It may have been deleted, made private, or renamed.

Suggested Solution:
  Verify the repository URL is correct and the repository still exists. It may have been deleted, made private, or renamed.

================================================================================

Error #33
--------------------------------------------------------------------------------
Timestamp: 2026-01-26T02:28:05.075503
Repository: https://github.com/jayminwest/kota-db
Ecosystems: Crates, NPM, PyPI
Error Type: NOT_FOUND
Error Message: Repository not found: jayminwest/kota-db

Possible Reason:
  Verify the repository URL is correct and the repository still exists. It may have been deleted, made private, or renamed.

Suggested Solution:
  Verify the repository URL is correct and the repository still exists. It may have been deleted, made private, or renamed.

================================================================================

Error #34
--------------------------------------------------------------------------------
Timestamp: 2026-01-26T02:28:05.345781
Repository: https://github.com/jayminwest/kota-db
Ecosystems: Crates, NPM, PyPI
Error Type: NOT_FOUND
Error Message: Repository not found: jayminwest/kota-db

Possible Reason:
  Verify the repository URL is correct and the repository still exists. It may have been deleted, made private, or renamed.

Suggested Solution:
  Verify the repository URL is correct and the repository still exists. It may have been deleted, made private, or renamed.

================================================================================

Error #35
--------------------------------------------------------------------------------
Timestamp: 2026-01-26T02:28:05.868370
Repository: https://github.com/username/repo
Ecosystems: Crates, NPM, PyPI
Error Type: NOT_FOUND
Error Message: Repository not found: username/repo

Possible Reason:
  Verify the repository URL is correct and the repository still exists. It may have been deleted, made private, or renamed.

Suggested Solution:
  Verify the repository URL is correct and the repository still exists. It may have been deleted, made private, or renamed.

================================================================================

Error #36
--------------------------------------------------------------------------------
Timestamp: 2026-01-26T02:28:06.096338
Repository: https://github.com/username/repo
Ecosystems: Crates, NPM, PyPI
Error Type: NOT_FOUND
Error Message: Repository not found: username/repo

Possible Reason:
  Verify the repository URL is correct and the repository still exists. It may have been deleted, made private, or renamed.

Suggested Solution:
  Verify the repository URL is correct and the repository still exists. It may have been deleted, made private, or renamed.

================================================================================

Error #37
--------------------------------------------------------------------------------
Timestamp: 2026-01-26T02:28:06.624227
Repository: https://github.com/zengeld/zengeld-canvas
Ecosystems: Crates, NPM, PyPI
Error Type: NOT_FOUND
Error Message: Repository not found: zengeld/zengeld-canvas

Possible Reason:
  Verify the repository URL is correct and the repository still exists. It may have been deleted, made private, or renamed.

Suggested Solution:
  Verify the repository URL is correct and the repository still exists. It may have been deleted, made private, or renamed.

================================================================================

Error #38
--------------------------------------------------------------------------------
Timestamp: 2026-01-26T02:28:06.856487
Repository: https://github.com/zengeld/zengeld-canvas
Ecosystems: Crates, NPM, PyPI
Error Type: NOT_FOUND
Error Message: Repository not found: zengeld/zengeld-canvas

Possible Reason:
  Verify the repository URL is correct and the repository still exists. It may have been deleted, made private, or renamed.

Suggested Solution:
  Verify the repository URL is correct and the repository still exists. It may have been deleted, made private, or renamed.

================================================================================

