================================================================================
Error Log for Crates_Go_Ruby
================================================================================
Total Errors: 2
Generated: 2026-01-26 02:36:49
================================================================================

Error #1
--------------------------------------------------------------------------------
Timestamp: 2026-01-26T02:26:53.130484
Repository: https://github.com/easbarba/qas
Ecosystems: Crates, Go, Ruby
Error Type: NOT_FOUND
Error Message: Repository not found: easbarba/qas

Possible Reason:
  Verify the repository URL is correct and the repository still exists. It may have been deleted, made private, or renamed.

Suggested Solution:
  Verify the repository URL is correct and the repository still exists. It may have been deleted, made private, or renamed.

================================================================================

Error #2
--------------------------------------------------------------------------------
Timestamp: 2026-01-26T02:26:53.676818
Repository: https://github.com/easbarba/qas
Ecosystems: Crates, Go, Ruby
Error Type: NOT_FOUND
Error Message: Repository not found: easbarba/qas

Possible Reason:
  Verify the repository URL is correct and the repository still exists. It may have been deleted, made private, or renamed.

Suggested Solution:
  Verify the repository URL is correct and the repository still exists. It may have been deleted, made private, or renamed.

================================================================================

