================================================================================
Error Log for Crates_NPM_PyPI_Ruby
================================================================================
Total Errors: 6
Generated: 2026-01-26 02:36:49
================================================================================

Error #1
--------------------------------------------------------------------------------
Timestamp: 2026-01-26T02:28:07.068506
Repository: https://github.com/example/example
Ecosystems: Crates, NPM, PyPI, Ruby
Error Type: NOT_FOUND
Error Message: Repository not found: example/example

Possible Reason:
  Verify the repository URL is correct and the repository still exists. It may have been deleted, made private, or renamed.

Suggested Solution:
  Verify the repository URL is correct and the repository still exists. It may have been deleted, made private, or renamed.

================================================================================

Error #2
--------------------------------------------------------------------------------
Timestamp: 2026-01-26T02:28:07.291885
Repository: https://github.com/example/example
Ecosystems: Crates, NPM, PyPI, Ruby
Error Type: NOT_FOUND
Error Message: Repository not found: example/example

Possible Reason:
  Verify the repository URL is correct and the repository still exists. It may have been deleted, made private, or renamed.

Suggested Solution:
  Verify the repository URL is correct and the repository still exists. It may have been deleted, made private, or renamed.

================================================================================

Error #3
--------------------------------------------------------------------------------
Timestamp: 2026-01-26T02:28:07.514114
Repository: https://github.com/miscreant/keyuri
Ecosystems: Crates, NPM, PyPI, Ruby
Error Type: NOT_FOUND
Error Message: Repository not found: miscreant/keyuri

Possible Reason:
  Verify the repository URL is correct and the repository still exists. It may have been deleted, made private, or renamed.

Suggested Solution:
  Verify the repository URL is correct and the repository still exists. It may have been deleted, made private, or renamed.

================================================================================

Error #4
--------------------------------------------------------------------------------
Timestamp: 2026-01-26T02:28:07.731385
Repository: https://github.com/miscreant/keyuri
Ecosystems: Crates, NPM, PyPI, Ruby
Error Type: NOT_FOUND
Error Message: Repository not found: miscreant/keyuri

Possible Reason:
  Verify the repository URL is correct and the repository still exists. It may have been deleted, made private, or renamed.

Suggested Solution:
  Verify the repository URL is correct and the repository still exists. It may have been deleted, made private, or renamed.

================================================================================

Error #5
--------------------------------------------------------------------------------
Timestamp: 2026-01-26T02:28:08.008109
Repository: https://github.com/asimov-modules/asimov-nexus-module
Ecosystems: Crates, NPM, PyPI, Ruby
Error Type: NOT_FOUND
Error Message: Repository not found: asimov-modules/asimov-nexus-module

Possible Reason:
  Verify the repository URL is correct and the repository still exists. It may have been deleted, made private, or renamed.

Suggested Solution:
  Verify the repository URL is correct and the repository still exists. It may have been deleted, made private, or renamed.

================================================================================

Error #6
--------------------------------------------------------------------------------
Timestamp: 2026-01-26T02:28:08.263139
Repository: https://github.com/asimov-modules/asimov-nexus-module
Ecosystems: Crates, NPM, PyPI, Ruby
Error Type: NOT_FOUND
Error Message: Repository not found: asimov-modules/asimov-nexus-module

Possible Reason:
  Verify the repository URL is correct and the repository still exists. It may have been deleted, made private, or renamed.

Suggested Solution:
  Verify the repository URL is correct and the repository still exists. It may have been deleted, made private, or renamed.

================================================================================

