================================================================================
Error Log for Crates_PHP
================================================================================
Total Errors: 46
Generated: 2026-01-26 02:36:49
================================================================================

Error #1
--------------------------------------------------------------------------------
Timestamp: 2026-01-26T02:28:08.485815
Repository: https://github.com/qy-upup/ai-kissing
Ecosystems: Crates, PHP
Error Type: NOT_FOUND
Error Message: Repository not found: qy-upup/ai-kissing

Possible Reason:
  Verify the repository URL is correct and the repository still exists. It may have been deleted, made private, or renamed.

Suggested Solution:
  Verify the repository URL is correct and the repository still exists. It may have been deleted, made private, or renamed.

================================================================================

Error #2
--------------------------------------------------------------------------------
Timestamp: 2026-01-26T02:28:08.714552
Repository: https://github.com/qy-upup/ai-kissing
Ecosystems: Crates, PHP
Error Type: NOT_FOUND
Error Message: Repository not found: qy-upup/ai-kissing

Possible Reason:
  Verify the repository URL is correct and the repository still exists. It may have been deleted, made private, or renamed.

Suggested Solution:
  Verify the repository URL is correct and the repository still exists. It may have been deleted, made private, or renamed.

================================================================================

Error #3
--------------------------------------------------------------------------------
Timestamp: 2026-01-26T02:28:08.940764
Repository: https://github.com/qy-upup/first-last-frame
Ecosystems: Crates, PHP
Error Type: NOT_FOUND
Error Message: Repository not found: qy-upup/first-last-frame

Possible Reason:
  Verify the repository URL is correct and the repository still exists. It may have been deleted, made private, or renamed.

Suggested Solution:
  Verify the repository URL is correct and the repository still exists. It may have been deleted, made private, or renamed.

================================================================================

Error #4
--------------------------------------------------------------------------------
Timestamp: 2026-01-26T02:28:09.149975
Repository: https://github.com/qy-upup/first-last-frame
Ecosystems: Crates, PHP
Error Type: NOT_FOUND
Error Message: Repository not found: qy-upup/first-last-frame

Possible Reason:
  Verify the repository URL is correct and the repository still exists. It may have been deleted, made private, or renamed.

Suggested Solution:
  Verify the repository URL is correct and the repository still exists. It may have been deleted, made private, or renamed.

================================================================================

Error #5
--------------------------------------------------------------------------------
Timestamp: 2026-01-26T02:28:09.387804
Repository: https://github.com/qy-upup/copyright-free-songs
Ecosystems: Crates, PHP
Error Type: NOT_FOUND
Error Message: Repository not found: qy-upup/copyright-free-songs

Possible Reason:
  Verify the repository URL is correct and the repository still exists. It may have been deleted, made private, or renamed.

Suggested Solution:
  Verify the repository URL is correct and the repository still exists. It may have been deleted, made private, or renamed.

================================================================================

Error #6
--------------------------------------------------------------------------------
Timestamp: 2026-01-26T02:28:09.600091
Repository: https://github.com/qy-upup/copyright-free-songs
Ecosystems: Crates, PHP
Error Type: NOT_FOUND
Error Message: Repository not found: qy-upup/copyright-free-songs

Possible Reason:
  Verify the repository URL is correct and the repository still exists. It may have been deleted, made private, or renamed.

Suggested Solution:
  Verify the repository URL is correct and the repository still exists. It may have been deleted, made private, or renamed.

================================================================================

Error #7
--------------------------------------------------------------------------------
Timestamp: 2026-01-26T02:28:09.828793
Repository: https://github.com/qy-upup/sora-ai-video
Ecosystems: Crates, PHP
Error Type: NOT_FOUND
Error Message: Repository not found: qy-upup/sora-ai-video

Possible Reason:
  Verify the repository URL is correct and the repository still exists. It may have been deleted, made private, or renamed.

Suggested Solution:
  Verify the repository URL is correct and the repository still exists. It may have been deleted, made private, or renamed.

================================================================================

Error #8
--------------------------------------------------------------------------------
Timestamp: 2026-01-26T02:28:10.047878
Repository: https://github.com/qy-upup/sora-ai-video
Ecosystems: Crates, PHP
Error Type: NOT_FOUND
Error Message: Repository not found: qy-upup/sora-ai-video

Possible Reason:
  Verify the repository URL is correct and the repository still exists. It may have been deleted, made private, or renamed.

Suggested Solution:
  Verify the repository URL is correct and the repository still exists. It may have been deleted, made private, or renamed.

================================================================================

Error #9
--------------------------------------------------------------------------------
Timestamp: 2026-01-26T02:28:10.276948
Repository: https://github.com/qy-upup/chat-1
Ecosystems: Crates, PHP
Error Type: NOT_FOUND
Error Message: Repository not found: qy-upup/chat-1

Possible Reason:
  Verify the repository URL is correct and the repository still exists. It may have been deleted, made private, or renamed.

Suggested Solution:
  Verify the repository URL is correct and the repository still exists. It may have been deleted, made private, or renamed.

================================================================================

Error #10
--------------------------------------------------------------------------------
Timestamp: 2026-01-26T02:28:10.507589
Repository: https://github.com/qy-upup/chat-1
Ecosystems: Crates, PHP
Error Type: NOT_FOUND
Error Message: Repository not found: qy-upup/chat-1

Possible Reason:
  Verify the repository URL is correct and the repository still exists. It may have been deleted, made private, or renamed.

Suggested Solution:
  Verify the repository URL is correct and the repository still exists. It may have been deleted, made private, or renamed.

================================================================================

Error #11
--------------------------------------------------------------------------------
Timestamp: 2026-01-26T02:28:10.718929
Repository: https://github.com/qy-upup/seedance-ai-video
Ecosystems: Crates, PHP
Error Type: NOT_FOUND
Error Message: Repository not found: qy-upup/seedance-ai-video

Possible Reason:
  Verify the repository URL is correct and the repository still exists. It may have been deleted, made private, or renamed.

Suggested Solution:
  Verify the repository URL is correct and the repository still exists. It may have been deleted, made private, or renamed.

================================================================================

Error #12
--------------------------------------------------------------------------------
Timestamp: 2026-01-26T02:28:10.941792
Repository: https://github.com/qy-upup/seedance-ai-video
Ecosystems: Crates, PHP
Error Type: NOT_FOUND
Error Message: Repository not found: qy-upup/seedance-ai-video

Possible Reason:
  Verify the repository URL is correct and the repository still exists. It may have been deleted, made private, or renamed.

Suggested Solution:
  Verify the repository URL is correct and the repository still exists. It may have been deleted, made private, or renamed.

================================================================================

Error #13
--------------------------------------------------------------------------------
Timestamp: 2026-01-26T02:28:11.159428
Repository: https://github.com/qy-upup/sm-chat
Ecosystems: Crates, PHP
Error Type: NOT_FOUND
Error Message: Repository not found: qy-upup/sm-chat

Possible Reason:
  Verify the repository URL is correct and the repository still exists. It may have been deleted, made private, or renamed.

Suggested Solution:
  Verify the repository URL is correct and the repository still exists. It may have been deleted, made private, or renamed.

================================================================================

Error #14
--------------------------------------------------------------------------------
Timestamp: 2026-01-26T02:28:11.368482
Repository: https://github.com/qy-upup/sm-chat
Ecosystems: Crates, PHP
Error Type: NOT_FOUND
Error Message: Repository not found: qy-upup/sm-chat

Possible Reason:
  Verify the repository URL is correct and the repository still exists. It may have been deleted, made private, or renamed.

Suggested Solution:
  Verify the repository URL is correct and the repository still exists. It may have been deleted, made private, or renamed.

================================================================================

Error #15
--------------------------------------------------------------------------------
Timestamp: 2026-01-26T02:28:11.595767
Repository: https://github.com/qy-upup/veo
Ecosystems: Crates, PHP
Error Type: NOT_FOUND
Error Message: Repository not found: qy-upup/veo

Possible Reason:
  Verify the repository URL is correct and the repository still exists. It may have been deleted, made private, or renamed.

Suggested Solution:
  Verify the repository URL is correct and the repository still exists. It may have been deleted, made private, or renamed.

================================================================================

Error #16
--------------------------------------------------------------------------------
Timestamp: 2026-01-26T02:28:11.816789
Repository: https://github.com/qy-upup/veo
Ecosystems: Crates, PHP
Error Type: NOT_FOUND
Error Message: Repository not found: qy-upup/veo

Possible Reason:
  Verify the repository URL is correct and the repository still exists. It may have been deleted, made private, or renamed.

Suggested Solution:
  Verify the repository URL is correct and the repository still exists. It may have been deleted, made private, or renamed.

================================================================================

Error #17
--------------------------------------------------------------------------------
Timestamp: 2026-01-26T02:28:12.042387
Repository: https://github.com/qy-upup/nano-banana-2
Ecosystems: Crates, PHP
Error Type: NOT_FOUND
Error Message: Repository not found: qy-upup/nano-banana-2

Possible Reason:
  Verify the repository URL is correct and the repository still exists. It may have been deleted, made private, or renamed.

Suggested Solution:
  Verify the repository URL is correct and the repository still exists. It may have been deleted, made private, or renamed.

================================================================================

Error #18
--------------------------------------------------------------------------------
Timestamp: 2026-01-26T02:28:12.264902
Repository: https://github.com/qy-upup/nano-banana-2
Ecosystems: Crates, PHP
Error Type: NOT_FOUND
Error Message: Repository not found: qy-upup/nano-banana-2

Possible Reason:
  Verify the repository URL is correct and the repository still exists. It may have been deleted, made private, or renamed.

Suggested Solution:
  Verify the repository URL is correct and the repository still exists. It may have been deleted, made private, or renamed.

================================================================================

Error #19
--------------------------------------------------------------------------------
Timestamp: 2026-01-26T02:28:12.501185
Repository: https://github.com/qy-upup/ai-soulmate-drawing-generator
Ecosystems: Crates, PHP
Error Type: NOT_FOUND
Error Message: Repository not found: qy-upup/ai-soulmate-drawing-generator

Possible Reason:
  Verify the repository URL is correct and the repository still exists. It may have been deleted, made private, or renamed.

Suggested Solution:
  Verify the repository URL is correct and the repository still exists. It may have been deleted, made private, or renamed.

================================================================================

Error #20
--------------------------------------------------------------------------------
Timestamp: 2026-01-26T02:28:12.719337
Repository: https://github.com/qy-upup/ai-soulmate-drawing-generator
Ecosystems: Crates, PHP
Error Type: NOT_FOUND
Error Message: Repository not found: qy-upup/ai-soulmate-drawing-generator

Possible Reason:
  Verify the repository URL is correct and the repository still exists. It may have been deleted, made private, or renamed.

Suggested Solution:
  Verify the repository URL is correct and the repository still exists. It may have been deleted, made private, or renamed.

================================================================================

Error #21
--------------------------------------------------------------------------------
Timestamp: 2026-01-26T02:28:12.938287
Repository: https://github.com/qy-upup/ai-twerk-video-generator
Ecosystems: Crates, PHP
Error Type: NOT_FOUND
Error Message: Repository not found: qy-upup/ai-twerk-video-generator

Possible Reason:
  Verify the repository URL is correct and the repository still exists. It may have been deleted, made private, or renamed.

Suggested Solution:
  Verify the repository URL is correct and the repository still exists. It may have been deleted, made private, or renamed.

================================================================================

Error #22
--------------------------------------------------------------------------------
Timestamp: 2026-01-26T02:28:13.512571
Repository: https://github.com/qy-upup/ai-twerk-video-generator
Ecosystems: Crates, PHP
Error Type: NOT_FOUND
Error Message: Repository not found: qy-upup/ai-twerk-video-generator

Possible Reason:
  Verify the repository URL is correct and the repository still exists. It may have been deleted, made private, or renamed.

Suggested Solution:
  Verify the repository URL is correct and the repository still exists. It may have been deleted, made private, or renamed.

================================================================================

Error #23
--------------------------------------------------------------------------------
Timestamp: 2026-01-26T02:28:13.757898
Repository: https://github.com/qy-upup/nano-banana-1
Ecosystems: Crates, PHP
Error Type: NOT_FOUND
Error Message: Repository not found: qy-upup/nano-banana-1

Possible Reason:
  Verify the repository URL is correct and the repository still exists. It may have been deleted, made private, or renamed.

Suggested Solution:
  Verify the repository URL is correct and the repository still exists. It may have been deleted, made private, or renamed.

================================================================================

Error #24
--------------------------------------------------------------------------------
Timestamp: 2026-01-26T02:28:13.993806
Repository: https://github.com/qy-upup/nano-banana-1
Ecosystems: Crates, PHP
Error Type: NOT_FOUND
Error Message: Repository not found: qy-upup/nano-banana-1

Possible Reason:
  Verify the repository URL is correct and the repository still exists. It may have been deleted, made private, or renamed.

Suggested Solution:
  Verify the repository URL is correct and the repository still exists. It may have been deleted, made private, or renamed.

================================================================================

Error #25
--------------------------------------------------------------------------------
Timestamp: 2026-01-26T02:28:14.209036
Repository: https://github.com/qy-upup/ai-minecraft-image
Ecosystems: Crates, PHP
Error Type: NOT_FOUND
Error Message: Repository not found: qy-upup/ai-minecraft-image

Possible Reason:
  Verify the repository URL is correct and the repository still exists. It may have been deleted, made private, or renamed.

Suggested Solution:
  Verify the repository URL is correct and the repository still exists. It may have been deleted, made private, or renamed.

================================================================================

Error #26
--------------------------------------------------------------------------------
Timestamp: 2026-01-26T02:28:14.431067
Repository: https://github.com/qy-upup/ai-minecraft-image
Ecosystems: Crates, PHP
Error Type: NOT_FOUND
Error Message: Repository not found: qy-upup/ai-minecraft-image

Possible Reason:
  Verify the repository URL is correct and the repository still exists. It may have been deleted, made private, or renamed.

Suggested Solution:
  Verify the repository URL is correct and the repository still exists. It may have been deleted, made private, or renamed.

================================================================================

Error #27
--------------------------------------------------------------------------------
Timestamp: 2026-01-26T02:28:14.658493
Repository: https://github.com/qy-upup/ai-soulmate-sketch-filter
Ecosystems: Crates, PHP
Error Type: NOT_FOUND
Error Message: Repository not found: qy-upup/ai-soulmate-sketch-filter

Possible Reason:
  Verify the repository URL is correct and the repository still exists. It may have been deleted, made private, or renamed.

Suggested Solution:
  Verify the repository URL is correct and the repository still exists. It may have been deleted, made private, or renamed.

================================================================================

Error #28
--------------------------------------------------------------------------------
Timestamp: 2026-01-26T02:28:14.886687
Repository: https://github.com/qy-upup/ai-soulmate-sketch-filter
Ecosystems: Crates, PHP
Error Type: NOT_FOUND
Error Message: Repository not found: qy-upup/ai-soulmate-sketch-filter

Possible Reason:
  Verify the repository URL is correct and the repository still exists. It may have been deleted, made private, or renamed.

Suggested Solution:
  Verify the repository URL is correct and the repository still exists. It may have been deleted, made private, or renamed.

================================================================================

Error #29
--------------------------------------------------------------------------------
Timestamp: 2026-01-26T02:28:15.114878
Repository: https://github.com/qy-upup/ai-baby-generator
Ecosystems: Crates, PHP
Error Type: NOT_FOUND
Error Message: Repository not found: qy-upup/ai-baby-generator

Possible Reason:
  Verify the repository URL is correct and the repository still exists. It may have been deleted, made private, or renamed.

Suggested Solution:
  Verify the repository URL is correct and the repository still exists. It may have been deleted, made private, or renamed.

================================================================================

Error #30
--------------------------------------------------------------------------------
Timestamp: 2026-01-26T02:28:15.348173
Repository: https://github.com/qy-upup/ai-baby-generator
Ecosystems: Crates, PHP
Error Type: NOT_FOUND
Error Message: Repository not found: qy-upup/ai-baby-generator

Possible Reason:
  Verify the repository URL is correct and the repository still exists. It may have been deleted, made private, or renamed.

Suggested Solution:
  Verify the repository URL is correct and the repository still exists. It may have been deleted, made private, or renamed.

================================================================================

Error #31
--------------------------------------------------------------------------------
Timestamp: 2026-01-26T02:28:15.581357
Repository: https://github.com/qy-upup/bigfoot-video-generator
Ecosystems: Crates, PHP
Error Type: NOT_FOUND
Error Message: Repository not found: qy-upup/bigfoot-video-generator

Possible Reason:
  Verify the repository URL is correct and the repository still exists. It may have been deleted, made private, or renamed.

Suggested Solution:
  Verify the repository URL is correct and the repository still exists. It may have been deleted, made private, or renamed.

================================================================================

Error #32
--------------------------------------------------------------------------------
Timestamp: 2026-01-26T02:28:16.135337
Repository: https://github.com/qy-upup/bigfoot-video-generator
Ecosystems: Crates, PHP
Error Type: NOT_FOUND
Error Message: Repository not found: qy-upup/bigfoot-video-generator

Possible Reason:
  Verify the repository URL is correct and the repository still exists. It may have been deleted, made private, or renamed.

Suggested Solution:
  Verify the repository URL is correct and the repository still exists. It may have been deleted, made private, or renamed.

================================================================================

Error #33
--------------------------------------------------------------------------------
Timestamp: 2026-01-26T02:28:16.355962
Repository: https://github.com/qy-upup/ai-make-music
Ecosystems: Crates, PHP
Error Type: NOT_FOUND
Error Message: Repository not found: qy-upup/ai-make-music

Possible Reason:
  Verify the repository URL is correct and the repository still exists. It may have been deleted, made private, or renamed.

Suggested Solution:
  Verify the repository URL is correct and the repository still exists. It may have been deleted, made private, or renamed.

================================================================================

Error #34
--------------------------------------------------------------------------------
Timestamp: 2026-01-26T02:28:16.572858
Repository: https://github.com/qy-upup/ai-make-music
Ecosystems: Crates, PHP
Error Type: NOT_FOUND
Error Message: Repository not found: qy-upup/ai-make-music

Possible Reason:
  Verify the repository URL is correct and the repository still exists. It may have been deleted, made private, or renamed.

Suggested Solution:
  Verify the repository URL is correct and the repository still exists. It may have been deleted, made private, or renamed.

================================================================================

Error #35
--------------------------------------------------------------------------------
Timestamp: 2026-01-26T02:28:16.796660
Repository: https://github.com/qy-upup/makeshot.ai
Ecosystems: Crates, PHP
Error Type: NOT_FOUND
Error Message: Repository not found: qy-upup/makeshot.ai

Possible Reason:
  Verify the repository URL is correct and the repository still exists. It may have been deleted, made private, or renamed.

Suggested Solution:
  Verify the repository URL is correct and the repository still exists. It may have been deleted, made private, or renamed.

================================================================================

Error #36
--------------------------------------------------------------------------------
Timestamp: 2026-01-26T02:28:17.021652
Repository: https://github.com/qy-upup/makeshot.ai
Ecosystems: Crates, PHP
Error Type: NOT_FOUND
Error Message: Repository not found: qy-upup/makeshot.ai

Possible Reason:
  Verify the repository URL is correct and the repository still exists. It may have been deleted, made private, or renamed.

Suggested Solution:
  Verify the repository URL is correct and the repository still exists. It may have been deleted, made private, or renamed.

================================================================================

Error #37
--------------------------------------------------------------------------------
Timestamp: 2026-01-26T02:28:17.241750
Repository: https://github.com/qy-upup/banana-prompts
Ecosystems: Crates, PHP
Error Type: NOT_FOUND
Error Message: Repository not found: qy-upup/banana-prompts

Possible Reason:
  Verify the repository URL is correct and the repository still exists. It may have been deleted, made private, or renamed.

Suggested Solution:
  Verify the repository URL is correct and the repository still exists. It may have been deleted, made private, or renamed.

================================================================================

Error #38
--------------------------------------------------------------------------------
Timestamp: 2026-01-26T02:28:17.465321
Repository: https://github.com/qy-upup/banana-prompts
Ecosystems: Crates, PHP
Error Type: NOT_FOUND
Error Message: Repository not found: qy-upup/banana-prompts

Possible Reason:
  Verify the repository URL is correct and the repository still exists. It may have been deleted, made private, or renamed.

Suggested Solution:
  Verify the repository URL is correct and the repository still exists. It may have been deleted, made private, or renamed.

================================================================================

Error #39
--------------------------------------------------------------------------------
Timestamp: 2026-01-26T02:28:18.045430
Repository: https://github.com/qy-upup/diffrhythm.ai
Ecosystems: Crates, PHP
Error Type: NOT_FOUND
Error Message: Repository not found: qy-upup/diffrhythm.ai

Possible Reason:
  Verify the repository URL is correct and the repository still exists. It may have been deleted, made private, or renamed.

Suggested Solution:
  Verify the repository URL is correct and the repository still exists. It may have been deleted, made private, or renamed.

================================================================================

Error #40
--------------------------------------------------------------------------------
Timestamp: 2026-01-26T02:28:18.261750
Repository: https://github.com/qy-upup/diffrhythm.ai
Ecosystems: Crates, PHP
Error Type: NOT_FOUND
Error Message: Repository not found: qy-upup/diffrhythm.ai

Possible Reason:
  Verify the repository URL is correct and the repository still exists. It may have been deleted, made private, or renamed.

Suggested Solution:
  Verify the repository URL is correct and the repository still exists. It may have been deleted, made private, or renamed.

================================================================================

Error #41
--------------------------------------------------------------------------------
Timestamp: 2026-01-26T02:28:18.479537
Repository: https://github.com/qy-upup/bananaproai-com
Ecosystems: Crates, PHP
Error Type: NOT_FOUND
Error Message: Repository not found: qy-upup/bananaproai-com

Possible Reason:
  Verify the repository URL is correct and the repository still exists. It may have been deleted, made private, or renamed.

Suggested Solution:
  Verify the repository URL is correct and the repository still exists. It may have been deleted, made private, or renamed.

================================================================================

Error #42
--------------------------------------------------------------------------------
Timestamp: 2026-01-26T02:28:18.711575
Repository: https://github.com/qy-upup/bananaproai-com
Ecosystems: Crates, PHP
Error Type: NOT_FOUND
Error Message: Repository not found: qy-upup/bananaproai-com

Possible Reason:
  Verify the repository URL is correct and the repository still exists. It may have been deleted, made private, or renamed.

Suggested Solution:
  Verify the repository URL is correct and the repository still exists. It may have been deleted, made private, or renamed.

================================================================================

Error #43
--------------------------------------------------------------------------------
Timestamp: 2026-01-26T02:28:18.940623
Repository: https://github.com/qy-upup/tomusic.ai-1
Ecosystems: Crates, PHP
Error Type: NOT_FOUND
Error Message: Repository not found: qy-upup/tomusic.ai-1

Possible Reason:
  Verify the repository URL is correct and the repository still exists. It may have been deleted, made private, or renamed.

Suggested Solution:
  Verify the repository URL is correct and the repository still exists. It may have been deleted, made private, or renamed.

================================================================================

Error #44
--------------------------------------------------------------------------------
Timestamp: 2026-01-26T02:28:19.156272
Repository: https://github.com/qy-upup/tomusic.ai-1
Ecosystems: Crates, PHP
Error Type: NOT_FOUND
Error Message: Repository not found: qy-upup/tomusic.ai-1

Possible Reason:
  Verify the repository URL is correct and the repository still exists. It may have been deleted, made private, or renamed.

Suggested Solution:
  Verify the repository URL is correct and the repository still exists. It may have been deleted, made private, or renamed.

================================================================================

Error #45
--------------------------------------------------------------------------------
Timestamp: 2026-01-26T02:28:19.407581
Repository: https://github.com/qy-upup/sotavideo.ai
Ecosystems: Crates, PHP
Error Type: NOT_FOUND
Error Message: Repository not found: qy-upup/sotavideo.ai

Possible Reason:
  Verify the repository URL is correct and the repository still exists. It may have been deleted, made private, or renamed.

Suggested Solution:
  Verify the repository URL is correct and the repository still exists. It may have been deleted, made private, or renamed.

================================================================================

Error #46
--------------------------------------------------------------------------------
Timestamp: 2026-01-26T02:28:19.633505
Repository: https://github.com/qy-upup/sotavideo.ai
Ecosystems: Crates, PHP
Error Type: NOT_FOUND
Error Message: Repository not found: qy-upup/sotavideo.ai

Possible Reason:
  Verify the repository URL is correct and the repository still exists. It may have been deleted, made private, or renamed.

Suggested Solution:
  Verify the repository URL is correct and the repository still exists. It may have been deleted, made private, or renamed.

================================================================================

