================================================================================
Error Log for Crates_Go_PHP
================================================================================
Total Errors: 8
Generated: 2026-01-26 02:36:49
================================================================================

Error #1
--------------------------------------------------------------------------------
Timestamp: 2026-01-26T02:26:51.023629
Repository: https://github.com/qy-upup/ai-minecraft-skin
Ecosystems: Crates, Go, PHP
Error Type: NOT_FOUND
Error Message: Repository not found: qy-upup/ai-minecraft-skin

Possible Reason:
  Verify the repository URL is correct and the repository still exists. It may have been deleted, made private, or renamed.

Suggested Solution:
  Verify the repository URL is correct and the repository still exists. It may have been deleted, made private, or renamed.

================================================================================

Error #2
--------------------------------------------------------------------------------
Timestamp: 2026-01-26T02:26:51.242258
Repository: https://github.com/qy-upup/ai-minecraft-skin
Ecosystems: Crates, Go, PHP
Error Type: NOT_FOUND
Error Message: Repository not found: qy-upup/ai-minecraft-skin

Possible Reason:
  Verify the repository URL is correct and the repository still exists. It may have been deleted, made private, or renamed.

Suggested Solution:
  Verify the repository URL is correct and the repository still exists. It may have been deleted, made private, or renamed.

================================================================================

Error #3
--------------------------------------------------------------------------------
Timestamp: 2026-01-26T02:26:51.461550
Repository: https://github.com/qy-upup/sm-ai-pose-generator
Ecosystems: Crates, Go, PHP
Error Type: NOT_FOUND
Error Message: Repository not found: qy-upup/sm-ai-pose-generator

Possible Reason:
  Verify the repository URL is correct and the repository still exists. It may have been deleted, made private, or renamed.

Suggested Solution:
  Verify the repository URL is correct and the repository still exists. It may have been deleted, made private, or renamed.

================================================================================

Error #4
--------------------------------------------------------------------------------
Timestamp: 2026-01-26T02:26:51.678157
Repository: https://github.com/qy-upup/sm-ai-pose-generator
Ecosystems: Crates, Go, PHP
Error Type: NOT_FOUND
Error Message: Repository not found: qy-upup/sm-ai-pose-generator

Possible Reason:
  Verify the repository URL is correct and the repository still exists. It may have been deleted, made private, or renamed.

Suggested Solution:
  Verify the repository URL is correct and the repository still exists. It may have been deleted, made private, or renamed.

================================================================================

Error #5
--------------------------------------------------------------------------------
Timestamp: 2026-01-26T02:26:51.900237
Repository: https://github.com/qy-upup/supermaker-ai-image-master
Ecosystems: Crates, Go, PHP
Error Type: NOT_FOUND
Error Message: Repository not found: qy-upup/supermaker-ai-image-master

Possible Reason:
  Verify the repository URL is correct and the repository still exists. It may have been deleted, made private, or renamed.

Suggested Solution:
  Verify the repository URL is correct and the repository still exists. It may have been deleted, made private, or renamed.

================================================================================

Error #6
--------------------------------------------------------------------------------
Timestamp: 2026-01-26T02:26:52.122428
Repository: https://github.com/qy-upup/supermaker-ai-image-master
Ecosystems: Crates, Go, PHP
Error Type: NOT_FOUND
Error Message: Repository not found: qy-upup/supermaker-ai-image-master

Possible Reason:
  Verify the repository URL is correct and the repository still exists. It may have been deleted, made private, or renamed.

Suggested Solution:
  Verify the repository URL is correct and the repository still exists. It may have been deleted, made private, or renamed.

================================================================================

Error #7
--------------------------------------------------------------------------------
Timestamp: 2026-01-26T02:26:52.337772
Repository: https://github.com/qy-upup/supermaker-ai-video-downloader
Ecosystems: Crates, Go, PHP
Error Type: NOT_FOUND
Error Message: Repository not found: qy-upup/supermaker-ai-video-downloader

Possible Reason:
  Verify the repository URL is correct and the repository still exists. It may have been deleted, made private, or renamed.

Suggested Solution:
  Verify the repository URL is correct and the repository still exists. It may have been deleted, made private, or renamed.

================================================================================

Error #8
--------------------------------------------------------------------------------
Timestamp: 2026-01-26T02:26:52.574274
Repository: https://github.com/qy-upup/supermaker-ai-video-downloader
Ecosystems: Crates, Go, PHP
Error Type: NOT_FOUND
Error Message: Repository not found: qy-upup/supermaker-ai-video-downloader

Possible Reason:
  Verify the repository URL is correct and the repository still exists. It may have been deleted, made private, or renamed.

Suggested Solution:
  Verify the repository URL is correct and the repository still exists. It may have been deleted, made private, or renamed.

================================================================================

