================================================================================
Error Log for Crates_Ruby
================================================================================
Total Errors: 8
Generated: 2026-01-26 02:36:49
================================================================================

Error #1
--------------------------------------------------------------------------------
Timestamp: 2026-01-26T02:28:44.196882
Repository: https://github.com/neonlaw/codebase
Ecosystems: Crates, Ruby
Error Type: NOT_FOUND
Error Message: Repository not found: neonlaw/codebase

Possible Reason:
  Verify the repository URL is correct and the repository still exists. It may have been deleted, made private, or renamed.

Suggested Solution:
  Verify the repository URL is correct and the repository still exists. It may have been deleted, made private, or renamed.

================================================================================

Error #2
--------------------------------------------------------------------------------
Timestamp: 2026-01-26T02:28:44.569095
Repository: https://github.com/neonlaw/codebase
Ecosystems: Crates, Ruby
Error Type: NOT_FOUND
Error Message: Repository not found: neonlaw/codebase

Possible Reason:
  Verify the repository URL is correct and the repository still exists. It may have been deleted, made private, or renamed.

Suggested Solution:
  Verify the repository URL is correct and the repository still exists. It may have been deleted, made private, or renamed.

================================================================================

Error #3
--------------------------------------------------------------------------------
Timestamp: 2026-01-26T02:28:44.818865
Repository: https://github.com/jmse-json/jmse
Ecosystems: Crates, Ruby
Error Type: NOT_FOUND
Error Message: Repository not found: jmse-json/jmse

Possible Reason:
  Verify the repository URL is correct and the repository still exists. It may have been deleted, made private, or renamed.

Suggested Solution:
  Verify the repository URL is correct and the repository still exists. It may have been deleted, made private, or renamed.

================================================================================

Error #4
--------------------------------------------------------------------------------
Timestamp: 2026-01-26T02:28:45.047524
Repository: https://github.com/jmse-json/jmse
Ecosystems: Crates, Ruby
Error Type: NOT_FOUND
Error Message: Repository not found: jmse-json/jmse

Possible Reason:
  Verify the repository URL is correct and the repository still exists. It may have been deleted, made private, or renamed.

Suggested Solution:
  Verify the repository URL is correct and the repository still exists. It may have been deleted, made private, or renamed.

================================================================================

Error #5
--------------------------------------------------------------------------------
Timestamp: 2026-01-26T02:28:45.274861
Repository: https://github.com/seuros/mothership
Ecosystems: Crates, Ruby
Error Type: NOT_FOUND
Error Message: Repository not found: seuros/mothership

Possible Reason:
  Verify the repository URL is correct and the repository still exists. It may have been deleted, made private, or renamed.

Suggested Solution:
  Verify the repository URL is correct and the repository still exists. It may have been deleted, made private, or renamed.

================================================================================

Error #6
--------------------------------------------------------------------------------
Timestamp: 2026-01-26T02:28:45.488508
Repository: https://github.com/seuros/mothership
Ecosystems: Crates, Ruby
Error Type: NOT_FOUND
Error Message: Repository not found: seuros/mothership

Possible Reason:
  Verify the repository URL is correct and the repository still exists. It may have been deleted, made private, or renamed.

Suggested Solution:
  Verify the repository URL is correct and the repository still exists. It may have been deleted, made private, or renamed.

================================================================================

Error #7
--------------------------------------------------------------------------------
Timestamp: 2026-01-26T02:28:45.738330
Repository: https://github.com/seuros/warpdrive
Ecosystems: Crates, Ruby
Error Type: NOT_FOUND
Error Message: Repository not found: seuros/warpdrive

Possible Reason:
  Verify the repository URL is correct and the repository still exists. It may have been deleted, made private, or renamed.

Suggested Solution:
  Verify the repository URL is correct and the repository still exists. It may have been deleted, made private, or renamed.

================================================================================

Error #8
--------------------------------------------------------------------------------
Timestamp: 2026-01-26T02:28:45.991989
Repository: https://github.com/seuros/warpdrive
Ecosystems: Crates, Ruby
Error Type: NOT_FOUND
Error Message: Repository not found: seuros/warpdrive

Possible Reason:
  Verify the repository URL is correct and the repository still exists. It may have been deleted, made private, or renamed.

Suggested Solution:
  Verify the repository URL is correct and the repository still exists. It may have been deleted, made private, or renamed.

================================================================================

