================================================================================
Error Log for Go_Maven_NPM_Ruby
================================================================================
Total Errors: 2
Generated: 2026-01-26 02:36:49
================================================================================

Error #1
--------------------------------------------------------------------------------
Timestamp: 2026-01-26T02:28:55.280335
Repository: https://github.com/vertexcache/vertexcache
Ecosystems: Go, Maven, NPM, Ruby
Error Type: NOT_FOUND
Error Message: Repository not found: vertexcache/vertexcache

Possible Reason:
  Verify the repository URL is correct and the repository still exists. It may have been deleted, made private, or renamed.

Suggested Solution:
  Verify the repository URL is correct and the repository still exists. It may have been deleted, made private, or renamed.

================================================================================

Error #2
--------------------------------------------------------------------------------
Timestamp: 2026-01-26T02:28:55.564040
Repository: https://github.com/vertexcache/vertexcache
Ecosystems: Go, Maven, NPM, Ruby
Error Type: NOT_FOUND
Error Message: Repository not found: vertexcache/vertexcache

Possible Reason:
  Verify the repository URL is correct and the repository still exists. It may have been deleted, made private, or renamed.

Suggested Solution:
  Verify the repository URL is correct and the repository still exists. It may have been deleted, made private, or renamed.

================================================================================

