================================================================================
Error Log for Go_Maven
================================================================================
Total Errors: 24
Generated: 2026-01-26 02:36:49
================================================================================

Error #1
--------------------------------------------------------------------------------
Timestamp: 2026-01-26T02:28:46.250205
Repository: https://github.com/streamnative/pulsar
Ecosystems: Go, Maven
Error Type: NOT_FOUND
Error Message: Repository not found: streamnative/pulsar

Possible Reason:
  Verify the repository URL is correct and the repository still exists. It may have been deleted, made private, or renamed.

Suggested Solution:
  Verify the repository URL is correct and the repository still exists. It may have been deleted, made private, or renamed.

================================================================================

Error #2
--------------------------------------------------------------------------------
Timestamp: 2026-01-26T02:28:46.495139
Repository: https://github.com/streamnative/pulsar
Ecosystems: Go, Maven
Error Type: NOT_FOUND
Error Message: Repository not found: streamnative/pulsar

Possible Reason:
  Verify the repository URL is correct and the repository still exists. It may have been deleted, made private, or renamed.

Suggested Solution:
  Verify the repository URL is correct and the repository still exists. It may have been deleted, made private, or renamed.

================================================================================

Error #3
--------------------------------------------------------------------------------
Timestamp: 2026-01-26T02:28:46.716487
Repository: https://github.com/beingcoder/openapi-generator
Ecosystems: Go, Maven
Error Type: NOT_FOUND
Error Message: Repository not found: beingcoder/openapi-generator

Possible Reason:
  Verify the repository URL is correct and the repository still exists. It may have been deleted, made private, or renamed.

Suggested Solution:
  Verify the repository URL is correct and the repository still exists. It may have been deleted, made private, or renamed.

================================================================================

Error #4
--------------------------------------------------------------------------------
Timestamp: 2026-01-26T02:28:46.942718
Repository: https://github.com/beingcoder/openapi-generator
Ecosystems: Go, Maven
Error Type: NOT_FOUND
Error Message: Repository not found: beingcoder/openapi-generator

Possible Reason:
  Verify the repository URL is correct and the repository still exists. It may have been deleted, made private, or renamed.

Suggested Solution:
  Verify the repository URL is correct and the repository still exists. It may have been deleted, made private, or renamed.

================================================================================

Error #5
--------------------------------------------------------------------------------
Timestamp: 2026-01-26T02:28:47.173577
Repository: https://github.com/salesforce/argus
Ecosystems: Go, Maven
Error Type: NOT_FOUND
Error Message: Repository not found: salesforce/argus

Possible Reason:
  Verify the repository URL is correct and the repository still exists. It may have been deleted, made private, or renamed.

Suggested Solution:
  Verify the repository URL is correct and the repository still exists. It may have been deleted, made private, or renamed.

================================================================================

Error #6
--------------------------------------------------------------------------------
Timestamp: 2026-01-26T02:28:47.400008
Repository: https://github.com/salesforce/argus
Ecosystems: Go, Maven
Error Type: NOT_FOUND
Error Message: Repository not found: salesforce/argus

Possible Reason:
  Verify the repository URL is correct and the repository still exists. It may have been deleted, made private, or renamed.

Suggested Solution:
  Verify the repository URL is correct and the repository still exists. It may have been deleted, made private, or renamed.

================================================================================

Error #7
--------------------------------------------------------------------------------
Timestamp: 2026-01-26T02:28:47.632389
Repository: https://github.com/scalamath/vecmatlib
Ecosystems: Go, Maven
Error Type: NOT_FOUND
Error Message: Repository not found: scalamath/vecmatlib

Possible Reason:
  Verify the repository URL is correct and the repository still exists. It may have been deleted, made private, or renamed.

Suggested Solution:
  Verify the repository URL is correct and the repository still exists. It may have been deleted, made private, or renamed.

================================================================================

Error #8
--------------------------------------------------------------------------------
Timestamp: 2026-01-26T02:28:47.853110
Repository: https://github.com/scalamath/vecmatlib
Ecosystems: Go, Maven
Error Type: NOT_FOUND
Error Message: Repository not found: scalamath/vecmatlib

Possible Reason:
  Verify the repository URL is correct and the repository still exists. It may have been deleted, made private, or renamed.

Suggested Solution:
  Verify the repository URL is correct and the repository still exists. It may have been deleted, made private, or renamed.

================================================================================

Error #9
--------------------------------------------------------------------------------
Timestamp: 2026-01-26T02:28:48.095471
Repository: https://github.com/groupon/jesos
Ecosystems: Go, Maven
Error Type: NOT_FOUND
Error Message: Repository not found: groupon/jesos

Possible Reason:
  Verify the repository URL is correct and the repository still exists. It may have been deleted, made private, or renamed.

Suggested Solution:
  Verify the repository URL is correct and the repository still exists. It may have been deleted, made private, or renamed.

================================================================================

Error #10
--------------------------------------------------------------------------------
Timestamp: 2026-01-26T02:28:48.354887
Repository: https://github.com/groupon/jesos
Ecosystems: Go, Maven
Error Type: NOT_FOUND
Error Message: Repository not found: groupon/jesos

Possible Reason:
  Verify the repository URL is correct and the repository still exists. It may have been deleted, made private, or renamed.

Suggested Solution:
  Verify the repository URL is correct and the repository still exists. It may have been deleted, made private, or renamed.

================================================================================

Error #11
--------------------------------------------------------------------------------
Timestamp: 2026-01-26T02:28:48.595755
Repository: https://github.com/d-tarasov/android-intents
Ecosystems: Go, Maven
Error Type: NOT_FOUND
Error Message: Repository not found: d-tarasov/android-intents

Possible Reason:
  Verify the repository URL is correct and the repository still exists. It may have been deleted, made private, or renamed.

Suggested Solution:
  Verify the repository URL is correct and the repository still exists. It may have been deleted, made private, or renamed.

================================================================================

Error #12
--------------------------------------------------------------------------------
Timestamp: 2026-01-26T02:28:48.811807
Repository: https://github.com/d-tarasov/android-intents
Ecosystems: Go, Maven
Error Type: NOT_FOUND
Error Message: Repository not found: d-tarasov/android-intents

Possible Reason:
  Verify the repository URL is correct and the repository still exists. It may have been deleted, made private, or renamed.

Suggested Solution:
  Verify the repository URL is correct and the repository still exists. It may have been deleted, made private, or renamed.

================================================================================

Error #13
--------------------------------------------------------------------------------
Timestamp: 2026-01-26T02:28:49.377054
Repository: https://github.com/blazecss/blaze
Ecosystems: Go, Maven
Error Type: TREE_ERROR
Error Message: Error getting tree: HTTP 409

Possible Reason:
  The repository tree may be too large or the default branch may be empty. Try cloning the repository manually to inspect its structure.

Suggested Solution:
  The repository tree may be too large or the default branch may be empty. Try cloning the repository manually to inspect its structure.

================================================================================

Error #14
--------------------------------------------------------------------------------
Timestamp: 2026-01-26T02:28:49.931474
Repository: https://github.com/blazecss/blaze
Ecosystems: Go, Maven
Error Type: TREE_ERROR
Error Message: Error getting tree: HTTP 409

Possible Reason:
  The repository tree may be too large or the default branch may be empty. Try cloning the repository manually to inspect its structure.

Suggested Solution:
  The repository tree may be too large or the default branch may be empty. Try cloning the repository manually to inspect its structure.

================================================================================

Error #15
--------------------------------------------------------------------------------
Timestamp: 2026-01-26T02:28:50.152974
Repository: https://github.com/bsadeh/scalastic
Ecosystems: Go, Maven
Error Type: NOT_FOUND
Error Message: Repository not found: bsadeh/scalastic

Possible Reason:
  Verify the repository URL is correct and the repository still exists. It may have been deleted, made private, or renamed.

Suggested Solution:
  Verify the repository URL is correct and the repository still exists. It may have been deleted, made private, or renamed.

================================================================================

Error #16
--------------------------------------------------------------------------------
Timestamp: 2026-01-26T02:28:50.375655
Repository: https://github.com/bsadeh/scalastic
Ecosystems: Go, Maven
Error Type: NOT_FOUND
Error Message: Repository not found: bsadeh/scalastic

Possible Reason:
  Verify the repository URL is correct and the repository still exists. It may have been deleted, made private, or renamed.

Suggested Solution:
  Verify the repository URL is correct and the repository still exists. It may have been deleted, made private, or renamed.

================================================================================

Error #17
--------------------------------------------------------------------------------
Timestamp: 2026-01-26T02:28:50.951491
Repository: https://github.com/groupon/sparklint
Ecosystems: Go, Maven
Error Type: NOT_FOUND
Error Message: Repository not found: groupon/sparklint

Possible Reason:
  Verify the repository URL is correct and the repository still exists. It may have been deleted, made private, or renamed.

Suggested Solution:
  Verify the repository URL is correct and the repository still exists. It may have been deleted, made private, or renamed.

================================================================================

Error #18
--------------------------------------------------------------------------------
Timestamp: 2026-01-26T02:28:51.216419
Repository: https://github.com/groupon/sparklint
Ecosystems: Go, Maven
Error Type: NOT_FOUND
Error Message: Repository not found: groupon/sparklint

Possible Reason:
  Verify the repository URL is correct and the repository still exists. It may have been deleted, made private, or renamed.

Suggested Solution:
  Verify the repository URL is correct and the repository still exists. It may have been deleted, made private, or renamed.

================================================================================

Error #19
--------------------------------------------------------------------------------
Timestamp: 2026-01-26T02:28:51.446356
Repository: https://github.com/net-a-porter/scala-uri
Ecosystems: Go, Maven
Error Type: NOT_FOUND
Error Message: Repository not found: net-a-porter/scala-uri

Possible Reason:
  Verify the repository URL is correct and the repository still exists. It may have been deleted, made private, or renamed.

Suggested Solution:
  Verify the repository URL is correct and the repository still exists. It may have been deleted, made private, or renamed.

================================================================================

Error #20
--------------------------------------------------------------------------------
Timestamp: 2026-01-26T02:28:51.675877
Repository: https://github.com/net-a-porter/scala-uri
Ecosystems: Go, Maven
Error Type: NOT_FOUND
Error Message: Repository not found: net-a-porter/scala-uri

Possible Reason:
  Verify the repository URL is correct and the repository still exists. It may have been deleted, made private, or renamed.

Suggested Solution:
  Verify the repository URL is correct and the repository still exists. It may have been deleted, made private, or renamed.

================================================================================

Error #21
--------------------------------------------------------------------------------
Timestamp: 2026-01-26T02:28:51.912086
Repository: https://github.com/jarrettluo/can-do-parser
Ecosystems: Go, Maven
Error Type: NOT_FOUND
Error Message: Repository not found: jarrettluo/can-do-parser

Possible Reason:
  Verify the repository URL is correct and the repository still exists. It may have been deleted, made private, or renamed.

Suggested Solution:
  Verify the repository URL is correct and the repository still exists. It may have been deleted, made private, or renamed.

================================================================================

Error #22
--------------------------------------------------------------------------------
Timestamp: 2026-01-26T02:28:52.137307
Repository: https://github.com/jarrettluo/can-do-parser
Ecosystems: Go, Maven
Error Type: NOT_FOUND
Error Message: Repository not found: jarrettluo/can-do-parser

Possible Reason:
  Verify the repository URL is correct and the repository still exists. It may have been deleted, made private, or renamed.

Suggested Solution:
  Verify the repository URL is correct and the repository still exists. It may have been deleted, made private, or renamed.

================================================================================

Error #23
--------------------------------------------------------------------------------
Timestamp: 2026-01-26T02:28:52.384216
Repository: https://github.com/keymaster65/copper2go
Ecosystems: Go, Maven
Error Type: NOT_FOUND
Error Message: Repository not found: keymaster65/copper2go

Possible Reason:
  Verify the repository URL is correct and the repository still exists. It may have been deleted, made private, or renamed.

Suggested Solution:
  Verify the repository URL is correct and the repository still exists. It may have been deleted, made private, or renamed.

================================================================================

Error #24
--------------------------------------------------------------------------------
Timestamp: 2026-01-26T02:28:52.615075
Repository: https://github.com/keymaster65/copper2go
Ecosystems: Go, Maven
Error Type: NOT_FOUND
Error Message: Repository not found: keymaster65/copper2go

Possible Reason:
  Verify the repository URL is correct and the repository still exists. It may have been deleted, made private, or renamed.

Suggested Solution:
  Verify the repository URL is correct and the repository still exists. It may have been deleted, made private, or renamed.

================================================================================

