================================================================================
Error Log for Go_Maven_PyPI
================================================================================
Total Errors: 4
Generated: 2026-01-26 02:36:49
================================================================================

Error #1
--------------------------------------------------------------------------------
Timestamp: 2026-01-26T02:28:56.269932
Repository: https://github.com/workiva/frugal
Ecosystems: Go, Maven, PyPI
Error Type: NOT_FOUND
Error Message: Repository not found: workiva/frugal

Possible Reason:
  Verify the repository URL is correct and the repository still exists. It may have been deleted, made private, or renamed.

Suggested Solution:
  Verify the repository URL is correct and the repository still exists. It may have been deleted, made private, or renamed.

================================================================================

Error #2
--------------------------------------------------------------------------------
Timestamp: 2026-01-26T02:28:56.542226
Repository: https://github.com/workiva/frugal
Ecosystems: Go, Maven, PyPI
Error Type: NOT_FOUND
Error Message: Repository not found: workiva/frugal

Possible Reason:
  Verify the repository URL is correct and the repository still exists. It may have been deleted, made private, or renamed.

Suggested Solution:
  Verify the repository URL is correct and the repository still exists. It may have been deleted, made private, or renamed.

================================================================================

Error #3
--------------------------------------------------------------------------------
Timestamp: 2026-01-26T02:28:56.793447
Repository: https://github.com/pair-systems-inc/goodmem
Ecosystems: Go, Maven, PyPI
Error Type: NOT_FOUND
Error Message: Repository not found: pair-systems-inc/goodmem

Possible Reason:
  Verify the repository URL is correct and the repository still exists. It may have been deleted, made private, or renamed.

Suggested Solution:
  Verify the repository URL is correct and the repository still exists. It may have been deleted, made private, or renamed.

================================================================================

Error #4
--------------------------------------------------------------------------------
Timestamp: 2026-01-26T02:28:57.048965
Repository: https://github.com/pair-systems-inc/goodmem
Ecosystems: Go, Maven, PyPI
Error Type: NOT_FOUND
Error Message: Repository not found: pair-systems-inc/goodmem

Possible Reason:
  Verify the repository URL is correct and the repository still exists. It may have been deleted, made private, or renamed.

Suggested Solution:
  Verify the repository URL is correct and the repository still exists. It may have been deleted, made private, or renamed.

================================================================================

