================================================================================
Error Log for Go_Maven_PHP
================================================================================
Total Errors: 2
Generated: 2026-01-26 02:36:49
================================================================================

Error #1
--------------------------------------------------------------------------------
Timestamp: 2026-01-26T02:28:55.789543
Repository: https://github.com/xsokev/dojo-bootstrap
Ecosystems: Go, Maven, PHP
Error Type: NOT_FOUND
Error Message: Repository not found: xsokev/dojo-bootstrap

Possible Reason:
  Verify the repository URL is correct and the repository still exists. It may have been deleted, made private, or renamed.

Suggested Solution:
  Verify the repository URL is correct and the repository still exists. It may have been deleted, made private, or renamed.

================================================================================

Error #2
--------------------------------------------------------------------------------
Timestamp: 2026-01-26T02:28:56.002562
Repository: https://github.com/xsokev/dojo-bootstrap
Ecosystems: Go, Maven, PHP
Error Type: NOT_FOUND
Error Message: Repository not found: xsokev/dojo-bootstrap

Possible Reason:
  Verify the repository URL is correct and the repository still exists. It may have been deleted, made private, or renamed.

Suggested Solution:
  Verify the repository URL is correct and the repository still exists. It may have been deleted, made private, or renamed.

================================================================================

