================================================================================
Error Log for Go_PHP
================================================================================
Total Errors: 6
Generated: 2026-01-26 02:36:49
================================================================================

Error #1
--------------------------------------------------------------------------------
Timestamp: 2026-01-26T02:29:43.176882
Repository: https://github.com/crgeary/pagespeed
Ecosystems: Go, PHP
Error Type: NOT_FOUND
Error Message: Repository not found: crgeary/pagespeed

Possible Reason:
  Verify the repository URL is correct and the repository still exists. It may have been deleted, made private, or renamed.

Suggested Solution:
  Verify the repository URL is correct and the repository still exists. It may have been deleted, made private, or renamed.

================================================================================

Error #2
--------------------------------------------------------------------------------
Timestamp: 2026-01-26T02:29:43.410396
Repository: https://github.com/crgeary/pagespeed
Ecosystems: Go, PHP
Error Type: NOT_FOUND
Error Message: Repository not found: crgeary/pagespeed

Possible Reason:
  Verify the repository URL is correct and the repository still exists. It may have been deleted, made private, or renamed.

Suggested Solution:
  Verify the repository URL is correct and the repository still exists. It may have been deleted, made private, or renamed.

================================================================================

Error #3
--------------------------------------------------------------------------------
Timestamp: 2026-01-26T02:29:43.649029
Repository: https://github.com/diversifiedtech/omnipay-nuvei
Ecosystems: Go, PHP
Error Type: NOT_FOUND
Error Message: Repository not found: diversifiedtech/omnipay-nuvei

Possible Reason:
  Verify the repository URL is correct and the repository still exists. It may have been deleted, made private, or renamed.

Suggested Solution:
  Verify the repository URL is correct and the repository still exists. It may have been deleted, made private, or renamed.

================================================================================

Error #4
--------------------------------------------------------------------------------
Timestamp: 2026-01-26T02:29:43.884475
Repository: https://github.com/diversifiedtech/omnipay-nuvei
Ecosystems: Go, PHP
Error Type: NOT_FOUND
Error Message: Repository not found: diversifiedtech/omnipay-nuvei

Possible Reason:
  Verify the repository URL is correct and the repository still exists. It may have been deleted, made private, or renamed.

Suggested Solution:
  Verify the repository URL is correct and the repository still exists. It may have been deleted, made private, or renamed.

================================================================================

Error #5
--------------------------------------------------------------------------------
Timestamp: 2026-01-26T02:29:44.127059
Repository: https://github.com/snapflowio/system
Ecosystems: Go, PHP
Error Type: NOT_FOUND
Error Message: Repository not found: snapflowio/system

Possible Reason:
  Verify the repository URL is correct and the repository still exists. It may have been deleted, made private, or renamed.

Suggested Solution:
  Verify the repository URL is correct and the repository still exists. It may have been deleted, made private, or renamed.

================================================================================

Error #6
--------------------------------------------------------------------------------
Timestamp: 2026-01-26T02:29:44.350095
Repository: https://github.com/snapflowio/system
Ecosystems: Go, PHP
Error Type: NOT_FOUND
Error Message: Repository not found: snapflowio/system

Possible Reason:
  Verify the repository URL is correct and the repository still exists. It may have been deleted, made private, or renamed.

Suggested Solution:
  Verify the repository URL is correct and the repository still exists. It may have been deleted, made private, or renamed.

================================================================================

