================================================================================
Error Log for Go_PyPI
================================================================================
Total Errors: 48
Generated: 2026-01-26 02:36:49
================================================================================

Error #1
--------------------------------------------------------------------------------
Timestamp: 2026-01-26T02:29:44.630915
Repository: https://github.com/run-ai/runai
Ecosystems: Go, PyPI
Error Type: NOT_FOUND
Error Message: Repository not found: run-ai/runai

Possible Reason:
  Verify the repository URL is correct and the repository still exists. It may have been deleted, made private, or renamed.

Suggested Solution:
  Verify the repository URL is correct and the repository still exists. It may have been deleted, made private, or renamed.

================================================================================

Error #2
--------------------------------------------------------------------------------
Timestamp: 2026-01-26T02:29:44.898671
Repository: https://github.com/run-ai/runai
Ecosystems: Go, PyPI
Error Type: NOT_FOUND
Error Message: Repository not found: run-ai/runai

Possible Reason:
  Verify the repository URL is correct and the repository still exists. It may have been deleted, made private, or renamed.

Suggested Solution:
  Verify the repository URL is correct and the repository still exists. It may have been deleted, made private, or renamed.

================================================================================

Error #3
--------------------------------------------------------------------------------
Timestamp: 2026-01-26T02:29:45.126389
Repository: https://github.com/pywaves/pywaves
Ecosystems: Go, PyPI
Error Type: NOT_FOUND
Error Message: Repository not found: pywaves/pywaves

Possible Reason:
  Verify the repository URL is correct and the repository still exists. It may have been deleted, made private, or renamed.

Suggested Solution:
  Verify the repository URL is correct and the repository still exists. It may have been deleted, made private, or renamed.

================================================================================

Error #4
--------------------------------------------------------------------------------
Timestamp: 2026-01-26T02:29:45.360046
Repository: https://github.com/pywaves/pywaves
Ecosystems: Go, PyPI
Error Type: NOT_FOUND
Error Message: Repository not found: pywaves/pywaves

Possible Reason:
  Verify the repository URL is correct and the repository still exists. It may have been deleted, made private, or renamed.

Suggested Solution:
  Verify the repository URL is correct and the repository still exists. It may have been deleted, made private, or renamed.

================================================================================

Error #5
--------------------------------------------------------------------------------
Timestamp: 2026-01-26T02:29:45.587947
Repository: https://github.com/divanvisagie/new
Ecosystems: Go, PyPI
Error Type: NOT_FOUND
Error Message: Repository not found: divanvisagie/new

Possible Reason:
  Verify the repository URL is correct and the repository still exists. It may have been deleted, made private, or renamed.

Suggested Solution:
  Verify the repository URL is correct and the repository still exists. It may have been deleted, made private, or renamed.

================================================================================

Error #6
--------------------------------------------------------------------------------
Timestamp: 2026-01-26T02:29:45.822229
Repository: https://github.com/divanvisagie/new
Ecosystems: Go, PyPI
Error Type: NOT_FOUND
Error Message: Repository not found: divanvisagie/new

Possible Reason:
  Verify the repository URL is correct and the repository still exists. It may have been deleted, made private, or renamed.

Suggested Solution:
  Verify the repository URL is correct and the repository still exists. It may have been deleted, made private, or renamed.

================================================================================

Error #7
--------------------------------------------------------------------------------
Timestamp: 2026-01-26T02:29:46.060197
Repository: https://github.com/kasroudra/pyphisher
Ecosystems: Go, PyPI
Error Type: ACCESS_DENIED
Error Message: Access denied to repository: kasroudra/pyphisher

Possible Reason:
  Repository may be private or you may have hit the rate limit. If private, ensure you have proper access credentials. If rate limited, wait for the limit to reset or use a GitHub token.

Suggested Solution:
  Repository may be private or you may have hit the rate limit. If private, ensure you have proper access credentials. If rate limited, wait for the limit to reset or use a GitHub token.

================================================================================

Error #8
--------------------------------------------------------------------------------
Timestamp: 2026-01-26T02:29:46.299216
Repository: https://github.com/kasroudra/pyphisher
Ecosystems: Go, PyPI
Error Type: ACCESS_DENIED
Error Message: Access denied to repository: kasroudra/pyphisher

Possible Reason:
  Repository may be private or you may have hit the rate limit. If private, ensure you have proper access credentials. If rate limited, wait for the limit to reset or use a GitHub token.

Suggested Solution:
  Repository may be private or you may have hit the rate limit. If private, ensure you have proper access credentials. If rate limited, wait for the limit to reset or use a GitHub token.

================================================================================

Error #9
--------------------------------------------------------------------------------
Timestamp: 2026-01-26T02:29:46.530343
Repository: https://github.com/arnebachmann/sos
Ecosystems: Go, PyPI
Error Type: NOT_FOUND
Error Message: Repository not found: arnebachmann/sos

Possible Reason:
  Verify the repository URL is correct and the repository still exists. It may have been deleted, made private, or renamed.

Suggested Solution:
  Verify the repository URL is correct and the repository still exists. It may have been deleted, made private, or renamed.

================================================================================

Error #10
--------------------------------------------------------------------------------
Timestamp: 2026-01-26T02:29:46.754098
Repository: https://github.com/arnebachmann/sos
Ecosystems: Go, PyPI
Error Type: NOT_FOUND
Error Message: Repository not found: arnebachmann/sos

Possible Reason:
  Verify the repository URL is correct and the repository still exists. It may have been deleted, made private, or renamed.

Suggested Solution:
  Verify the repository URL is correct and the repository still exists. It may have been deleted, made private, or renamed.

================================================================================

Error #11
--------------------------------------------------------------------------------
Timestamp: 2026-01-26T02:29:47.337003
Repository: https://github.com/futzu/bitn
Ecosystems: Go, PyPI
Error Type: TREE_ERROR
Error Message: Error getting tree: HTTP 404

Possible Reason:
  The repository tree may be too large or the default branch may be empty. Try cloning the repository manually to inspect its structure.

Suggested Solution:
  The repository tree may be too large or the default branch may be empty. Try cloning the repository manually to inspect its structure.

================================================================================

Error #12
--------------------------------------------------------------------------------
Timestamp: 2026-01-26T02:29:48.105532
Repository: https://github.com/futzu/bitn
Ecosystems: Go, PyPI
Error Type: TREE_ERROR
Error Message: Error getting tree: HTTP 404

Possible Reason:
  The repository tree may be too large or the default branch may be empty. Try cloning the repository manually to inspect its structure.

Suggested Solution:
  The repository tree may be too large or the default branch may be empty. Try cloning the repository manually to inspect its structure.

================================================================================

Error #13
--------------------------------------------------------------------------------
Timestamp: 2026-01-26T02:29:48.336477
Repository: https://github.com/klausman/lib_users
Ecosystems: Go, PyPI
Error Type: NOT_FOUND
Error Message: Repository not found: klausman/lib_users

Possible Reason:
  Verify the repository URL is correct and the repository still exists. It may have been deleted, made private, or renamed.

Suggested Solution:
  Verify the repository URL is correct and the repository still exists. It may have been deleted, made private, or renamed.

================================================================================

Error #14
--------------------------------------------------------------------------------
Timestamp: 2026-01-26T02:29:48.550354
Repository: https://github.com/klausman/lib_users
Ecosystems: Go, PyPI
Error Type: NOT_FOUND
Error Message: Repository not found: klausman/lib_users

Possible Reason:
  Verify the repository URL is correct and the repository still exists. It may have been deleted, made private, or renamed.

Suggested Solution:
  Verify the repository URL is correct and the repository still exists. It may have been deleted, made private, or renamed.

================================================================================

Error #15
--------------------------------------------------------------------------------
Timestamp: 2026-01-26T02:29:48.838712
Repository: https://github.com/enckse/pyxstitch
Ecosystems: Go, PyPI
Error Type: NOT_FOUND
Error Message: Repository not found: enckse/pyxstitch

Possible Reason:
  Verify the repository URL is correct and the repository still exists. It may have been deleted, made private, or renamed.

Suggested Solution:
  Verify the repository URL is correct and the repository still exists. It may have been deleted, made private, or renamed.

================================================================================

Error #16
--------------------------------------------------------------------------------
Timestamp: 2026-01-26T02:29:49.062505
Repository: https://github.com/enckse/pyxstitch
Ecosystems: Go, PyPI
Error Type: NOT_FOUND
Error Message: Repository not found: enckse/pyxstitch

Possible Reason:
  Verify the repository URL is correct and the repository still exists. It may have been deleted, made private, or renamed.

Suggested Solution:
  Verify the repository URL is correct and the repository still exists. It may have been deleted, made private, or renamed.

================================================================================

Error #17
--------------------------------------------------------------------------------
Timestamp: 2026-01-26T02:29:49.284751
Repository: https://github.com/oloren-ai/olorenchemengine
Ecosystems: Go, PyPI
Error Type: NOT_FOUND
Error Message: Repository not found: oloren-ai/olorenchemengine

Possible Reason:
  Verify the repository URL is correct and the repository still exists. It may have been deleted, made private, or renamed.

Suggested Solution:
  Verify the repository URL is correct and the repository still exists. It may have been deleted, made private, or renamed.

================================================================================

Error #18
--------------------------------------------------------------------------------
Timestamp: 2026-01-26T02:29:49.507905
Repository: https://github.com/oloren-ai/olorenchemengine
Ecosystems: Go, PyPI
Error Type: NOT_FOUND
Error Message: Repository not found: oloren-ai/olorenchemengine

Possible Reason:
  Verify the repository URL is correct and the repository still exists. It may have been deleted, made private, or renamed.

Suggested Solution:
  Verify the repository URL is correct and the repository still exists. It may have been deleted, made private, or renamed.

================================================================================

Error #19
--------------------------------------------------------------------------------
Timestamp: 2026-01-26T02:29:49.742531
Repository: https://github.com/frostming/atoml
Ecosystems: Go, PyPI
Error Type: NOT_FOUND
Error Message: Repository not found: frostming/atoml

Possible Reason:
  Verify the repository URL is correct and the repository still exists. It may have been deleted, made private, or renamed.

Suggested Solution:
  Verify the repository URL is correct and the repository still exists. It may have been deleted, made private, or renamed.

================================================================================

Error #20
--------------------------------------------------------------------------------
Timestamp: 2026-01-26T02:29:49.975467
Repository: https://github.com/frostming/atoml
Ecosystems: Go, PyPI
Error Type: NOT_FOUND
Error Message: Repository not found: frostming/atoml

Possible Reason:
  Verify the repository URL is correct and the repository still exists. It may have been deleted, made private, or renamed.

Suggested Solution:
  Verify the repository URL is correct and the repository still exists. It may have been deleted, made private, or renamed.

================================================================================

Error #21
--------------------------------------------------------------------------------
Timestamp: 2026-01-26T02:29:50.192923
Repository: https://github.com/layerborn/cdk-iam-policy-builder-helper-construct
Ecosystems: Go, PyPI
Error Type: NOT_FOUND
Error Message: Repository not found: layerborn/cdk-iam-policy-builder-helper-construct

Possible Reason:
  Verify the repository URL is correct and the repository still exists. It may have been deleted, made private, or renamed.

Suggested Solution:
  Verify the repository URL is correct and the repository still exists. It may have been deleted, made private, or renamed.

================================================================================

Error #22
--------------------------------------------------------------------------------
Timestamp: 2026-01-26T02:29:50.415150
Repository: https://github.com/layerborn/cdk-iam-policy-builder-helper-construct
Ecosystems: Go, PyPI
Error Type: NOT_FOUND
Error Message: Repository not found: layerborn/cdk-iam-policy-builder-helper-construct

Possible Reason:
  Verify the repository URL is correct and the repository still exists. It may have been deleted, made private, or renamed.

Suggested Solution:
  Verify the repository URL is correct and the repository still exists. It may have been deleted, made private, or renamed.

================================================================================

Error #23
--------------------------------------------------------------------------------
Timestamp: 2026-01-26T02:29:50.657397
Repository: https://github.com/layerborn/cdk-ami-builder-construct
Ecosystems: Go, PyPI
Error Type: NOT_FOUND
Error Message: Repository not found: layerborn/cdk-ami-builder-construct

Possible Reason:
  Verify the repository URL is correct and the repository still exists. It may have been deleted, made private, or renamed.

Suggested Solution:
  Verify the repository URL is correct and the repository still exists. It may have been deleted, made private, or renamed.

================================================================================

Error #24
--------------------------------------------------------------------------------
Timestamp: 2026-01-26T02:29:50.897238
Repository: https://github.com/layerborn/cdk-ami-builder-construct
Ecosystems: Go, PyPI
Error Type: NOT_FOUND
Error Message: Repository not found: layerborn/cdk-ami-builder-construct

Possible Reason:
  Verify the repository URL is correct and the repository still exists. It may have been deleted, made private, or renamed.

Suggested Solution:
  Verify the repository URL is correct and the repository still exists. It may have been deleted, made private, or renamed.

================================================================================

Error #25
--------------------------------------------------------------------------------
Timestamp: 2026-01-26T02:29:51.111320
Repository: https://github.com/layerborn/cdk-git-tagger-aspect
Ecosystems: Go, PyPI
Error Type: NOT_FOUND
Error Message: Repository not found: layerborn/cdk-git-tagger-aspect

Possible Reason:
  Verify the repository URL is correct and the repository still exists. It may have been deleted, made private, or renamed.

Suggested Solution:
  Verify the repository URL is correct and the repository still exists. It may have been deleted, made private, or renamed.

================================================================================

Error #26
--------------------------------------------------------------------------------
Timestamp: 2026-01-26T02:29:51.658062
Repository: https://github.com/layerborn/cdk-git-tagger-aspect
Ecosystems: Go, PyPI
Error Type: NOT_FOUND
Error Message: Repository not found: layerborn/cdk-git-tagger-aspect

Possible Reason:
  Verify the repository URL is correct and the repository still exists. It may have been deleted, made private, or renamed.

Suggested Solution:
  Verify the repository URL is correct and the repository still exists. It may have been deleted, made private, or renamed.

================================================================================

Error #27
--------------------------------------------------------------------------------
Timestamp: 2026-01-26T02:29:51.875721
Repository: https://github.com/ru5j4r0/pulumi-prefect
Ecosystems: Go, PyPI
Error Type: NOT_FOUND
Error Message: Repository not found: ru5j4r0/pulumi-prefect

Possible Reason:
  Verify the repository URL is correct and the repository still exists. It may have been deleted, made private, or renamed.

Suggested Solution:
  Verify the repository URL is correct and the repository still exists. It may have been deleted, made private, or renamed.

================================================================================

Error #28
--------------------------------------------------------------------------------
Timestamp: 2026-01-26T02:29:52.097583
Repository: https://github.com/ru5j4r0/pulumi-prefect
Ecosystems: Go, PyPI
Error Type: NOT_FOUND
Error Message: Repository not found: ru5j4r0/pulumi-prefect

Possible Reason:
  Verify the repository URL is correct and the repository still exists. It may have been deleted, made private, or renamed.

Suggested Solution:
  Verify the repository URL is correct and the repository still exists. It may have been deleted, made private, or renamed.

================================================================================

Error #29
--------------------------------------------------------------------------------
Timestamp: 2026-01-26T02:29:52.361277
Repository: https://github.com/scottpeterman/pyeasyedit
Ecosystems: Go, PyPI
Error Type: NOT_FOUND
Error Message: Repository not found: scottpeterman/pyeasyedit

Possible Reason:
  Verify the repository URL is correct and the repository still exists. It may have been deleted, made private, or renamed.

Suggested Solution:
  Verify the repository URL is correct and the repository still exists. It may have been deleted, made private, or renamed.

================================================================================

Error #30
--------------------------------------------------------------------------------
Timestamp: 2026-01-26T02:29:52.603964
Repository: https://github.com/scottpeterman/pyeasyedit
Ecosystems: Go, PyPI
Error Type: NOT_FOUND
Error Message: Repository not found: scottpeterman/pyeasyedit

Possible Reason:
  Verify the repository URL is correct and the repository still exists. It may have been deleted, made private, or renamed.

Suggested Solution:
  Verify the repository URL is correct and the repository still exists. It may have been deleted, made private, or renamed.

================================================================================

Error #31
--------------------------------------------------------------------------------
Timestamp: 2026-01-26T02:29:52.828434
Repository: https://github.com/pinnaculum/galacteek
Ecosystems: Go, PyPI
Error Type: NOT_FOUND
Error Message: Repository not found: pinnaculum/galacteek

Possible Reason:
  Verify the repository URL is correct and the repository still exists. It may have been deleted, made private, or renamed.

Suggested Solution:
  Verify the repository URL is correct and the repository still exists. It may have been deleted, made private, or renamed.

================================================================================

Error #32
--------------------------------------------------------------------------------
Timestamp: 2026-01-26T02:29:53.071117
Repository: https://github.com/pinnaculum/galacteek
Ecosystems: Go, PyPI
Error Type: NOT_FOUND
Error Message: Repository not found: pinnaculum/galacteek

Possible Reason:
  Verify the repository URL is correct and the repository still exists. It may have been deleted, made private, or renamed.

Suggested Solution:
  Verify the repository URL is correct and the repository still exists. It may have been deleted, made private, or renamed.

================================================================================

Error #33
--------------------------------------------------------------------------------
Timestamp: 2026-01-26T02:29:53.290452
Repository: https://github.com/ken-morel/shellsy
Ecosystems: Go, PyPI
Error Type: NOT_FOUND
Error Message: Repository not found: ken-morel/shellsy

Possible Reason:
  Verify the repository URL is correct and the repository still exists. It may have been deleted, made private, or renamed.

Suggested Solution:
  Verify the repository URL is correct and the repository still exists. It may have been deleted, made private, or renamed.

================================================================================

Error #34
--------------------------------------------------------------------------------
Timestamp: 2026-01-26T02:29:53.526084
Repository: https://github.com/ken-morel/shellsy
Ecosystems: Go, PyPI
Error Type: NOT_FOUND
Error Message: Repository not found: ken-morel/shellsy

Possible Reason:
  Verify the repository URL is correct and the repository still exists. It may have been deleted, made private, or renamed.

Suggested Solution:
  Verify the repository URL is correct and the repository still exists. It may have been deleted, made private, or renamed.

================================================================================

Error #35
--------------------------------------------------------------------------------
Timestamp: 2026-01-26T02:29:53.762115
Repository: https://github.com/jackcvr/tcpw
Ecosystems: Go, PyPI
Error Type: NOT_FOUND
Error Message: Repository not found: jackcvr/tcpw

Possible Reason:
  Verify the repository URL is correct and the repository still exists. It may have been deleted, made private, or renamed.

Suggested Solution:
  Verify the repository URL is correct and the repository still exists. It may have been deleted, made private, or renamed.

================================================================================

Error #36
--------------------------------------------------------------------------------
Timestamp: 2026-01-26T02:29:53.995652
Repository: https://github.com/jackcvr/tcpw
Ecosystems: Go, PyPI
Error Type: NOT_FOUND
Error Message: Repository not found: jackcvr/tcpw

Possible Reason:
  Verify the repository URL is correct and the repository still exists. It may have been deleted, made private, or renamed.

Suggested Solution:
  Verify the repository URL is correct and the repository still exists. It may have been deleted, made private, or renamed.

================================================================================

Error #37
--------------------------------------------------------------------------------
Timestamp: 2026-01-26T02:29:54.256867
Repository: https://github.com/lunary-ai/lunary
Ecosystems: Go, PyPI
Error Type: NOT_FOUND
Error Message: Repository not found: lunary-ai/lunary

Possible Reason:
  Verify the repository URL is correct and the repository still exists. It may have been deleted, made private, or renamed.

Suggested Solution:
  Verify the repository URL is correct and the repository still exists. It may have been deleted, made private, or renamed.

================================================================================

Error #38
--------------------------------------------------------------------------------
Timestamp: 2026-01-26T02:29:54.508303
Repository: https://github.com/lunary-ai/lunary
Ecosystems: Go, PyPI
Error Type: NOT_FOUND
Error Message: Repository not found: lunary-ai/lunary

Possible Reason:
  Verify the repository URL is correct and the repository still exists. It may have been deleted, made private, or renamed.

Suggested Solution:
  Verify the repository URL is correct and the repository still exists. It may have been deleted, made private, or renamed.

================================================================================

Error #39
--------------------------------------------------------------------------------
Timestamp: 2026-01-26T02:29:54.753968
Repository: https://github.com/tomquirk/linkedin-api
Ecosystems: Go, PyPI
Error Type: NOT_FOUND
Error Message: Repository not found: tomquirk/linkedin-api

Possible Reason:
  Verify the repository URL is correct and the repository still exists. It may have been deleted, made private, or renamed.

Suggested Solution:
  Verify the repository URL is correct and the repository still exists. It may have been deleted, made private, or renamed.

================================================================================

Error #40
--------------------------------------------------------------------------------
Timestamp: 2026-01-26T02:29:54.992282
Repository: https://github.com/tomquirk/linkedin-api
Ecosystems: Go, PyPI
Error Type: NOT_FOUND
Error Message: Repository not found: tomquirk/linkedin-api

Possible Reason:
  Verify the repository URL is correct and the repository still exists. It may have been deleted, made private, or renamed.

Suggested Solution:
  Verify the repository URL is correct and the repository still exists. It may have been deleted, made private, or renamed.

================================================================================

Error #41
--------------------------------------------------------------------------------
Timestamp: 2026-01-26T02:29:55.253938
Repository: https://github.com/monkeylearn/monkeylearn-python
Ecosystems: Go, PyPI
Error Type: NOT_FOUND
Error Message: Repository not found: monkeylearn/monkeylearn-python

Possible Reason:
  Verify the repository URL is correct and the repository still exists. It may have been deleted, made private, or renamed.

Suggested Solution:
  Verify the repository URL is correct and the repository still exists. It may have been deleted, made private, or renamed.

================================================================================

Error #42
--------------------------------------------------------------------------------
Timestamp: 2026-01-26T02:29:55.512484
Repository: https://github.com/monkeylearn/monkeylearn-python
Ecosystems: Go, PyPI
Error Type: NOT_FOUND
Error Message: Repository not found: monkeylearn/monkeylearn-python

Possible Reason:
  Verify the repository URL is correct and the repository still exists. It may have been deleted, made private, or renamed.

Suggested Solution:
  Verify the repository URL is correct and the repository still exists. It may have been deleted, made private, or renamed.

================================================================================

Error #43
--------------------------------------------------------------------------------
Timestamp: 2026-01-26T02:29:55.729499
Repository: https://github.com/chriswaites/pyvacy
Ecosystems: Go, PyPI
Error Type: NOT_FOUND
Error Message: Repository not found: chriswaites/pyvacy

Possible Reason:
  Verify the repository URL is correct and the repository still exists. It may have been deleted, made private, or renamed.

Suggested Solution:
  Verify the repository URL is correct and the repository still exists. It may have been deleted, made private, or renamed.

================================================================================

Error #44
--------------------------------------------------------------------------------
Timestamp: 2026-01-26T02:29:55.971573
Repository: https://github.com/chriswaites/pyvacy
Ecosystems: Go, PyPI
Error Type: NOT_FOUND
Error Message: Repository not found: chriswaites/pyvacy

Possible Reason:
  Verify the repository URL is correct and the repository still exists. It may have been deleted, made private, or renamed.

Suggested Solution:
  Verify the repository URL is correct and the repository still exists. It may have been deleted, made private, or renamed.

================================================================================

Error #45
--------------------------------------------------------------------------------
Timestamp: 2026-01-26T02:29:56.201152
Repository: https://github.com/cnumr/ecoindex_cli
Ecosystems: Go, PyPI
Error Type: NOT_FOUND
Error Message: Repository not found: cnumr/ecoindex_cli

Possible Reason:
  Verify the repository URL is correct and the repository still exists. It may have been deleted, made private, or renamed.

Suggested Solution:
  Verify the repository URL is correct and the repository still exists. It may have been deleted, made private, or renamed.

================================================================================

Error #46
--------------------------------------------------------------------------------
Timestamp: 2026-01-26T02:29:56.428520
Repository: https://github.com/cnumr/ecoindex_cli
Ecosystems: Go, PyPI
Error Type: NOT_FOUND
Error Message: Repository not found: cnumr/ecoindex_cli

Possible Reason:
  Verify the repository URL is correct and the repository still exists. It may have been deleted, made private, or renamed.

Suggested Solution:
  Verify the repository URL is correct and the repository still exists. It may have been deleted, made private, or renamed.

================================================================================

Error #47
--------------------------------------------------------------------------------
Timestamp: 2026-01-26T02:29:56.697629
Repository: https://github.com/oxylabs/youtube-scraper
Ecosystems: Go, PyPI
Error Type: NOT_FOUND
Error Message: Repository not found: oxylabs/youtube-scraper

Possible Reason:
  Verify the repository URL is correct and the repository still exists. It may have been deleted, made private, or renamed.

Suggested Solution:
  Verify the repository URL is correct and the repository still exists. It may have been deleted, made private, or renamed.

================================================================================

Error #48
--------------------------------------------------------------------------------
Timestamp: 2026-01-26T02:29:57.037769
Repository: https://github.com/oxylabs/youtube-scraper
Ecosystems: Go, PyPI
Error Type: NOT_FOUND
Error Message: Repository not found: oxylabs/youtube-scraper

Possible Reason:
  Verify the repository URL is correct and the repository still exists. It may have been deleted, made private, or renamed.

Suggested Solution:
  Verify the repository URL is correct and the repository still exists. It may have been deleted, made private, or renamed.

================================================================================

