================================================================================
Error Log for Maven_NPM_PyPI
================================================================================
Total Errors: 36
Generated: 2026-01-26 02:36:49
================================================================================

Error #1
--------------------------------------------------------------------------------
Timestamp: 2026-01-26T02:32:35.300107
Repository: https://github.com/user/project
Ecosystems: Maven, NPM, PyPI
Error Type: NOT_FOUND
Error Message: Repository not found: user/project

Possible Reason:
  Verify the repository URL is correct and the repository still exists. It may have been deleted, made private, or renamed.

Suggested Solution:
  Verify the repository URL is correct and the repository still exists. It may have been deleted, made private, or renamed.

================================================================================

Error #2
--------------------------------------------------------------------------------
Timestamp: 2026-01-26T02:32:35.518636
Repository: https://github.com/user/project
Ecosystems: Maven, NPM, PyPI
Error Type: NOT_FOUND
Error Message: Repository not found: user/project

Possible Reason:
  Verify the repository URL is correct and the repository still exists. It may have been deleted, made private, or renamed.

Suggested Solution:
  Verify the repository URL is correct and the repository still exists. It may have been deleted, made private, or renamed.

================================================================================

Error #3
--------------------------------------------------------------------------------
Timestamp: 2026-01-26T02:32:35.812046
Repository: https://github.com/affinityproject/common-check-widget-backend-lib
Ecosystems: Maven, NPM, PyPI
Error Type: NOT_FOUND
Error Message: Repository not found: affinityproject/common-check-widget-backend-lib

Possible Reason:
  Verify the repository URL is correct and the repository still exists. It may have been deleted, made private, or renamed.

Suggested Solution:
  Verify the repository URL is correct and the repository still exists. It may have been deleted, made private, or renamed.

================================================================================

Error #4
--------------------------------------------------------------------------------
Timestamp: 2026-01-26T02:32:36.117012
Repository: https://github.com/affinityproject/common-check-widget-backend-lib
Ecosystems: Maven, NPM, PyPI
Error Type: NOT_FOUND
Error Message: Repository not found: affinityproject/common-check-widget-backend-lib

Possible Reason:
  Verify the repository URL is correct and the repository still exists. It may have been deleted, made private, or renamed.

Suggested Solution:
  Verify the repository URL is correct and the repository still exists. It may have been deleted, made private, or renamed.

================================================================================

Error #5
--------------------------------------------------------------------------------
Timestamp: 2026-01-26T02:32:36.333419
Repository: https://github.com/your-username/your-repo
Ecosystems: Maven, NPM, PyPI
Error Type: NOT_FOUND
Error Message: Repository not found: your-username/your-repo

Possible Reason:
  Verify the repository URL is correct and the repository still exists. It may have been deleted, made private, or renamed.

Suggested Solution:
  Verify the repository URL is correct and the repository still exists. It may have been deleted, made private, or renamed.

================================================================================

Error #6
--------------------------------------------------------------------------------
Timestamp: 2026-01-26T02:32:36.547112
Repository: https://github.com/your-username/your-repo
Ecosystems: Maven, NPM, PyPI
Error Type: NOT_FOUND
Error Message: Repository not found: your-username/your-repo

Possible Reason:
  Verify the repository URL is correct and the repository still exists. It may have been deleted, made private, or renamed.

Suggested Solution:
  Verify the repository URL is correct and the repository still exists. It may have been deleted, made private, or renamed.

================================================================================

Error #7
--------------------------------------------------------------------------------
Timestamp: 2026-01-26T02:32:36.788534
Repository: https://github.com/professionalaf/enterprise-utils
Ecosystems: Maven, NPM, PyPI
Error Type: NOT_FOUND
Error Message: Repository not found: professionalaf/enterprise-utils

Possible Reason:
  Verify the repository URL is correct and the repository still exists. It may have been deleted, made private, or renamed.

Suggested Solution:
  Verify the repository URL is correct and the repository still exists. It may have been deleted, made private, or renamed.

================================================================================

Error #8
--------------------------------------------------------------------------------
Timestamp: 2026-01-26T02:32:37.032701
Repository: https://github.com/professionalaf/enterprise-utils
Ecosystems: Maven, NPM, PyPI
Error Type: NOT_FOUND
Error Message: Repository not found: professionalaf/enterprise-utils

Possible Reason:
  Verify the repository URL is correct and the repository still exists. It may have been deleted, made private, or renamed.

Suggested Solution:
  Verify the repository URL is correct and the repository still exists. It may have been deleted, made private, or renamed.

================================================================================

Error #9
--------------------------------------------------------------------------------
Timestamp: 2026-01-26T02:32:37.257210
Repository: https://github.com/iliapolo/constructs-tokens
Ecosystems: Maven, NPM, PyPI
Error Type: NOT_FOUND
Error Message: Repository not found: iliapolo/constructs-tokens

Possible Reason:
  Verify the repository URL is correct and the repository still exists. It may have been deleted, made private, or renamed.

Suggested Solution:
  Verify the repository URL is correct and the repository still exists. It may have been deleted, made private, or renamed.

================================================================================

Error #10
--------------------------------------------------------------------------------
Timestamp: 2026-01-26T02:32:37.505073
Repository: https://github.com/iliapolo/constructs-tokens
Ecosystems: Maven, NPM, PyPI
Error Type: NOT_FOUND
Error Message: Repository not found: iliapolo/constructs-tokens

Possible Reason:
  Verify the repository URL is correct and the repository still exists. It may have been deleted, made private, or renamed.

Suggested Solution:
  Verify the repository URL is correct and the repository still exists. It may have been deleted, made private, or renamed.

================================================================================

Error #11
--------------------------------------------------------------------------------
Timestamp: 2026-01-26T02:32:37.729289
Repository: https://github.com/helbing/astrojs-aws
Ecosystems: Maven, NPM, PyPI
Error Type: NOT_FOUND
Error Message: Repository not found: helbing/astrojs-aws

Possible Reason:
  Verify the repository URL is correct and the repository still exists. It may have been deleted, made private, or renamed.

Suggested Solution:
  Verify the repository URL is correct and the repository still exists. It may have been deleted, made private, or renamed.

================================================================================

Error #12
--------------------------------------------------------------------------------
Timestamp: 2026-01-26T02:32:37.949166
Repository: https://github.com/helbing/astrojs-aws
Ecosystems: Maven, NPM, PyPI
Error Type: NOT_FOUND
Error Message: Repository not found: helbing/astrojs-aws

Possible Reason:
  Verify the repository URL is correct and the repository still exists. It may have been deleted, made private, or renamed.

Suggested Solution:
  Verify the repository URL is correct and the repository still exists. It may have been deleted, made private, or renamed.

================================================================================

Error #13
--------------------------------------------------------------------------------
Timestamp: 2026-01-26T02:32:38.182650
Repository: https://github.com/devmayur/inference_provider_v2
Ecosystems: Maven, NPM, PyPI
Error Type: NOT_FOUND
Error Message: Repository not found: devmayur/inference_provider_v2

Possible Reason:
  Verify the repository URL is correct and the repository still exists. It may have been deleted, made private, or renamed.

Suggested Solution:
  Verify the repository URL is correct and the repository still exists. It may have been deleted, made private, or renamed.

================================================================================

Error #14
--------------------------------------------------------------------------------
Timestamp: 2026-01-26T02:32:38.425582
Repository: https://github.com/devmayur/inference_provider_v2
Ecosystems: Maven, NPM, PyPI
Error Type: NOT_FOUND
Error Message: Repository not found: devmayur/inference_provider_v2

Possible Reason:
  Verify the repository URL is correct and the repository still exists. It may have been deleted, made private, or renamed.

Suggested Solution:
  Verify the repository URL is correct and the repository still exists. It may have been deleted, made private, or renamed.

================================================================================

Error #15
--------------------------------------------------------------------------------
Timestamp: 2026-01-26T02:32:39.011526
Repository: https://github.com/cdklabs/cdk-atmosphere-service
Ecosystems: Maven, NPM, PyPI
Error Type: NOT_FOUND
Error Message: Repository not found: cdklabs/cdk-atmosphere-service

Possible Reason:
  Verify the repository URL is correct and the repository still exists. It may have been deleted, made private, or renamed.

Suggested Solution:
  Verify the repository URL is correct and the repository still exists. It may have been deleted, made private, or renamed.

================================================================================

Error #16
--------------------------------------------------------------------------------
Timestamp: 2026-01-26T02:32:39.284901
Repository: https://github.com/cdklabs/cdk-atmosphere-service
Ecosystems: Maven, NPM, PyPI
Error Type: NOT_FOUND
Error Message: Repository not found: cdklabs/cdk-atmosphere-service

Possible Reason:
  Verify the repository URL is correct and the repository still exists. It may have been deleted, made private, or renamed.

Suggested Solution:
  Verify the repository URL is correct and the repository still exists. It may have been deleted, made private, or renamed.

================================================================================

Error #17
--------------------------------------------------------------------------------
Timestamp: 2026-01-26T02:32:39.510597
Repository: https://github.com/xxx/xxx
Ecosystems: Maven, NPM, PyPI
Error Type: NOT_FOUND
Error Message: Repository not found: xxx/xxx

Possible Reason:
  Verify the repository URL is correct and the repository still exists. It may have been deleted, made private, or renamed.

Suggested Solution:
  Verify the repository URL is correct and the repository still exists. It may have been deleted, made private, or renamed.

================================================================================

Error #18
--------------------------------------------------------------------------------
Timestamp: 2026-01-26T02:32:39.744086
Repository: https://github.com/xxx/xxx
Ecosystems: Maven, NPM, PyPI
Error Type: NOT_FOUND
Error Message: Repository not found: xxx/xxx

Possible Reason:
  Verify the repository URL is correct and the repository still exists. It may have been deleted, made private, or renamed.

Suggested Solution:
  Verify the repository URL is correct and the repository still exists. It may have been deleted, made private, or renamed.

================================================================================

Error #19
--------------------------------------------------------------------------------
Timestamp: 2026-01-26T02:32:39.989354
Repository: https://github.com/wowsql/wowsql
Ecosystems: Maven, NPM, PyPI
Error Type: NOT_FOUND
Error Message: Repository not found: wowsql/wowsql

Possible Reason:
  Verify the repository URL is correct and the repository still exists. It may have been deleted, made private, or renamed.

Suggested Solution:
  Verify the repository URL is correct and the repository still exists. It may have been deleted, made private, or renamed.

================================================================================

Error #20
--------------------------------------------------------------------------------
Timestamp: 2026-01-26T02:32:40.242730
Repository: https://github.com/wowsql/wowsql
Ecosystems: Maven, NPM, PyPI
Error Type: NOT_FOUND
Error Message: Repository not found: wowsql/wowsql

Possible Reason:
  Verify the repository URL is correct and the repository still exists. It may have been deleted, made private, or renamed.

Suggested Solution:
  Verify the repository URL is correct and the repository still exists. It may have been deleted, made private, or renamed.

================================================================================

Error #21
--------------------------------------------------------------------------------
Timestamp: 2026-01-26T02:32:40.460443
Repository: https://github.com/patrick.florek/cdk-dynamodb-backup
Ecosystems: Maven, NPM, PyPI
Error Type: NOT_FOUND
Error Message: Repository not found: patrick.florek/cdk-dynamodb-backup

Possible Reason:
  Verify the repository URL is correct and the repository still exists. It may have been deleted, made private, or renamed.

Suggested Solution:
  Verify the repository URL is correct and the repository still exists. It may have been deleted, made private, or renamed.

================================================================================

Error #22
--------------------------------------------------------------------------------
Timestamp: 2026-01-26T02:32:40.698708
Repository: https://github.com/patrick.florek/cdk-dynamodb-backup
Ecosystems: Maven, NPM, PyPI
Error Type: NOT_FOUND
Error Message: Repository not found: patrick.florek/cdk-dynamodb-backup

Possible Reason:
  Verify the repository URL is correct and the repository still exists. It may have been deleted, made private, or renamed.

Suggested Solution:
  Verify the repository URL is correct and the repository still exists. It may have been deleted, made private, or renamed.

================================================================================

Error #23
--------------------------------------------------------------------------------
Timestamp: 2026-01-26T02:32:40.962694
Repository: https://github.com/oceanprotocol/keeper-contracts
Ecosystems: Maven, NPM, PyPI
Error Type: NOT_FOUND
Error Message: Repository not found: oceanprotocol/keeper-contracts

Possible Reason:
  Verify the repository URL is correct and the repository still exists. It may have been deleted, made private, or renamed.

Suggested Solution:
  Verify the repository URL is correct and the repository still exists. It may have been deleted, made private, or renamed.

================================================================================

Error #24
--------------------------------------------------------------------------------
Timestamp: 2026-01-26T02:32:41.246987
Repository: https://github.com/oceanprotocol/keeper-contracts
Ecosystems: Maven, NPM, PyPI
Error Type: NOT_FOUND
Error Message: Repository not found: oceanprotocol/keeper-contracts

Possible Reason:
  Verify the repository URL is correct and the repository still exists. It may have been deleted, made private, or renamed.

Suggested Solution:
  Verify the repository URL is correct and the repository still exists. It may have been deleted, made private, or renamed.

================================================================================

Error #25
--------------------------------------------------------------------------------
Timestamp: 2026-01-26T02:32:41.459026
Repository: https://github.com/lazinessdevs/lazy-constructs
Ecosystems: Maven, NPM, PyPI
Error Type: NOT_FOUND
Error Message: Repository not found: lazinessdevs/lazy-constructs

Possible Reason:
  Verify the repository URL is correct and the repository still exists. It may have been deleted, made private, or renamed.

Suggested Solution:
  Verify the repository URL is correct and the repository still exists. It may have been deleted, made private, or renamed.

================================================================================

Error #26
--------------------------------------------------------------------------------
Timestamp: 2026-01-26T02:32:41.685595
Repository: https://github.com/lazinessdevs/lazy-constructs
Ecosystems: Maven, NPM, PyPI
Error Type: NOT_FOUND
Error Message: Repository not found: lazinessdevs/lazy-constructs

Possible Reason:
  Verify the repository URL is correct and the repository still exists. It may have been deleted, made private, or renamed.

Suggested Solution:
  Verify the repository URL is correct and the repository still exists. It may have been deleted, made private, or renamed.

================================================================================

Error #27
--------------------------------------------------------------------------------
Timestamp: 2026-01-26T02:32:41.914306
Repository: https://github.com/p6m7g8/p6-barrier
Ecosystems: Maven, NPM, PyPI
Error Type: NOT_FOUND
Error Message: Repository not found: p6m7g8/p6-barrier

Possible Reason:
  Verify the repository URL is correct and the repository still exists. It may have been deleted, made private, or renamed.

Suggested Solution:
  Verify the repository URL is correct and the repository still exists. It may have been deleted, made private, or renamed.

================================================================================

Error #28
--------------------------------------------------------------------------------
Timestamp: 2026-01-26T02:32:42.293539
Repository: https://github.com/p6m7g8/p6-barrier
Ecosystems: Maven, NPM, PyPI
Error Type: NOT_FOUND
Error Message: Repository not found: p6m7g8/p6-barrier

Possible Reason:
  Verify the repository URL is correct and the repository still exists. It may have been deleted, made private, or renamed.

Suggested Solution:
  Verify the repository URL is correct and the repository still exists. It may have been deleted, made private, or renamed.

================================================================================

Error #29
--------------------------------------------------------------------------------
Timestamp: 2026-01-26T02:32:42.522501
Repository: https://github.com/eladb/jsii-library-template
Ecosystems: Maven, NPM, PyPI
Error Type: NOT_FOUND
Error Message: Repository not found: eladb/jsii-library-template

Possible Reason:
  Verify the repository URL is correct and the repository still exists. It may have been deleted, made private, or renamed.

Suggested Solution:
  Verify the repository URL is correct and the repository still exists. It may have been deleted, made private, or renamed.

================================================================================

Error #30
--------------------------------------------------------------------------------
Timestamp: 2026-01-26T02:32:42.755422
Repository: https://github.com/eladb/jsii-library-template
Ecosystems: Maven, NPM, PyPI
Error Type: NOT_FOUND
Error Message: Repository not found: eladb/jsii-library-template

Possible Reason:
  Verify the repository URL is correct and the repository still exists. It may have been deleted, made private, or renamed.

Suggested Solution:
  Verify the repository URL is correct and the repository still exists. It may have been deleted, made private, or renamed.

================================================================================

Error #31
--------------------------------------------------------------------------------
Timestamp: 2026-01-26T02:32:42.980854
Repository: https://github.com/eladb/awscdk-81-patch
Ecosystems: Maven, NPM, PyPI
Error Type: NOT_FOUND
Error Message: Repository not found: eladb/awscdk-81-patch

Possible Reason:
  Verify the repository URL is correct and the repository still exists. It may have been deleted, made private, or renamed.

Suggested Solution:
  Verify the repository URL is correct and the repository still exists. It may have been deleted, made private, or renamed.

================================================================================

Error #32
--------------------------------------------------------------------------------
Timestamp: 2026-01-26T02:32:43.200655
Repository: https://github.com/eladb/awscdk-81-patch
Ecosystems: Maven, NPM, PyPI
Error Type: NOT_FOUND
Error Message: Repository not found: eladb/awscdk-81-patch

Possible Reason:
  Verify the repository URL is correct and the repository still exists. It may have been deleted, made private, or renamed.

Suggested Solution:
  Verify the repository URL is correct and the repository still exists. It may have been deleted, made private, or renamed.

================================================================================

Error #33
--------------------------------------------------------------------------------
Timestamp: 2026-01-26T02:32:43.442675
Repository: https://github.com/chris/cdk-auth
Ecosystems: Maven, NPM, PyPI
Error Type: NOT_FOUND
Error Message: Repository not found: chris/cdk-auth

Possible Reason:
  Verify the repository URL is correct and the repository still exists. It may have been deleted, made private, or renamed.

Suggested Solution:
  Verify the repository URL is correct and the repository still exists. It may have been deleted, made private, or renamed.

================================================================================

Error #34
--------------------------------------------------------------------------------
Timestamp: 2026-01-26T02:32:43.992464
Repository: https://github.com/chris/cdk-auth
Ecosystems: Maven, NPM, PyPI
Error Type: NOT_FOUND
Error Message: Repository not found: chris/cdk-auth

Possible Reason:
  Verify the repository URL is correct and the repository still exists. It may have been deleted, made private, or renamed.

Suggested Solution:
  Verify the repository URL is correct and the repository still exists. It may have been deleted, made private, or renamed.

================================================================================

Error #35
--------------------------------------------------------------------------------
Timestamp: 2026-01-26T02:32:44.278949
Repository: https://github.com/applitools/eyes.sdk.javascript1
Ecosystems: Maven, NPM, PyPI
Error Type: NOT_FOUND
Error Message: Repository not found: applitools/eyes.sdk.javascript1

Possible Reason:
  Verify the repository URL is correct and the repository still exists. It may have been deleted, made private, or renamed.

Suggested Solution:
  Verify the repository URL is correct and the repository still exists. It may have been deleted, made private, or renamed.

================================================================================

Error #36
--------------------------------------------------------------------------------
Timestamp: 2026-01-26T02:32:44.551198
Repository: https://github.com/applitools/eyes.sdk.javascript1
Ecosystems: Maven, NPM, PyPI
Error Type: NOT_FOUND
Error Message: Repository not found: applitools/eyes.sdk.javascript1

Possible Reason:
  Verify the repository URL is correct and the repository still exists. It may have been deleted, made private, or renamed.

Suggested Solution:
  Verify the repository URL is correct and the repository still exists. It may have been deleted, made private, or renamed.

================================================================================

