================================================================================
Error Log for Maven_Ruby
================================================================================
Total Errors: 6
Generated: 2026-01-26 02:36:49
================================================================================

Error #1
--------------------------------------------------------------------------------
Timestamp: 2026-01-26T02:32:55.731830
Repository: https://github.com/takari/ruby-maven-libs
Ecosystems: Maven, Ruby
Error Type: NOT_FOUND
Error Message: Repository not found: takari/ruby-maven-libs

Possible Reason:
  Verify the repository URL is correct and the repository still exists. It may have been deleted, made private, or renamed.

Suggested Solution:
  Verify the repository URL is correct and the repository still exists. It may have been deleted, made private, or renamed.

================================================================================

Error #2
--------------------------------------------------------------------------------
Timestamp: 2026-01-26T02:32:55.953533
Repository: https://github.com/takari/ruby-maven-libs
Ecosystems: Maven, Ruby
Error Type: NOT_FOUND
Error Message: Repository not found: takari/ruby-maven-libs

Possible Reason:
  Verify the repository URL is correct and the repository still exists. It may have been deleted, made private, or renamed.

Suggested Solution:
  Verify the repository URL is correct and the repository still exists. It may have been deleted, made private, or renamed.

================================================================================

Error #3
--------------------------------------------------------------------------------
Timestamp: 2026-01-26T02:32:56.174441
Repository: https://github.com/sonatype/polyglot-maven
Ecosystems: Maven, Ruby
Error Type: NOT_FOUND
Error Message: Repository not found: sonatype/polyglot-maven

Possible Reason:
  Verify the repository URL is correct and the repository still exists. It may have been deleted, made private, or renamed.

Suggested Solution:
  Verify the repository URL is correct and the repository still exists. It may have been deleted, made private, or renamed.

================================================================================

Error #4
--------------------------------------------------------------------------------
Timestamp: 2026-01-26T02:32:56.386095
Repository: https://github.com/sonatype/polyglot-maven
Ecosystems: Maven, Ruby
Error Type: NOT_FOUND
Error Message: Repository not found: sonatype/polyglot-maven

Possible Reason:
  Verify the repository URL is correct and the repository still exists. It may have been deleted, made private, or renamed.

Suggested Solution:
  Verify the repository URL is correct and the repository still exists. It may have been deleted, made private, or renamed.

================================================================================

Error #5
--------------------------------------------------------------------------------
Timestamp: 2026-01-26T02:32:56.650764
Repository: https://github.com/groupon/message-bus
Ecosystems: Maven, Ruby
Error Type: NOT_FOUND
Error Message: Repository not found: groupon/message-bus

Possible Reason:
  Verify the repository URL is correct and the repository still exists. It may have been deleted, made private, or renamed.

Suggested Solution:
  Verify the repository URL is correct and the repository still exists. It may have been deleted, made private, or renamed.

================================================================================

Error #6
--------------------------------------------------------------------------------
Timestamp: 2026-01-26T02:32:56.921367
Repository: https://github.com/groupon/message-bus
Ecosystems: Maven, Ruby
Error Type: NOT_FOUND
Error Message: Repository not found: groupon/message-bus

Possible Reason:
  Verify the repository URL is correct and the repository still exists. It may have been deleted, made private, or renamed.

Suggested Solution:
  Verify the repository URL is correct and the repository still exists. It may have been deleted, made private, or renamed.

================================================================================

