================================================================================
Error Log for Maven_PHP
================================================================================
Total Errors: 6
Generated: 2026-01-26 02:36:49
================================================================================

Error #1
--------------------------------------------------------------------------------
Timestamp: 2026-01-26T02:32:45.682100
Repository: https://github.com/farbelous/bootstrap-colorpicker
Ecosystems: Maven, PHP
Error Type: NOT_FOUND
Error Message: Repository not found: farbelous/bootstrap-colorpicker

Possible Reason:
  Verify the repository URL is correct and the repository still exists. It may have been deleted, made private, or renamed.

Suggested Solution:
  Verify the repository URL is correct and the repository still exists. It may have been deleted, made private, or renamed.

================================================================================

Error #2
--------------------------------------------------------------------------------
Timestamp: 2026-01-26T02:32:45.912687
Repository: https://github.com/farbelous/bootstrap-colorpicker
Ecosystems: Maven, PHP
Error Type: NOT_FOUND
Error Message: Repository not found: farbelous/bootstrap-colorpicker

Possible Reason:
  Verify the repository URL is correct and the repository still exists. It may have been deleted, made private, or renamed.

Suggested Solution:
  Verify the repository URL is correct and the repository still exists. It may have been deleted, made private, or renamed.

================================================================================

Error #3
--------------------------------------------------------------------------------
Timestamp: 2026-01-26T02:32:46.133117
Repository: https://github.com/ivangabriele/css-reset
Ecosystems: Maven, PHP
Error Type: NOT_FOUND
Error Message: Repository not found: ivangabriele/css-reset

Possible Reason:
  Verify the repository URL is correct and the repository still exists. It may have been deleted, made private, or renamed.

Suggested Solution:
  Verify the repository URL is correct and the repository still exists. It may have been deleted, made private, or renamed.

================================================================================

Error #4
--------------------------------------------------------------------------------
Timestamp: 2026-01-26T02:32:46.350601
Repository: https://github.com/ivangabriele/css-reset
Ecosystems: Maven, PHP
Error Type: NOT_FOUND
Error Message: Repository not found: ivangabriele/css-reset

Possible Reason:
  Verify the repository URL is correct and the repository still exists. It may have been deleted, made private, or renamed.

Suggested Solution:
  Verify the repository URL is correct and the repository still exists. It may have been deleted, made private, or renamed.

================================================================================

Error #5
--------------------------------------------------------------------------------
Timestamp: 2026-01-26T02:32:46.567017
Repository: https://github.com/schxslt/schxslt-redux-xslt1
Ecosystems: Maven, PHP
Error Type: NOT_FOUND
Error Message: Repository not found: schxslt/schxslt-redux-xslt1

Possible Reason:
  Verify the repository URL is correct and the repository still exists. It may have been deleted, made private, or renamed.

Suggested Solution:
  Verify the repository URL is correct and the repository still exists. It may have been deleted, made private, or renamed.

================================================================================

Error #6
--------------------------------------------------------------------------------
Timestamp: 2026-01-26T02:32:46.786052
Repository: https://github.com/schxslt/schxslt-redux-xslt1
Ecosystems: Maven, PHP
Error Type: NOT_FOUND
Error Message: Repository not found: schxslt/schxslt-redux-xslt1

Possible Reason:
  Verify the repository URL is correct and the repository still exists. It may have been deleted, made private, or renamed.

Suggested Solution:
  Verify the repository URL is correct and the repository still exists. It may have been deleted, made private, or renamed.

================================================================================

