================================================================================
Error Log for Maven_NPM_Ruby
================================================================================
Total Errors: 4
Generated: 2026-01-26 02:36:49
================================================================================

Error #1
--------------------------------------------------------------------------------
Timestamp: 2026-01-26T02:32:44.782087
Repository: https://github.com/wikiki/bulma-divider
Ecosystems: Maven, NPM, Ruby
Error Type: NOT_FOUND
Error Message: Repository not found: wikiki/bulma-divider

Possible Reason:
  Verify the repository URL is correct and the repository still exists. It may have been deleted, made private, or renamed.

Suggested Solution:
  Verify the repository URL is correct and the repository still exists. It may have been deleted, made private, or renamed.

================================================================================

Error #2
--------------------------------------------------------------------------------
Timestamp: 2026-01-26T02:32:45.004093
Repository: https://github.com/wikiki/bulma-divider
Ecosystems: Maven, NPM, Ruby
Error Type: NOT_FOUND
Error Message: Repository not found: wikiki/bulma-divider

Possible Reason:
  Verify the repository URL is correct and the repository still exists. It may have been deleted, made private, or renamed.

Suggested Solution:
  Verify the repository URL is correct and the repository still exists. It may have been deleted, made private, or renamed.

================================================================================

Error #3
--------------------------------------------------------------------------------
Timestamp: 2026-01-26T02:32:45.226988
Repository: https://github.com/eddiechayes/automation-test
Ecosystems: Maven, NPM, Ruby
Error Type: NOT_FOUND
Error Message: Repository not found: eddiechayes/automation-test

Possible Reason:
  Verify the repository URL is correct and the repository still exists. It may have been deleted, made private, or renamed.

Suggested Solution:
  Verify the repository URL is correct and the repository still exists. It may have been deleted, made private, or renamed.

================================================================================

Error #4
--------------------------------------------------------------------------------
Timestamp: 2026-01-26T02:32:45.452856
Repository: https://github.com/eddiechayes/automation-test
Ecosystems: Maven, NPM, Ruby
Error Type: NOT_FOUND
Error Message: Repository not found: eddiechayes/automation-test

Possible Reason:
  Verify the repository URL is correct and the repository still exists. It may have been deleted, made private, or renamed.

Suggested Solution:
  Verify the repository URL is correct and the repository still exists. It may have been deleted, made private, or renamed.

================================================================================

