================================================================================
Error Log for Maven_PyPI
================================================================================
Total Errors: 34
Generated: 2026-01-26 02:36:49
================================================================================

Error #1
--------------------------------------------------------------------------------
Timestamp: 2026-01-26T02:32:47.004404
Repository: https://github.com/yourusername/yourproject
Ecosystems: Maven, PyPI
Error Type: NOT_FOUND
Error Message: Repository not found: yourusername/yourproject

Possible Reason:
  Verify the repository URL is correct and the repository still exists. It may have been deleted, made private, or renamed.

Suggested Solution:
  Verify the repository URL is correct and the repository still exists. It may have been deleted, made private, or renamed.

================================================================================

Error #2
--------------------------------------------------------------------------------
Timestamp: 2026-01-26T02:32:47.221128
Repository: https://github.com/yourusername/yourproject
Ecosystems: Maven, PyPI
Error Type: NOT_FOUND
Error Message: Repository not found: yourusername/yourproject

Possible Reason:
  Verify the repository URL is correct and the repository still exists. It may have been deleted, made private, or renamed.

Suggested Solution:
  Verify the repository URL is correct and the repository still exists. It may have been deleted, made private, or renamed.

================================================================================

Error #3
--------------------------------------------------------------------------------
Timestamp: 2026-01-26T02:32:47.466012
Repository: https://github.com/username/project
Ecosystems: Maven, PyPI
Error Type: NOT_FOUND
Error Message: Repository not found: username/project

Possible Reason:
  Verify the repository URL is correct and the repository still exists. It may have been deleted, made private, or renamed.

Suggested Solution:
  Verify the repository URL is correct and the repository still exists. It may have been deleted, made private, or renamed.

================================================================================

Error #4
--------------------------------------------------------------------------------
Timestamp: 2026-01-26T02:32:48.002455
Repository: https://github.com/username/project
Ecosystems: Maven, PyPI
Error Type: NOT_FOUND
Error Message: Repository not found: username/project

Possible Reason:
  Verify the repository URL is correct and the repository still exists. It may have been deleted, made private, or renamed.

Suggested Solution:
  Verify the repository URL is correct and the repository still exists. It may have been deleted, made private, or renamed.

================================================================================

Error #5
--------------------------------------------------------------------------------
Timestamp: 2026-01-26T02:32:48.221452
Repository: https://github.com/aws/asset-node-proxy-agent-v6
Ecosystems: Maven, PyPI
Error Type: NOT_FOUND
Error Message: Repository not found: aws/asset-node-proxy-agent-v6

Possible Reason:
  Verify the repository URL is correct and the repository still exists. It may have been deleted, made private, or renamed.

Suggested Solution:
  Verify the repository URL is correct and the repository still exists. It may have been deleted, made private, or renamed.

================================================================================

Error #6
--------------------------------------------------------------------------------
Timestamp: 2026-01-26T02:32:48.458402
Repository: https://github.com/aws/asset-node-proxy-agent-v6
Ecosystems: Maven, PyPI
Error Type: NOT_FOUND
Error Message: Repository not found: aws/asset-node-proxy-agent-v6

Possible Reason:
  Verify the repository URL is correct and the repository still exists. It may have been deleted, made private, or renamed.

Suggested Solution:
  Verify the repository URL is correct and the repository still exists. It may have been deleted, made private, or renamed.

================================================================================

Error #7
--------------------------------------------------------------------------------
Timestamp: 2026-01-26T02:32:48.679354
Repository: https://github.com/pdef/pdef-java
Ecosystems: Maven, PyPI
Error Type: NOT_FOUND
Error Message: Repository not found: pdef/pdef-java

Possible Reason:
  Verify the repository URL is correct and the repository still exists. It may have been deleted, made private, or renamed.

Suggested Solution:
  Verify the repository URL is correct and the repository still exists. It may have been deleted, made private, or renamed.

================================================================================

Error #8
--------------------------------------------------------------------------------
Timestamp: 2026-01-26T02:32:48.909754
Repository: https://github.com/pdef/pdef-java
Ecosystems: Maven, PyPI
Error Type: NOT_FOUND
Error Message: Repository not found: pdef/pdef-java

Possible Reason:
  Verify the repository URL is correct and the repository still exists. It may have been deleted, made private, or renamed.

Suggested Solution:
  Verify the repository URL is correct and the repository still exists. It may have been deleted, made private, or renamed.

================================================================================

Error #9
--------------------------------------------------------------------------------
Timestamp: 2026-01-26T02:32:49.134473
Repository: https://github.com/xxx/xxxx
Ecosystems: Maven, PyPI
Error Type: NOT_FOUND
Error Message: Repository not found: xxx/xxxx

Possible Reason:
  Verify the repository URL is correct and the repository still exists. It may have been deleted, made private, or renamed.

Suggested Solution:
  Verify the repository URL is correct and the repository still exists. It may have been deleted, made private, or renamed.

================================================================================

Error #10
--------------------------------------------------------------------------------
Timestamp: 2026-01-26T02:32:49.354224
Repository: https://github.com/xxx/xxxx
Ecosystems: Maven, PyPI
Error Type: NOT_FOUND
Error Message: Repository not found: xxx/xxxx

Possible Reason:
  Verify the repository URL is correct and the repository still exists. It may have been deleted, made private, or renamed.

Suggested Solution:
  Verify the repository URL is correct and the repository still exists. It may have been deleted, made private, or renamed.

================================================================================

Error #11
--------------------------------------------------------------------------------
Timestamp: 2026-01-26T02:32:49.594183
Repository: https://github.com/magistvan/match-predicting-ann-server-client
Ecosystems: Maven, PyPI
Error Type: NOT_FOUND
Error Message: Repository not found: magistvan/match-predicting-ann-server-client

Possible Reason:
  Verify the repository URL is correct and the repository still exists. It may have been deleted, made private, or renamed.

Suggested Solution:
  Verify the repository URL is correct and the repository still exists. It may have been deleted, made private, or renamed.

================================================================================

Error #12
--------------------------------------------------------------------------------
Timestamp: 2026-01-26T02:32:49.830599
Repository: https://github.com/magistvan/match-predicting-ann-server-client
Ecosystems: Maven, PyPI
Error Type: NOT_FOUND
Error Message: Repository not found: magistvan/match-predicting-ann-server-client

Possible Reason:
  Verify the repository URL is correct and the repository still exists. It may have been deleted, made private, or renamed.

Suggested Solution:
  Verify the repository URL is correct and the repository still exists. It may have been deleted, made private, or renamed.

================================================================================

Error #13
--------------------------------------------------------------------------------
Timestamp: 2026-01-26T02:32:50.081158
Repository: https://github.com/floydpink/jsii-code-samples
Ecosystems: Maven, PyPI
Error Type: NOT_FOUND
Error Message: Repository not found: floydpink/jsii-code-samples

Possible Reason:
  Verify the repository URL is correct and the repository still exists. It may have been deleted, made private, or renamed.

Suggested Solution:
  Verify the repository URL is correct and the repository still exists. It may have been deleted, made private, or renamed.

================================================================================

Error #14
--------------------------------------------------------------------------------
Timestamp: 2026-01-26T02:32:50.340473
Repository: https://github.com/floydpink/jsii-code-samples
Ecosystems: Maven, PyPI
Error Type: NOT_FOUND
Error Message: Repository not found: floydpink/jsii-code-samples

Possible Reason:
  Verify the repository URL is correct and the repository still exists. It may have been deleted, made private, or renamed.

Suggested Solution:
  Verify the repository URL is correct and the repository still exists. It may have been deleted, made private, or renamed.

================================================================================

Error #15
--------------------------------------------------------------------------------
Timestamp: 2026-01-26T02:32:50.592651
Repository: https://github.com/cubedm/jwt-auth-modules
Ecosystems: Maven, PyPI
Error Type: NOT_FOUND
Error Message: Repository not found: cubedm/jwt-auth-modules

Possible Reason:
  Verify the repository URL is correct and the repository still exists. It may have been deleted, made private, or renamed.

Suggested Solution:
  Verify the repository URL is correct and the repository still exists. It may have been deleted, made private, or renamed.

================================================================================

Error #16
--------------------------------------------------------------------------------
Timestamp: 2026-01-26T02:32:50.864165
Repository: https://github.com/cubedm/jwt-auth-modules
Ecosystems: Maven, PyPI
Error Type: NOT_FOUND
Error Message: Repository not found: cubedm/jwt-auth-modules

Possible Reason:
  Verify the repository URL is correct and the repository still exists. It may have been deleted, made private, or renamed.

Suggested Solution:
  Verify the repository URL is correct and the repository still exists. It may have been deleted, made private, or renamed.

================================================================================

Error #17
--------------------------------------------------------------------------------
Timestamp: 2026-01-26T02:32:51.132550
Repository: https://github.com/cdklabs/cdk-pipelines-codecatalyst
Ecosystems: Maven, PyPI
Error Type: NOT_FOUND
Error Message: Repository not found: cdklabs/cdk-pipelines-codecatalyst

Possible Reason:
  Verify the repository URL is correct and the repository still exists. It may have been deleted, made private, or renamed.

Suggested Solution:
  Verify the repository URL is correct and the repository still exists. It may have been deleted, made private, or renamed.

================================================================================

Error #18
--------------------------------------------------------------------------------
Timestamp: 2026-01-26T02:32:51.437745
Repository: https://github.com/cdklabs/cdk-pipelines-codecatalyst
Ecosystems: Maven, PyPI
Error Type: NOT_FOUND
Error Message: Repository not found: cdklabs/cdk-pipelines-codecatalyst

Possible Reason:
  Verify the repository URL is correct and the repository still exists. It may have been deleted, made private, or renamed.

Suggested Solution:
  Verify the repository URL is correct and the repository still exists. It may have been deleted, made private, or renamed.

================================================================================

Error #19
--------------------------------------------------------------------------------
Timestamp: 2026-01-26T02:32:51.752994
Repository: https://github.com/blinq-io/selenium-session-manager
Ecosystems: Maven, PyPI
Error Type: NOT_FOUND
Error Message: Repository not found: blinq-io/selenium-session-manager

Possible Reason:
  Verify the repository URL is correct and the repository still exists. It may have been deleted, made private, or renamed.

Suggested Solution:
  Verify the repository URL is correct and the repository still exists. It may have been deleted, made private, or renamed.

================================================================================

Error #20
--------------------------------------------------------------------------------
Timestamp: 2026-01-26T02:32:52.022076
Repository: https://github.com/blinq-io/selenium-session-manager
Ecosystems: Maven, PyPI
Error Type: NOT_FOUND
Error Message: Repository not found: blinq-io/selenium-session-manager

Possible Reason:
  Verify the repository URL is correct and the repository still exists. It may have been deleted, made private, or renamed.

Suggested Solution:
  Verify the repository URL is correct and the repository still exists. It may have been deleted, made private, or renamed.

================================================================================

Error #21
--------------------------------------------------------------------------------
Timestamp: 2026-01-26T02:32:52.277644
Repository: https://github.com/snowflakedb/snowflake-ingest-sdk
Ecosystems: Maven, PyPI
Error Type: NOT_FOUND
Error Message: Repository not found: snowflakedb/snowflake-ingest-sdk

Possible Reason:
  Verify the repository URL is correct and the repository still exists. It may have been deleted, made private, or renamed.

Suggested Solution:
  Verify the repository URL is correct and the repository still exists. It may have been deleted, made private, or renamed.

================================================================================

Error #22
--------------------------------------------------------------------------------
Timestamp: 2026-01-26T02:32:52.551630
Repository: https://github.com/snowflakedb/snowflake-ingest-sdk
Ecosystems: Maven, PyPI
Error Type: NOT_FOUND
Error Message: Repository not found: snowflakedb/snowflake-ingest-sdk

Possible Reason:
  Verify the repository URL is correct and the repository still exists. It may have been deleted, made private, or renamed.

Suggested Solution:
  Verify the repository URL is correct and the repository still exists. It may have been deleted, made private, or renamed.

================================================================================

Error #23
--------------------------------------------------------------------------------
Timestamp: 2026-01-26T02:32:52.783327
Repository: https://github.com/nebraska-dev/cronk
Ecosystems: Maven, PyPI
Error Type: NOT_FOUND
Error Message: Repository not found: nebraska-dev/cronk

Possible Reason:
  Verify the repository URL is correct and the repository still exists. It may have been deleted, made private, or renamed.

Suggested Solution:
  Verify the repository URL is correct and the repository still exists. It may have been deleted, made private, or renamed.

================================================================================

Error #24
--------------------------------------------------------------------------------
Timestamp: 2026-01-26T02:32:53.032447
Repository: https://github.com/nebraska-dev/cronk
Ecosystems: Maven, PyPI
Error Type: NOT_FOUND
Error Message: Repository not found: nebraska-dev/cronk

Possible Reason:
  Verify the repository URL is correct and the repository still exists. It may have been deleted, made private, or renamed.

Suggested Solution:
  Verify the repository URL is correct and the repository still exists. It may have been deleted, made private, or renamed.

================================================================================

Error #25
--------------------------------------------------------------------------------
Timestamp: 2026-01-26T02:32:53.288915
Repository: https://github.com/infrmods/xbus-client
Ecosystems: Maven, PyPI
Error Type: NOT_FOUND
Error Message: Repository not found: infrmods/xbus-client

Possible Reason:
  Verify the repository URL is correct and the repository still exists. It may have been deleted, made private, or renamed.

Suggested Solution:
  Verify the repository URL is correct and the repository still exists. It may have been deleted, made private, or renamed.

================================================================================

Error #26
--------------------------------------------------------------------------------
Timestamp: 2026-01-26T02:32:53.552773
Repository: https://github.com/infrmods/xbus-client
Ecosystems: Maven, PyPI
Error Type: NOT_FOUND
Error Message: Repository not found: infrmods/xbus-client

Possible Reason:
  Verify the repository URL is correct and the repository still exists. It may have been deleted, made private, or renamed.

Suggested Solution:
  Verify the repository URL is correct and the repository still exists. It may have been deleted, made private, or renamed.

================================================================================

Error #27
--------------------------------------------------------------------------------
Timestamp: 2026-01-26T02:32:53.782400
Repository: https://github.com/th2-net/th2-grpc-books-validation
Ecosystems: Maven, PyPI
Error Type: NOT_FOUND
Error Message: Repository not found: th2-net/th2-grpc-books-validation

Possible Reason:
  Verify the repository URL is correct and the repository still exists. It may have been deleted, made private, or renamed.

Suggested Solution:
  Verify the repository URL is correct and the repository still exists. It may have been deleted, made private, or renamed.

================================================================================

Error #28
--------------------------------------------------------------------------------
Timestamp: 2026-01-26T02:32:54.002606
Repository: https://github.com/th2-net/th2-grpc-books-validation
Ecosystems: Maven, PyPI
Error Type: NOT_FOUND
Error Message: Repository not found: th2-net/th2-grpc-books-validation

Possible Reason:
  Verify the repository URL is correct and the repository still exists. It may have been deleted, made private, or renamed.

Suggested Solution:
  Verify the repository URL is correct and the repository still exists. It may have been deleted, made private, or renamed.

================================================================================

Error #29
--------------------------------------------------------------------------------
Timestamp: 2026-01-26T02:32:54.254225
Repository: https://github.com/4paradigm/sparkfe
Ecosystems: Maven, PyPI
Error Type: NOT_FOUND
Error Message: Repository not found: 4paradigm/sparkfe

Possible Reason:
  Verify the repository URL is correct and the repository still exists. It may have been deleted, made private, or renamed.

Suggested Solution:
  Verify the repository URL is correct and the repository still exists. It may have been deleted, made private, or renamed.

================================================================================

Error #30
--------------------------------------------------------------------------------
Timestamp: 2026-01-26T02:32:54.509574
Repository: https://github.com/4paradigm/sparkfe
Ecosystems: Maven, PyPI
Error Type: NOT_FOUND
Error Message: Repository not found: 4paradigm/sparkfe

Possible Reason:
  Verify the repository URL is correct and the repository still exists. It may have been deleted, made private, or renamed.

Suggested Solution:
  Verify the repository URL is correct and the repository still exists. It may have been deleted, made private, or renamed.

================================================================================

Error #31
--------------------------------------------------------------------------------
Timestamp: 2026-01-26T02:32:54.757271
Repository: https://github.com/xiangxinai/xiangxin-guardrails
Ecosystems: Maven, PyPI
Error Type: NOT_FOUND
Error Message: Repository not found: xiangxinai/xiangxin-guardrails

Possible Reason:
  Verify the repository URL is correct and the repository still exists. It may have been deleted, made private, or renamed.

Suggested Solution:
  Verify the repository URL is correct and the repository still exists. It may have been deleted, made private, or renamed.

================================================================================

Error #32
--------------------------------------------------------------------------------
Timestamp: 2026-01-26T02:32:55.022006
Repository: https://github.com/xiangxinai/xiangxin-guardrails
Ecosystems: Maven, PyPI
Error Type: NOT_FOUND
Error Message: Repository not found: xiangxinai/xiangxin-guardrails

Possible Reason:
  Verify the repository URL is correct and the repository still exists. It may have been deleted, made private, or renamed.

Suggested Solution:
  Verify the repository URL is correct and the repository still exists. It may have been deleted, made private, or renamed.

================================================================================

Error #33
--------------------------------------------------------------------------------
Timestamp: 2026-01-26T02:32:55.267185
Repository: https://github.com/echosistema/echointel-sdk
Ecosystems: Maven, PyPI
Error Type: NOT_FOUND
Error Message: Repository not found: echosistema/echointel-sdk

Possible Reason:
  Verify the repository URL is correct and the repository still exists. It may have been deleted, made private, or renamed.

Suggested Solution:
  Verify the repository URL is correct and the repository still exists. It may have been deleted, made private, or renamed.

================================================================================

Error #34
--------------------------------------------------------------------------------
Timestamp: 2026-01-26T02:32:55.493432
Repository: https://github.com/echosistema/echointel-sdk
Ecosystems: Maven, PyPI
Error Type: NOT_FOUND
Error Message: Repository not found: echosistema/echointel-sdk

Possible Reason:
  Verify the repository URL is correct and the repository still exists. It may have been deleted, made private, or renamed.

Suggested Solution:
  Verify the repository URL is correct and the repository still exists. It may have been deleted, made private, or renamed.

================================================================================

