================================================================================
Error Log for NPM_PHP_PyPI
================================================================================
Total Errors: 4
Generated: 2026-01-26 02:36:49
================================================================================

Error #1
--------------------------------------------------------------------------------
Timestamp: 2026-01-26T02:33:06.000582
Repository: https://github.com/ridi/cms-sdk
Ecosystems: NPM, PHP, PyPI
Error Type: NOT_FOUND
Error Message: Repository not found: ridi/cms-sdk

Possible Reason:
  Verify the repository URL is correct and the repository still exists. It may have been deleted, made private, or renamed.

Suggested Solution:
  Verify the repository URL is correct and the repository still exists. It may have been deleted, made private, or renamed.

================================================================================

Error #2
--------------------------------------------------------------------------------
Timestamp: 2026-01-26T02:33:06.277569
Repository: https://github.com/ridi/cms-sdk
Ecosystems: NPM, PHP, PyPI
Error Type: NOT_FOUND
Error Message: Repository not found: ridi/cms-sdk

Possible Reason:
  Verify the repository URL is correct and the repository still exists. It may have been deleted, made private, or renamed.

Suggested Solution:
  Verify the repository URL is correct and the repository still exists. It may have been deleted, made private, or renamed.

================================================================================

Error #3
--------------------------------------------------------------------------------
Timestamp: 2026-01-26T02:33:06.547244
Repository: https://github.com/mgks/shaml
Ecosystems: NPM, PHP, PyPI
Error Type: NOT_FOUND
Error Message: Repository not found: mgks/shaml

Possible Reason:
  Verify the repository URL is correct and the repository still exists. It may have been deleted, made private, or renamed.

Suggested Solution:
  Verify the repository URL is correct and the repository still exists. It may have been deleted, made private, or renamed.

================================================================================

Error #4
--------------------------------------------------------------------------------
Timestamp: 2026-01-26T02:33:06.801376
Repository: https://github.com/mgks/shaml
Ecosystems: NPM, PHP, PyPI
Error Type: NOT_FOUND
Error Message: Repository not found: mgks/shaml

Possible Reason:
  Verify the repository URL is correct and the repository still exists. It may have been deleted, made private, or renamed.

Suggested Solution:
  Verify the repository URL is correct and the repository still exists. It may have been deleted, made private, or renamed.

================================================================================

