================================================================================
Error Log for NPM_Ruby
================================================================================
Total Errors: 58
Generated: 2026-01-26 02:36:49
================================================================================

Error #1
--------------------------------------------------------------------------------
Timestamp: 2026-01-26T02:36:29.686699
Repository: https://github.com/buoysoftware/anchor_view_components
Ecosystems: NPM, Ruby
Error Type: NOT_FOUND
Error Message: Repository not found: buoysoftware/anchor_view_components

Possible Reason:
  Verify the repository URL is correct and the repository still exists. It may have been deleted, made private, or renamed.

Suggested Solution:
  Verify the repository URL is correct and the repository still exists. It may have been deleted, made private, or renamed.

================================================================================

Error #2
--------------------------------------------------------------------------------
Timestamp: 2026-01-26T02:36:29.941592
Repository: https://github.com/buoysoftware/anchor_view_components
Ecosystems: NPM, Ruby
Error Type: NOT_FOUND
Error Message: Repository not found: buoysoftware/anchor_view_components

Possible Reason:
  Verify the repository URL is correct and the repository still exists. It may have been deleted, made private, or renamed.

Suggested Solution:
  Verify the repository URL is correct and the repository still exists. It may have been deleted, made private, or renamed.

================================================================================

Error #3
--------------------------------------------------------------------------------
Timestamp: 2026-01-26T02:36:30.197878
Repository: https://github.com/figurepos/dev-tool-configuration
Ecosystems: NPM, Ruby
Error Type: NOT_FOUND
Error Message: Repository not found: figurepos/dev-tool-configuration

Possible Reason:
  Verify the repository URL is correct and the repository still exists. It may have been deleted, made private, or renamed.

Suggested Solution:
  Verify the repository URL is correct and the repository still exists. It may have been deleted, made private, or renamed.

================================================================================

Error #4
--------------------------------------------------------------------------------
Timestamp: 2026-01-26T02:36:30.435187
Repository: https://github.com/figurepos/dev-tool-configuration
Ecosystems: NPM, Ruby
Error Type: NOT_FOUND
Error Message: Repository not found: figurepos/dev-tool-configuration

Possible Reason:
  Verify the repository URL is correct and the repository still exists. It may have been deleted, made private, or renamed.

Suggested Solution:
  Verify the repository URL is correct and the repository still exists. It may have been deleted, made private, or renamed.

================================================================================

Error #5
--------------------------------------------------------------------------------
Timestamp: 2026-01-26T02:36:30.718368
Repository: https://github.com/shopify/sewing-kit
Ecosystems: NPM, Ruby
Error Type: NOT_FOUND
Error Message: Repository not found: shopify/sewing-kit

Possible Reason:
  Verify the repository URL is correct and the repository still exists. It may have been deleted, made private, or renamed.

Suggested Solution:
  Verify the repository URL is correct and the repository still exists. It may have been deleted, made private, or renamed.

================================================================================

Error #6
--------------------------------------------------------------------------------
Timestamp: 2026-01-26T02:36:31.003787
Repository: https://github.com/shopify/sewing-kit
Ecosystems: NPM, Ruby
Error Type: NOT_FOUND
Error Message: Repository not found: shopify/sewing-kit

Possible Reason:
  Verify the repository URL is correct and the repository still exists. It may have been deleted, made private, or renamed.

Suggested Solution:
  Verify the repository URL is correct and the repository still exists. It may have been deleted, made private, or renamed.

================================================================================

Error #7
--------------------------------------------------------------------------------
Timestamp: 2026-01-26T02:36:31.245756
Repository: https://github.com/rainforestapp/wisp
Ecosystems: NPM, Ruby
Error Type: NOT_FOUND
Error Message: Repository not found: rainforestapp/wisp

Possible Reason:
  Verify the repository URL is correct and the repository still exists. It may have been deleted, made private, or renamed.

Suggested Solution:
  Verify the repository URL is correct and the repository still exists. It may have been deleted, made private, or renamed.

================================================================================

Error #8
--------------------------------------------------------------------------------
Timestamp: 2026-01-26T02:36:31.789706
Repository: https://github.com/rainforestapp/wisp
Ecosystems: NPM, Ruby
Error Type: NOT_FOUND
Error Message: Repository not found: rainforestapp/wisp

Possible Reason:
  Verify the repository URL is correct and the repository still exists. It may have been deleted, made private, or renamed.

Suggested Solution:
  Verify the repository URL is correct and the repository still exists. It may have been deleted, made private, or renamed.

================================================================================

Error #9
--------------------------------------------------------------------------------
Timestamp: 2026-01-26T02:36:32.050188
Repository: https://github.com/trailervote/trailervote-api-clients
Ecosystems: NPM, Ruby
Error Type: NOT_FOUND
Error Message: Repository not found: trailervote/trailervote-api-clients

Possible Reason:
  Verify the repository URL is correct and the repository still exists. It may have been deleted, made private, or renamed.

Suggested Solution:
  Verify the repository URL is correct and the repository still exists. It may have been deleted, made private, or renamed.

================================================================================

Error #10
--------------------------------------------------------------------------------
Timestamp: 2026-01-26T02:36:32.305129
Repository: https://github.com/trailervote/trailervote-api-clients
Ecosystems: NPM, Ruby
Error Type: NOT_FOUND
Error Message: Repository not found: trailervote/trailervote-api-clients

Possible Reason:
  Verify the repository URL is correct and the repository still exists. It may have been deleted, made private, or renamed.

Suggested Solution:
  Verify the repository URL is correct and the repository still exists. It may have been deleted, made private, or renamed.

================================================================================

Error #11
--------------------------------------------------------------------------------
Timestamp: 2026-01-26T02:36:32.579917
Repository: https://github.com/watermarkchurch/paper-signs
Ecosystems: NPM, Ruby
Error Type: NOT_FOUND
Error Message: Repository not found: watermarkchurch/paper-signs

Possible Reason:
  Verify the repository URL is correct and the repository still exists. It may have been deleted, made private, or renamed.

Suggested Solution:
  Verify the repository URL is correct and the repository still exists. It may have been deleted, made private, or renamed.

================================================================================

Error #12
--------------------------------------------------------------------------------
Timestamp: 2026-01-26T02:36:32.833752
Repository: https://github.com/watermarkchurch/paper-signs
Ecosystems: NPM, Ruby
Error Type: NOT_FOUND
Error Message: Repository not found: watermarkchurch/paper-signs

Possible Reason:
  Verify the repository URL is correct and the repository still exists. It may have been deleted, made private, or renamed.

Suggested Solution:
  Verify the repository URL is correct and the repository still exists. It may have been deleted, made private, or renamed.

================================================================================

Error #13
--------------------------------------------------------------------------------
Timestamp: 2026-01-26T02:36:33.087286
Repository: https://github.com/wikipaddle/protobuf
Ecosystems: NPM, Ruby
Error Type: NOT_FOUND
Error Message: Repository not found: wikipaddle/protobuf

Possible Reason:
  Verify the repository URL is correct and the repository still exists. It may have been deleted, made private, or renamed.

Suggested Solution:
  Verify the repository URL is correct and the repository still exists. It may have been deleted, made private, or renamed.

================================================================================

Error #14
--------------------------------------------------------------------------------
Timestamp: 2026-01-26T02:36:33.359392
Repository: https://github.com/wikipaddle/protobuf
Ecosystems: NPM, Ruby
Error Type: NOT_FOUND
Error Message: Repository not found: wikipaddle/protobuf

Possible Reason:
  Verify the repository URL is correct and the repository still exists. It may have been deleted, made private, or renamed.

Suggested Solution:
  Verify the repository URL is correct and the repository still exists. It may have been deleted, made private, or renamed.

================================================================================

Error #15
--------------------------------------------------------------------------------
Timestamp: 2026-01-26T02:36:33.592320
Repository: https://github.com/markusbansky/afgor-framework
Ecosystems: NPM, Ruby
Error Type: NOT_FOUND
Error Message: Repository not found: markusbansky/afgor-framework

Possible Reason:
  Verify the repository URL is correct and the repository still exists. It may have been deleted, made private, or renamed.

Suggested Solution:
  Verify the repository URL is correct and the repository still exists. It may have been deleted, made private, or renamed.

================================================================================

Error #16
--------------------------------------------------------------------------------
Timestamp: 2026-01-26T02:36:33.834004
Repository: https://github.com/markusbansky/afgor-framework
Ecosystems: NPM, Ruby
Error Type: NOT_FOUND
Error Message: Repository not found: markusbansky/afgor-framework

Possible Reason:
  Verify the repository URL is correct and the repository still exists. It may have been deleted, made private, or renamed.

Suggested Solution:
  Verify the repository URL is correct and the repository still exists. It may have been deleted, made private, or renamed.

================================================================================

Error #17
--------------------------------------------------------------------------------
Timestamp: 2026-01-26T02:36:34.049534
Repository: https://github.com/finelineprototyping/angularjs-rails-resource
Ecosystems: NPM, Ruby
Error Type: NOT_FOUND
Error Message: Repository not found: finelineprototyping/angularjs-rails-resource

Possible Reason:
  Verify the repository URL is correct and the repository still exists. It may have been deleted, made private, or renamed.

Suggested Solution:
  Verify the repository URL is correct and the repository still exists. It may have been deleted, made private, or renamed.

================================================================================

Error #18
--------------------------------------------------------------------------------
Timestamp: 2026-01-26T02:36:34.282497
Repository: https://github.com/finelineprototyping/angularjs-rails-resource
Ecosystems: NPM, Ruby
Error Type: NOT_FOUND
Error Message: Repository not found: finelineprototyping/angularjs-rails-resource

Possible Reason:
  Verify the repository URL is correct and the repository still exists. It may have been deleted, made private, or renamed.

Suggested Solution:
  Verify the repository URL is correct and the repository still exists. It may have been deleted, made private, or renamed.

================================================================================

Error #19
--------------------------------------------------------------------------------
Timestamp: 2026-01-26T02:36:34.515392
Repository: https://github.com/username/bridgetown-avatar
Ecosystems: NPM, Ruby
Error Type: NOT_FOUND
Error Message: Repository not found: username/bridgetown-avatar

Possible Reason:
  Verify the repository URL is correct and the repository still exists. It may have been deleted, made private, or renamed.

Suggested Solution:
  Verify the repository URL is correct and the repository still exists. It may have been deleted, made private, or renamed.

================================================================================

Error #20
--------------------------------------------------------------------------------
Timestamp: 2026-01-26T02:36:34.727117
Repository: https://github.com/username/bridgetown-avatar
Ecosystems: NPM, Ruby
Error Type: NOT_FOUND
Error Message: Repository not found: username/bridgetown-avatar

Possible Reason:
  Verify the repository URL is correct and the repository still exists. It may have been deleted, made private, or renamed.

Suggested Solution:
  Verify the repository URL is correct and the repository still exists. It may have been deleted, made private, or renamed.

================================================================================

Error #21
--------------------------------------------------------------------------------
Timestamp: 2026-01-26T02:36:34.976453
Repository: https://github.com/crown-commercial-service/cmp-design-prototype
Ecosystems: NPM, Ruby
Error Type: NOT_FOUND
Error Message: Repository not found: crown-commercial-service/cmp-design-prototype

Possible Reason:
  Verify the repository URL is correct and the repository still exists. It may have been deleted, made private, or renamed.

Suggested Solution:
  Verify the repository URL is correct and the repository still exists. It may have been deleted, made private, or renamed.

================================================================================

Error #22
--------------------------------------------------------------------------------
Timestamp: 2026-01-26T02:36:35.541854
Repository: https://github.com/crown-commercial-service/cmp-design-prototype
Ecosystems: NPM, Ruby
Error Type: NOT_FOUND
Error Message: Repository not found: crown-commercial-service/cmp-design-prototype

Possible Reason:
  Verify the repository URL is correct and the repository still exists. It may have been deleted, made private, or renamed.

Suggested Solution:
  Verify the repository URL is correct and the repository still exists. It may have been deleted, made private, or renamed.

================================================================================

Error #23
--------------------------------------------------------------------------------
Timestamp: 2026-01-26T02:36:35.795128
Repository: https://github.com/gbarctester2/dpltest
Ecosystems: NPM, Ruby
Error Type: NOT_FOUND
Error Message: Repository not found: gbarctester2/dpltest

Possible Reason:
  Verify the repository URL is correct and the repository still exists. It may have been deleted, made private, or renamed.

Suggested Solution:
  Verify the repository URL is correct and the repository still exists. It may have been deleted, made private, or renamed.

================================================================================

Error #24
--------------------------------------------------------------------------------
Timestamp: 2026-01-26T02:36:36.036905
Repository: https://github.com/gbarctester2/dpltest
Ecosystems: NPM, Ruby
Error Type: NOT_FOUND
Error Message: Repository not found: gbarctester2/dpltest

Possible Reason:
  Verify the repository URL is correct and the repository still exists. It may have been deleted, made private, or renamed.

Suggested Solution:
  Verify the repository URL is correct and the repository still exists. It may have been deleted, made private, or renamed.

================================================================================

Error #25
--------------------------------------------------------------------------------
Timestamp: 2026-01-26T02:36:36.310623
Repository: https://github.com/netguru/react_webpack_rails
Ecosystems: NPM, Ruby
Error Type: NOT_FOUND
Error Message: Repository not found: netguru/react_webpack_rails

Possible Reason:
  Verify the repository URL is correct and the repository still exists. It may have been deleted, made private, or renamed.

Suggested Solution:
  Verify the repository URL is correct and the repository still exists. It may have been deleted, made private, or renamed.

================================================================================

Error #26
--------------------------------------------------------------------------------
Timestamp: 2026-01-26T02:36:36.569514
Repository: https://github.com/netguru/react_webpack_rails
Ecosystems: NPM, Ruby
Error Type: NOT_FOUND
Error Message: Repository not found: netguru/react_webpack_rails

Possible Reason:
  Verify the repository URL is correct and the repository still exists. It may have been deleted, made private, or renamed.

Suggested Solution:
  Verify the repository URL is correct and the repository still exists. It may have been deleted, made private, or renamed.

================================================================================

Error #27
--------------------------------------------------------------------------------
Timestamp: 2026-01-26T02:36:36.787677
Repository: https://github.com/llskin/rubyfacialmassage
Ecosystems: NPM, Ruby
Error Type: NOT_FOUND
Error Message: Repository not found: llskin/rubyfacialmassage

Possible Reason:
  Verify the repository URL is correct and the repository still exists. It may have been deleted, made private, or renamed.

Suggested Solution:
  Verify the repository URL is correct and the repository still exists. It may have been deleted, made private, or renamed.

================================================================================

Error #28
--------------------------------------------------------------------------------
Timestamp: 2026-01-26T02:36:37.002521
Repository: https://github.com/llskin/rubyfacialmassage
Ecosystems: NPM, Ruby
Error Type: NOT_FOUND
Error Message: Repository not found: llskin/rubyfacialmassage

Possible Reason:
  Verify the repository URL is correct and the repository still exists. It may have been deleted, made private, or renamed.

Suggested Solution:
  Verify the repository URL is correct and the repository still exists. It may have been deleted, made private, or renamed.

================================================================================

Error #29
--------------------------------------------------------------------------------
Timestamp: 2026-01-26T02:36:37.555174
Repository: https://github.com/powa/gtin
Ecosystems: NPM, Ruby
Error Type: NOT_FOUND
Error Message: Repository not found: powa/gtin

Possible Reason:
  Verify the repository URL is correct and the repository still exists. It may have been deleted, made private, or renamed.

Suggested Solution:
  Verify the repository URL is correct and the repository still exists. It may have been deleted, made private, or renamed.

================================================================================

Error #30
--------------------------------------------------------------------------------
Timestamp: 2026-01-26T02:36:37.781377
Repository: https://github.com/powa/gtin
Ecosystems: NPM, Ruby
Error Type: NOT_FOUND
Error Message: Repository not found: powa/gtin

Possible Reason:
  Verify the repository URL is correct and the repository still exists. It may have been deleted, made private, or renamed.

Suggested Solution:
  Verify the repository URL is correct and the repository still exists. It may have been deleted, made private, or renamed.

================================================================================

Error #31
--------------------------------------------------------------------------------
Timestamp: 2026-01-26T02:36:38.053989
Repository: https://github.com/insiting/headmin
Ecosystems: NPM, Ruby
Error Type: NOT_FOUND
Error Message: Repository not found: insiting/headmin

Possible Reason:
  Verify the repository URL is correct and the repository still exists. It may have been deleted, made private, or renamed.

Suggested Solution:
  Verify the repository URL is correct and the repository still exists. It may have been deleted, made private, or renamed.

================================================================================

Error #32
--------------------------------------------------------------------------------
Timestamp: 2026-01-26T02:36:38.321813
Repository: https://github.com/insiting/headmin
Ecosystems: NPM, Ruby
Error Type: NOT_FOUND
Error Message: Repository not found: insiting/headmin

Possible Reason:
  Verify the repository URL is correct and the repository still exists. It may have been deleted, made private, or renamed.

Suggested Solution:
  Verify the repository URL is correct and the repository still exists. It may have been deleted, made private, or renamed.

================================================================================

Error #33
--------------------------------------------------------------------------------
Timestamp: 2026-01-26T02:36:38.569698
Repository: https://github.com/marcoroth/herbst
Ecosystems: NPM, Ruby
Error Type: NOT_FOUND
Error Message: Repository not found: marcoroth/herbst

Possible Reason:
  Verify the repository URL is correct and the repository still exists. It may have been deleted, made private, or renamed.

Suggested Solution:
  Verify the repository URL is correct and the repository still exists. It may have been deleted, made private, or renamed.

================================================================================

Error #34
--------------------------------------------------------------------------------
Timestamp: 2026-01-26T02:36:38.804160
Repository: https://github.com/marcoroth/herbst
Ecosystems: NPM, Ruby
Error Type: NOT_FOUND
Error Message: Repository not found: marcoroth/herbst

Possible Reason:
  Verify the repository URL is correct and the repository still exists. It may have been deleted, made private, or renamed.

Suggested Solution:
  Verify the repository URL is correct and the repository still exists. It may have been deleted, made private, or renamed.

================================================================================

Error #35
--------------------------------------------------------------------------------
Timestamp: 2026-01-26T02:36:39.038974
Repository: https://github.com/abd3lraouf/jekyll-theme-abd3lraouf
Ecosystems: NPM, Ruby
Error Type: NOT_FOUND
Error Message: Repository not found: abd3lraouf/jekyll-theme-abd3lraouf

Possible Reason:
  Verify the repository URL is correct and the repository still exists. It may have been deleted, made private, or renamed.

Suggested Solution:
  Verify the repository URL is correct and the repository still exists. It may have been deleted, made private, or renamed.

================================================================================

Error #36
--------------------------------------------------------------------------------
Timestamp: 2026-01-26T02:36:39.278006
Repository: https://github.com/abd3lraouf/jekyll-theme-abd3lraouf
Ecosystems: NPM, Ruby
Error Type: NOT_FOUND
Error Message: Repository not found: abd3lraouf/jekyll-theme-abd3lraouf

Possible Reason:
  Verify the repository URL is correct and the repository still exists. It may have been deleted, made private, or renamed.

Suggested Solution:
  Verify the repository URL is correct and the repository still exists. It may have been deleted, made private, or renamed.

================================================================================

Error #37
--------------------------------------------------------------------------------
Timestamp: 2026-01-26T02:36:39.812990
Repository: https://github.com/jcaru/pigman
Ecosystems: NPM, Ruby
Error Type: NOT_FOUND
Error Message: Repository not found: jcaru/pigman

Possible Reason:
  Verify the repository URL is correct and the repository still exists. It may have been deleted, made private, or renamed.

Suggested Solution:
  Verify the repository URL is correct and the repository still exists. It may have been deleted, made private, or renamed.

================================================================================

Error #38
--------------------------------------------------------------------------------
Timestamp: 2026-01-26T02:36:40.040218
Repository: https://github.com/jcaru/pigman
Ecosystems: NPM, Ruby
Error Type: NOT_FOUND
Error Message: Repository not found: jcaru/pigman

Possible Reason:
  Verify the repository URL is correct and the repository still exists. It may have been deleted, made private, or renamed.

Suggested Solution:
  Verify the repository URL is correct and the repository still exists. It may have been deleted, made private, or renamed.

================================================================================

Error #39
--------------------------------------------------------------------------------
Timestamp: 2026-01-26T02:36:40.297118
Repository: https://github.com/netguru/rwr-redux
Ecosystems: NPM, Ruby
Error Type: NOT_FOUND
Error Message: Repository not found: netguru/rwr-redux

Possible Reason:
  Verify the repository URL is correct and the repository still exists. It may have been deleted, made private, or renamed.

Suggested Solution:
  Verify the repository URL is correct and the repository still exists. It may have been deleted, made private, or renamed.

================================================================================

Error #40
--------------------------------------------------------------------------------
Timestamp: 2026-01-26T02:36:40.566255
Repository: https://github.com/netguru/rwr-redux
Ecosystems: NPM, Ruby
Error Type: NOT_FOUND
Error Message: Repository not found: netguru/rwr-redux

Possible Reason:
  Verify the repository URL is correct and the repository still exists. It may have been deleted, made private, or renamed.

Suggested Solution:
  Verify the repository URL is correct and the repository still exists. It may have been deleted, made private, or renamed.

================================================================================

Error #41
--------------------------------------------------------------------------------
Timestamp: 2026-01-26T02:36:40.809450
Repository: https://github.com/netguru/rwr-alt
Ecosystems: NPM, Ruby
Error Type: NOT_FOUND
Error Message: Repository not found: netguru/rwr-alt

Possible Reason:
  Verify the repository URL is correct and the repository still exists. It may have been deleted, made private, or renamed.

Suggested Solution:
  Verify the repository URL is correct and the repository still exists. It may have been deleted, made private, or renamed.

================================================================================

Error #42
--------------------------------------------------------------------------------
Timestamp: 2026-01-26T02:36:41.053306
Repository: https://github.com/netguru/rwr-alt
Ecosystems: NPM, Ruby
Error Type: NOT_FOUND
Error Message: Repository not found: netguru/rwr-alt

Possible Reason:
  Verify the repository URL is correct and the repository still exists. It may have been deleted, made private, or renamed.

Suggested Solution:
  Verify the repository URL is correct and the repository still exists. It may have been deleted, made private, or renamed.

================================================================================

Error #43
--------------------------------------------------------------------------------
Timestamp: 2026-01-26T02:36:41.320672
Repository: https://github.com/netguru/rwr-view_helpers
Ecosystems: NPM, Ruby
Error Type: NOT_FOUND
Error Message: Repository not found: netguru/rwr-view_helpers

Possible Reason:
  Verify the repository URL is correct and the repository still exists. It may have been deleted, made private, or renamed.

Suggested Solution:
  Verify the repository URL is correct and the repository still exists. It may have been deleted, made private, or renamed.

================================================================================

Error #44
--------------------------------------------------------------------------------
Timestamp: 2026-01-26T02:36:41.576038
Repository: https://github.com/netguru/rwr-view_helpers
Ecosystems: NPM, Ruby
Error Type: NOT_FOUND
Error Message: Repository not found: netguru/rwr-view_helpers

Possible Reason:
  Verify the repository URL is correct and the repository still exists. It may have been deleted, made private, or renamed.

Suggested Solution:
  Verify the repository URL is correct and the repository still exists. It may have been deleted, made private, or renamed.

================================================================================

Error #45
--------------------------------------------------------------------------------
Timestamp: 2026-01-26T02:36:42.095091
Repository: https://github.com/s6kpay/s6kpay-sdks
Ecosystems: NPM, Ruby
Error Type: NOT_FOUND
Error Message: Repository not found: s6kpay/s6kpay-sdks

Possible Reason:
  Verify the repository URL is correct and the repository still exists. It may have been deleted, made private, or renamed.

Suggested Solution:
  Verify the repository URL is correct and the repository still exists. It may have been deleted, made private, or renamed.

================================================================================

Error #46
--------------------------------------------------------------------------------
Timestamp: 2026-01-26T02:36:42.320033
Repository: https://github.com/s6kpay/s6kpay-sdks
Ecosystems: NPM, Ruby
Error Type: NOT_FOUND
Error Message: Repository not found: s6kpay/s6kpay-sdks

Possible Reason:
  Verify the repository URL is correct and the repository still exists. It may have been deleted, made private, or renamed.

Suggested Solution:
  Verify the repository URL is correct and the repository still exists. It may have been deleted, made private, or renamed.

================================================================================

Error #47
--------------------------------------------------------------------------------
Timestamp: 2026-01-26T02:36:42.587661
Repository: https://github.com/heroku/shibori
Ecosystems: NPM, Ruby
Error Type: NOT_FOUND
Error Message: Repository not found: heroku/shibori

Possible Reason:
  Verify the repository URL is correct and the repository still exists. It may have been deleted, made private, or renamed.

Suggested Solution:
  Verify the repository URL is correct and the repository still exists. It may have been deleted, made private, or renamed.

================================================================================

Error #48
--------------------------------------------------------------------------------
Timestamp: 2026-01-26T02:36:43.192277
Repository: https://github.com/heroku/shibori
Ecosystems: NPM, Ruby
Error Type: NOT_FOUND
Error Message: Repository not found: heroku/shibori

Possible Reason:
  Verify the repository URL is correct and the repository still exists. It may have been deleted, made private, or renamed.

Suggested Solution:
  Verify the repository URL is correct and the repository still exists. It may have been deleted, made private, or renamed.

================================================================================

Error #49
--------------------------------------------------------------------------------
Timestamp: 2026-01-26T02:36:43.404929
Repository: https://github.com/fesuydev/tamem-scss
Ecosystems: NPM, Ruby
Error Type: NOT_FOUND
Error Message: Repository not found: fesuydev/tamem-scss

Possible Reason:
  Verify the repository URL is correct and the repository still exists. It may have been deleted, made private, or renamed.

Suggested Solution:
  Verify the repository URL is correct and the repository still exists. It may have been deleted, made private, or renamed.

================================================================================

Error #50
--------------------------------------------------------------------------------
Timestamp: 2026-01-26T02:36:43.631845
Repository: https://github.com/fesuydev/tamem-scss
Ecosystems: NPM, Ruby
Error Type: NOT_FOUND
Error Message: Repository not found: fesuydev/tamem-scss

Possible Reason:
  Verify the repository URL is correct and the repository still exists. It may have been deleted, made private, or renamed.

Suggested Solution:
  Verify the repository URL is correct and the repository still exists. It may have been deleted, made private, or renamed.

================================================================================

Error #51
--------------------------------------------------------------------------------
Timestamp: 2026-01-26T02:36:43.855943
Repository: https://github.com/louiswdavis/utility_components
Ecosystems: NPM, Ruby
Error Type: NOT_FOUND
Error Message: Repository not found: louiswdavis/utility_components

Possible Reason:
  Verify the repository URL is correct and the repository still exists. It may have been deleted, made private, or renamed.

Suggested Solution:
  Verify the repository URL is correct and the repository still exists. It may have been deleted, made private, or renamed.

================================================================================

Error #52
--------------------------------------------------------------------------------
Timestamp: 2026-01-26T02:36:44.094204
Repository: https://github.com/louiswdavis/utility_components
Ecosystems: NPM, Ruby
Error Type: NOT_FOUND
Error Message: Repository not found: louiswdavis/utility_components

Possible Reason:
  Verify the repository URL is correct and the repository still exists. It may have been deleted, made private, or renamed.

Suggested Solution:
  Verify the repository URL is correct and the repository still exists. It may have been deleted, made private, or renamed.

================================================================================

Error #53
--------------------------------------------------------------------------------
Timestamp: 2026-01-26T02:36:44.344006
Repository: https://github.com/louiswdavis/utility_forms
Ecosystems: NPM, Ruby
Error Type: NOT_FOUND
Error Message: Repository not found: louiswdavis/utility_forms

Possible Reason:
  Verify the repository URL is correct and the repository still exists. It may have been deleted, made private, or renamed.

Suggested Solution:
  Verify the repository URL is correct and the repository still exists. It may have been deleted, made private, or renamed.

================================================================================

Error #54
--------------------------------------------------------------------------------
Timestamp: 2026-01-26T02:36:44.589033
Repository: https://github.com/louiswdavis/utility_forms
Ecosystems: NPM, Ruby
Error Type: NOT_FOUND
Error Message: Repository not found: louiswdavis/utility_forms

Possible Reason:
  Verify the repository URL is correct and the repository still exists. It may have been deleted, made private, or renamed.

Suggested Solution:
  Verify the repository URL is correct and the repository still exists. It may have been deleted, made private, or renamed.

================================================================================

Error #55
--------------------------------------------------------------------------------
Timestamp: 2026-01-26T02:36:44.821307
Repository: https://github.com/louiswdavis/utility_styles
Ecosystems: NPM, Ruby
Error Type: NOT_FOUND
Error Message: Repository not found: louiswdavis/utility_styles

Possible Reason:
  Verify the repository URL is correct and the repository still exists. It may have been deleted, made private, or renamed.

Suggested Solution:
  Verify the repository URL is correct and the repository still exists. It may have been deleted, made private, or renamed.

================================================================================

Error #56
--------------------------------------------------------------------------------
Timestamp: 2026-01-26T02:36:45.044875
Repository: https://github.com/louiswdavis/utility_styles
Ecosystems: NPM, Ruby
Error Type: NOT_FOUND
Error Message: Repository not found: louiswdavis/utility_styles

Possible Reason:
  Verify the repository URL is correct and the repository still exists. It may have been deleted, made private, or renamed.

Suggested Solution:
  Verify the repository URL is correct and the repository still exists. It may have been deleted, made private, or renamed.

================================================================================

Error #57
--------------------------------------------------------------------------------
Timestamp: 2026-01-26T02:36:45.311777
Repository: https://github.com/louiswdavis/utility_ui
Ecosystems: NPM, Ruby
Error Type: NOT_FOUND
Error Message: Repository not found: louiswdavis/utility_ui

Possible Reason:
  Verify the repository URL is correct and the repository still exists. It may have been deleted, made private, or renamed.

Suggested Solution:
  Verify the repository URL is correct and the repository still exists. It may have been deleted, made private, or renamed.

================================================================================

Error #58
--------------------------------------------------------------------------------
Timestamp: 2026-01-26T02:36:45.533920
Repository: https://github.com/louiswdavis/utility_ui
Ecosystems: NPM, Ruby
Error Type: NOT_FOUND
Error Message: Repository not found: louiswdavis/utility_ui

Possible Reason:
  Verify the repository URL is correct and the repository still exists. It may have been deleted, made private, or renamed.

Suggested Solution:
  Verify the repository URL is correct and the repository still exists. It may have been deleted, made private, or renamed.

================================================================================

