================================================================================
Error Log for NPM_PyPI_Ruby
================================================================================
Total Errors: 8
Generated: 2026-01-26 02:36:49
================================================================================

Error #1
--------------------------------------------------------------------------------
Timestamp: 2026-01-26T02:36:27.456734
Repository: https://github.com/1deos/1os
Ecosystems: NPM, PyPI, Ruby
Error Type: NOT_FOUND
Error Message: Repository not found: 1deos/1os

Possible Reason:
  Verify the repository URL is correct and the repository still exists. It may have been deleted, made private, or renamed.

Suggested Solution:
  Verify the repository URL is correct and the repository still exists. It may have been deleted, made private, or renamed.

================================================================================

Error #2
--------------------------------------------------------------------------------
Timestamp: 2026-01-26T02:36:27.707107
Repository: https://github.com/1deos/1os
Ecosystems: NPM, PyPI, Ruby
Error Type: NOT_FOUND
Error Message: Repository not found: 1deos/1os

Possible Reason:
  Verify the repository URL is correct and the repository still exists. It may have been deleted, made private, or renamed.

Suggested Solution:
  Verify the repository URL is correct and the repository still exists. It may have been deleted, made private, or renamed.

================================================================================

Error #3
--------------------------------------------------------------------------------
Timestamp: 2026-01-26T02:36:27.969499
Repository: https://github.com/infisical/sdk
Ecosystems: NPM, PyPI, Ruby
Error Type: NOT_FOUND
Error Message: Repository not found: infisical/sdk

Possible Reason:
  Verify the repository URL is correct and the repository still exists. It may have been deleted, made private, or renamed.

Suggested Solution:
  Verify the repository URL is correct and the repository still exists. It may have been deleted, made private, or renamed.

================================================================================

Error #4
--------------------------------------------------------------------------------
Timestamp: 2026-01-26T02:36:28.214061
Repository: https://github.com/infisical/sdk
Ecosystems: NPM, PyPI, Ruby
Error Type: NOT_FOUND
Error Message: Repository not found: infisical/sdk

Possible Reason:
  Verify the repository URL is correct and the repository still exists. It may have been deleted, made private, or renamed.

Suggested Solution:
  Verify the repository URL is correct and the repository still exists. It may have been deleted, made private, or renamed.

================================================================================

Error #5
--------------------------------------------------------------------------------
Timestamp: 2026-01-26T02:36:28.423357
Repository: https://github.com/iqlusioninc/aes-sid
Ecosystems: NPM, PyPI, Ruby
Error Type: NOT_FOUND
Error Message: Repository not found: iqlusioninc/aes-sid

Possible Reason:
  Verify the repository URL is correct and the repository still exists. It may have been deleted, made private, or renamed.

Suggested Solution:
  Verify the repository URL is correct and the repository still exists. It may have been deleted, made private, or renamed.

================================================================================

Error #6
--------------------------------------------------------------------------------
Timestamp: 2026-01-26T02:36:28.950273
Repository: https://github.com/iqlusioninc/aes-sid
Ecosystems: NPM, PyPI, Ruby
Error Type: NOT_FOUND
Error Message: Repository not found: iqlusioninc/aes-sid

Possible Reason:
  Verify the repository URL is correct and the repository still exists. It may have been deleted, made private, or renamed.

Suggested Solution:
  Verify the repository URL is correct and the repository still exists. It may have been deleted, made private, or renamed.

================================================================================

Error #7
--------------------------------------------------------------------------------
Timestamp: 2026-01-26T02:36:29.199691
Repository: https://github.com/joshingmachine/kielbasa
Ecosystems: NPM, PyPI, Ruby
Error Type: NOT_FOUND
Error Message: Repository not found: joshingmachine/kielbasa

Possible Reason:
  Verify the repository URL is correct and the repository still exists. It may have been deleted, made private, or renamed.

Suggested Solution:
  Verify the repository URL is correct and the repository still exists. It may have been deleted, made private, or renamed.

================================================================================

Error #8
--------------------------------------------------------------------------------
Timestamp: 2026-01-26T02:36:29.438964
Repository: https://github.com/joshingmachine/kielbasa
Ecosystems: NPM, PyPI, Ruby
Error Type: NOT_FOUND
Error Message: Repository not found: joshingmachine/kielbasa

Possible Reason:
  Verify the repository URL is correct and the repository still exists. It may have been deleted, made private, or renamed.

Suggested Solution:
  Verify the repository URL is correct and the repository still exists. It may have been deleted, made private, or renamed.

================================================================================

