================================================================================
Error Log for NPM_PHP
================================================================================
Total Errors: 36
Generated: 2026-01-26 02:36:49
================================================================================

Error #1
--------------------------------------------------------------------------------
Timestamp: 2026-01-26T02:32:57.173307
Repository: https://github.com/fastybird/accounts-module
Ecosystems: NPM, PHP
Error Type: NOT_FOUND
Error Message: Repository not found: fastybird/accounts-module

Possible Reason:
  Verify the repository URL is correct and the repository still exists. It may have been deleted, made private, or renamed.

Suggested Solution:
  Verify the repository URL is correct and the repository still exists. It may have been deleted, made private, or renamed.

================================================================================

Error #2
--------------------------------------------------------------------------------
Timestamp: 2026-01-26T02:32:57.396566
Repository: https://github.com/fastybird/accounts-module
Ecosystems: NPM, PHP
Error Type: NOT_FOUND
Error Message: Repository not found: fastybird/accounts-module

Possible Reason:
  Verify the repository URL is correct and the repository still exists. It may have been deleted, made private, or renamed.

Suggested Solution:
  Verify the repository URL is correct and the repository still exists. It may have been deleted, made private, or renamed.

================================================================================

Error #3
--------------------------------------------------------------------------------
Timestamp: 2026-01-26T02:32:57.609563
Repository: https://github.com/fastybird/devices-module
Ecosystems: NPM, PHP
Error Type: NOT_FOUND
Error Message: Repository not found: fastybird/devices-module

Possible Reason:
  Verify the repository URL is correct and the repository still exists. It may have been deleted, made private, or renamed.

Suggested Solution:
  Verify the repository URL is correct and the repository still exists. It may have been deleted, made private, or renamed.

================================================================================

Error #4
--------------------------------------------------------------------------------
Timestamp: 2026-01-26T02:32:57.835370
Repository: https://github.com/fastybird/devices-module
Ecosystems: NPM, PHP
Error Type: NOT_FOUND
Error Message: Repository not found: fastybird/devices-module

Possible Reason:
  Verify the repository URL is correct and the repository still exists. It may have been deleted, made private, or renamed.

Suggested Solution:
  Verify the repository URL is correct and the repository still exists. It may have been deleted, made private, or renamed.

================================================================================

Error #5
--------------------------------------------------------------------------------
Timestamp: 2026-01-26T02:32:58.054435
Repository: https://github.com/fastybird/homekit-connector
Ecosystems: NPM, PHP
Error Type: NOT_FOUND
Error Message: Repository not found: fastybird/homekit-connector

Possible Reason:
  Verify the repository URL is correct and the repository still exists. It may have been deleted, made private, or renamed.

Suggested Solution:
  Verify the repository URL is correct and the repository still exists. It may have been deleted, made private, or renamed.

================================================================================

Error #6
--------------------------------------------------------------------------------
Timestamp: 2026-01-26T02:32:58.305347
Repository: https://github.com/fastybird/homekit-connector
Ecosystems: NPM, PHP
Error Type: NOT_FOUND
Error Message: Repository not found: fastybird/homekit-connector

Possible Reason:
  Verify the repository URL is correct and the repository still exists. It may have been deleted, made private, or renamed.

Suggested Solution:
  Verify the repository URL is correct and the repository still exists. It may have been deleted, made private, or renamed.

================================================================================

Error #7
--------------------------------------------------------------------------------
Timestamp: 2026-01-26T02:32:58.523472
Repository: https://github.com/fastybird/metadata-library
Ecosystems: NPM, PHP
Error Type: NOT_FOUND
Error Message: Repository not found: fastybird/metadata-library

Possible Reason:
  Verify the repository URL is correct and the repository still exists. It may have been deleted, made private, or renamed.

Suggested Solution:
  Verify the repository URL is correct and the repository still exists. It may have been deleted, made private, or renamed.

================================================================================

Error #8
--------------------------------------------------------------------------------
Timestamp: 2026-01-26T02:32:58.737521
Repository: https://github.com/fastybird/metadata-library
Ecosystems: NPM, PHP
Error Type: NOT_FOUND
Error Message: Repository not found: fastybird/metadata-library

Possible Reason:
  Verify the repository URL is correct and the repository still exists. It may have been deleted, made private, or renamed.

Suggested Solution:
  Verify the repository URL is correct and the repository still exists. It may have been deleted, made private, or renamed.

================================================================================

Error #9
--------------------------------------------------------------------------------
Timestamp: 2026-01-26T02:32:58.962925
Repository: https://github.com/fastybird/tools
Ecosystems: NPM, PHP
Error Type: NOT_FOUND
Error Message: Repository not found: fastybird/tools

Possible Reason:
  Verify the repository URL is correct and the repository still exists. It may have been deleted, made private, or renamed.

Suggested Solution:
  Verify the repository URL is correct and the repository still exists. It may have been deleted, made private, or renamed.

================================================================================

Error #10
--------------------------------------------------------------------------------
Timestamp: 2026-01-26T02:32:59.207248
Repository: https://github.com/fastybird/tools
Ecosystems: NPM, PHP
Error Type: NOT_FOUND
Error Message: Repository not found: fastybird/tools

Possible Reason:
  Verify the repository URL is correct and the repository still exists. It may have been deleted, made private, or renamed.

Suggested Solution:
  Verify the repository URL is correct and the repository still exists. It may have been deleted, made private, or renamed.

================================================================================

Error #11
--------------------------------------------------------------------------------
Timestamp: 2026-01-26T02:32:59.418076
Repository: https://github.com/fastybird/triggers-module
Ecosystems: NPM, PHP
Error Type: NOT_FOUND
Error Message: Repository not found: fastybird/triggers-module

Possible Reason:
  Verify the repository URL is correct and the repository still exists. It may have been deleted, made private, or renamed.

Suggested Solution:
  Verify the repository URL is correct and the repository still exists. It may have been deleted, made private, or renamed.

================================================================================

Error #12
--------------------------------------------------------------------------------
Timestamp: 2026-01-26T02:32:59.673004
Repository: https://github.com/fastybird/triggers-module
Ecosystems: NPM, PHP
Error Type: NOT_FOUND
Error Message: Repository not found: fastybird/triggers-module

Possible Reason:
  Verify the repository URL is correct and the repository still exists. It may have been deleted, made private, or renamed.

Suggested Solution:
  Verify the repository URL is correct and the repository still exists. It may have been deleted, made private, or renamed.

================================================================================

Error #13
--------------------------------------------------------------------------------
Timestamp: 2026-01-26T02:32:59.901025
Repository: https://github.com/fastybird/ui-module
Ecosystems: NPM, PHP
Error Type: NOT_FOUND
Error Message: Repository not found: fastybird/ui-module

Possible Reason:
  Verify the repository URL is correct and the repository still exists. It may have been deleted, made private, or renamed.

Suggested Solution:
  Verify the repository URL is correct and the repository still exists. It may have been deleted, made private, or renamed.

================================================================================

Error #14
--------------------------------------------------------------------------------
Timestamp: 2026-01-26T02:33:00.130536
Repository: https://github.com/fastybird/ui-module
Ecosystems: NPM, PHP
Error Type: NOT_FOUND
Error Message: Repository not found: fastybird/ui-module

Possible Reason:
  Verify the repository URL is correct and the repository still exists. It may have been deleted, made private, or renamed.

Suggested Solution:
  Verify the repository URL is correct and the repository still exists. It may have been deleted, made private, or renamed.

================================================================================

Error #15
--------------------------------------------------------------------------------
Timestamp: 2026-01-26T02:33:00.361421
Repository: https://github.com/themingisprose/icon-pack
Ecosystems: NPM, PHP
Error Type: NOT_FOUND
Error Message: Repository not found: themingisprose/icon-pack

Possible Reason:
  Verify the repository URL is correct and the repository still exists. It may have been deleted, made private, or renamed.

Suggested Solution:
  Verify the repository URL is correct and the repository still exists. It may have been deleted, made private, or renamed.

================================================================================

Error #16
--------------------------------------------------------------------------------
Timestamp: 2026-01-26T02:33:00.581409
Repository: https://github.com/themingisprose/icon-pack
Ecosystems: NPM, PHP
Error Type: NOT_FOUND
Error Message: Repository not found: themingisprose/icon-pack

Possible Reason:
  Verify the repository URL is correct and the repository still exists. It may have been deleted, made private, or renamed.

Suggested Solution:
  Verify the repository URL is correct and the repository still exists. It may have been deleted, made private, or renamed.

================================================================================

Error #17
--------------------------------------------------------------------------------
Timestamp: 2026-01-26T02:33:00.841147
Repository: https://github.com/apolbox/apolbox
Ecosystems: NPM, PHP
Error Type: NOT_FOUND
Error Message: Repository not found: apolbox/apolbox

Possible Reason:
  Verify the repository URL is correct and the repository still exists. It may have been deleted, made private, or renamed.

Suggested Solution:
  Verify the repository URL is correct and the repository still exists. It may have been deleted, made private, or renamed.

================================================================================

Error #18
--------------------------------------------------------------------------------
Timestamp: 2026-01-26T02:33:01.081334
Repository: https://github.com/apolbox/apolbox
Ecosystems: NPM, PHP
Error Type: NOT_FOUND
Error Message: Repository not found: apolbox/apolbox

Possible Reason:
  Verify the repository URL is correct and the repository still exists. It may have been deleted, made private, or renamed.

Suggested Solution:
  Verify the repository URL is correct and the repository still exists. It may have been deleted, made private, or renamed.

================================================================================

Error #19
--------------------------------------------------------------------------------
Timestamp: 2026-01-26T02:33:01.322996
Repository: https://github.com/apolbox/framework
Ecosystems: NPM, PHP
Error Type: NOT_FOUND
Error Message: Repository not found: apolbox/framework

Possible Reason:
  Verify the repository URL is correct and the repository still exists. It may have been deleted, made private, or renamed.

Suggested Solution:
  Verify the repository URL is correct and the repository still exists. It may have been deleted, made private, or renamed.

================================================================================

Error #20
--------------------------------------------------------------------------------
Timestamp: 2026-01-26T02:33:01.562417
Repository: https://github.com/apolbox/framework
Ecosystems: NPM, PHP
Error Type: NOT_FOUND
Error Message: Repository not found: apolbox/framework

Possible Reason:
  Verify the repository URL is correct and the repository still exists. It may have been deleted, made private, or renamed.

Suggested Solution:
  Verify the repository URL is correct and the repository still exists. It may have been deleted, made private, or renamed.

================================================================================

Error #21
--------------------------------------------------------------------------------
Timestamp: 2026-01-26T02:33:01.777602
Repository: https://github.com/basecondition/base
Ecosystems: NPM, PHP
Error Type: NOT_FOUND
Error Message: Repository not found: basecondition/base

Possible Reason:
  Verify the repository URL is correct and the repository still exists. It may have been deleted, made private, or renamed.

Suggested Solution:
  Verify the repository URL is correct and the repository still exists. It may have been deleted, made private, or renamed.

================================================================================

Error #22
--------------------------------------------------------------------------------
Timestamp: 2026-01-26T02:33:02.315921
Repository: https://github.com/basecondition/base
Ecosystems: NPM, PHP
Error Type: NOT_FOUND
Error Message: Repository not found: basecondition/base

Possible Reason:
  Verify the repository URL is correct and the repository still exists. It may have been deleted, made private, or renamed.

Suggested Solution:
  Verify the repository URL is correct and the repository still exists. It may have been deleted, made private, or renamed.

================================================================================

Error #23
--------------------------------------------------------------------------------
Timestamp: 2026-01-26T02:33:02.601295
Repository: https://github.com/docomoinnovations/cloud_dashboard
Ecosystems: NPM, PHP
Error Type: NOT_FOUND
Error Message: Repository not found: docomoinnovations/cloud_dashboard

Possible Reason:
  Verify the repository URL is correct and the repository still exists. It may have been deleted, made private, or renamed.

Suggested Solution:
  Verify the repository URL is correct and the repository still exists. It may have been deleted, made private, or renamed.

================================================================================

Error #24
--------------------------------------------------------------------------------
Timestamp: 2026-01-26T02:33:02.865967
Repository: https://github.com/docomoinnovations/cloud_dashboard
Ecosystems: NPM, PHP
Error Type: NOT_FOUND
Error Message: Repository not found: docomoinnovations/cloud_dashboard

Possible Reason:
  Verify the repository URL is correct and the repository still exists. It may have been deleted, made private, or renamed.

Suggested Solution:
  Verify the repository URL is correct and the repository still exists. It may have been deleted, made private, or renamed.

================================================================================

Error #25
--------------------------------------------------------------------------------
Timestamp: 2026-01-26T02:33:03.095945
Repository: https://github.com/colbycommunications/colby-svg
Ecosystems: NPM, PHP
Error Type: NOT_FOUND
Error Message: Repository not found: colbycommunications/colby-svg

Possible Reason:
  Verify the repository URL is correct and the repository still exists. It may have been deleted, made private, or renamed.

Suggested Solution:
  Verify the repository URL is correct and the repository still exists. It may have been deleted, made private, or renamed.

================================================================================

Error #26
--------------------------------------------------------------------------------
Timestamp: 2026-01-26T02:33:03.314353
Repository: https://github.com/colbycommunications/colby-svg
Ecosystems: NPM, PHP
Error Type: NOT_FOUND
Error Message: Repository not found: colbycommunications/colby-svg

Possible Reason:
  Verify the repository URL is correct and the repository still exists. It may have been deleted, made private, or renamed.

Suggested Solution:
  Verify the repository URL is correct and the repository still exists. It may have been deleted, made private, or renamed.

================================================================================

Error #27
--------------------------------------------------------------------------------
Timestamp: 2026-01-26T02:33:03.539216
Repository: https://github.com/justintime50/slugify
Ecosystems: NPM, PHP
Error Type: NOT_FOUND
Error Message: Repository not found: justintime50/slugify

Possible Reason:
  Verify the repository URL is correct and the repository still exists. It may have been deleted, made private, or renamed.

Suggested Solution:
  Verify the repository URL is correct and the repository still exists. It may have been deleted, made private, or renamed.

================================================================================

Error #28
--------------------------------------------------------------------------------
Timestamp: 2026-01-26T02:33:03.786516
Repository: https://github.com/justintime50/slugify
Ecosystems: NPM, PHP
Error Type: NOT_FOUND
Error Message: Repository not found: justintime50/slugify

Possible Reason:
  Verify the repository URL is correct and the repository still exists. It may have been deleted, made private, or renamed.

Suggested Solution:
  Verify the repository URL is correct and the repository still exists. It may have been deleted, made private, or renamed.

================================================================================

Error #29
--------------------------------------------------------------------------------
Timestamp: 2026-01-26T02:33:04.021621
Repository: https://github.com/spatie/laravel-javascript-views
Ecosystems: NPM, PHP
Error Type: NOT_FOUND
Error Message: Repository not found: spatie/laravel-javascript-views

Possible Reason:
  Verify the repository URL is correct and the repository still exists. It may have been deleted, made private, or renamed.

Suggested Solution:
  Verify the repository URL is correct and the repository still exists. It may have been deleted, made private, or renamed.

================================================================================

Error #30
--------------------------------------------------------------------------------
Timestamp: 2026-01-26T02:33:04.244951
Repository: https://github.com/spatie/laravel-javascript-views
Ecosystems: NPM, PHP
Error Type: NOT_FOUND
Error Message: Repository not found: spatie/laravel-javascript-views

Possible Reason:
  Verify the repository URL is correct and the repository still exists. It may have been deleted, made private, or renamed.

Suggested Solution:
  Verify the repository URL is correct and the repository still exists. It may have been deleted, made private, or renamed.

================================================================================

Error #31
--------------------------------------------------------------------------------
Timestamp: 2026-01-26T02:33:04.493185
Repository: https://github.com/readdle/rd-crypto
Ecosystems: NPM, PHP
Error Type: NOT_FOUND
Error Message: Repository not found: readdle/rd-crypto

Possible Reason:
  Verify the repository URL is correct and the repository still exists. It may have been deleted, made private, or renamed.

Suggested Solution:
  Verify the repository URL is correct and the repository still exists. It may have been deleted, made private, or renamed.

================================================================================

Error #32
--------------------------------------------------------------------------------
Timestamp: 2026-01-26T02:33:04.753908
Repository: https://github.com/readdle/rd-crypto
Ecosystems: NPM, PHP
Error Type: NOT_FOUND
Error Message: Repository not found: readdle/rd-crypto

Possible Reason:
  Verify the repository URL is correct and the repository still exists. It may have been deleted, made private, or renamed.

Suggested Solution:
  Verify the repository URL is correct and the repository still exists. It may have been deleted, made private, or renamed.

================================================================================

Error #33
--------------------------------------------------------------------------------
Timestamp: 2026-01-26T02:33:05.008223
Repository: https://github.com/rzl-app/ziggy
Ecosystems: NPM, PHP
Error Type: NOT_FOUND
Error Message: Repository not found: rzl-app/ziggy

Possible Reason:
  Verify the repository URL is correct and the repository still exists. It may have been deleted, made private, or renamed.

Suggested Solution:
  Verify the repository URL is correct and the repository still exists. It may have been deleted, made private, or renamed.

================================================================================

Error #34
--------------------------------------------------------------------------------
Timestamp: 2026-01-26T02:33:05.259198
Repository: https://github.com/rzl-app/ziggy
Ecosystems: NPM, PHP
Error Type: NOT_FOUND
Error Message: Repository not found: rzl-app/ziggy

Possible Reason:
  Verify the repository URL is correct and the repository still exists. It may have been deleted, made private, or renamed.

Suggested Solution:
  Verify the repository URL is correct and the repository still exists. It may have been deleted, made private, or renamed.

================================================================================

Error #35
--------------------------------------------------------------------------------
Timestamp: 2026-01-26T02:33:05.489689
Repository: https://github.com/khaleddiffalah/simpledatatables
Ecosystems: NPM, PHP
Error Type: NOT_FOUND
Error Message: Repository not found: khaleddiffalah/simpledatatables

Possible Reason:
  Verify the repository URL is correct and the repository still exists. It may have been deleted, made private, or renamed.

Suggested Solution:
  Verify the repository URL is correct and the repository still exists. It may have been deleted, made private, or renamed.

================================================================================

Error #36
--------------------------------------------------------------------------------
Timestamp: 2026-01-26T02:33:05.729943
Repository: https://github.com/khaleddiffalah/simpledatatables
Ecosystems: NPM, PHP
Error Type: NOT_FOUND
Error Message: Repository not found: khaleddiffalah/simpledatatables

Possible Reason:
  Verify the repository URL is correct and the repository still exists. It may have been deleted, made private, or renamed.

Suggested Solution:
  Verify the repository URL is correct and the repository still exists. It may have been deleted, made private, or renamed.

================================================================================

