================================================================================
Error Log for PHP_Ruby
================================================================================
Total Errors: 2
Generated: 2026-01-26 02:36:49
================================================================================

Error #1
--------------------------------------------------------------------------------
Timestamp: 2026-01-26T02:36:45.753679
Repository: https://github.com/paycertify/wrappers
Ecosystems: PHP, Ruby
Error Type: NOT_FOUND
Error Message: Repository not found: paycertify/wrappers

Possible Reason:
  Verify the repository URL is correct and the repository still exists. It may have been deleted, made private, or renamed.

Suggested Solution:
  Verify the repository URL is correct and the repository still exists. It may have been deleted, made private, or renamed.

================================================================================

Error #2
--------------------------------------------------------------------------------
Timestamp: 2026-01-26T02:36:45.989077
Repository: https://github.com/paycertify/wrappers
Ecosystems: PHP, Ruby
Error Type: NOT_FOUND
Error Message: Repository not found: paycertify/wrappers

Possible Reason:
  Verify the repository URL is correct and the repository still exists. It may have been deleted, made private, or renamed.

Suggested Solution:
  Verify the repository URL is correct and the repository still exists. It may have been deleted, made private, or renamed.

================================================================================

