================================================================================
Error Log for PyPI_Ruby
================================================================================
Total Errors: 12
Generated: 2026-01-26 02:36:49
================================================================================

Error #1
--------------------------------------------------------------------------------
Timestamp: 2026-01-26T02:36:46.513401
Repository: https://github.com/echohead/cornfig
Ecosystems: PyPI, Ruby
Error Type: NOT_FOUND
Error Message: Repository not found: echohead/cornfig

Possible Reason:
  Verify the repository URL is correct and the repository still exists. It may have been deleted, made private, or renamed.

Suggested Solution:
  Verify the repository URL is correct and the repository still exists. It may have been deleted, made private, or renamed.

================================================================================

Error #2
--------------------------------------------------------------------------------
Timestamp: 2026-01-26T02:36:46.728891
Repository: https://github.com/echohead/cornfig
Ecosystems: PyPI, Ruby
Error Type: NOT_FOUND
Error Message: Repository not found: echohead/cornfig

Possible Reason:
  Verify the repository URL is correct and the repository still exists. It may have been deleted, made private, or renamed.

Suggested Solution:
  Verify the repository URL is correct and the repository still exists. It may have been deleted, made private, or renamed.

================================================================================

Error #3
--------------------------------------------------------------------------------
Timestamp: 2026-01-26T02:36:46.977018
Repository: https://github.com/orklann/gesture
Ecosystems: PyPI, Ruby
Error Type: NOT_FOUND
Error Message: Repository not found: orklann/gesture

Possible Reason:
  Verify the repository URL is correct and the repository still exists. It may have been deleted, made private, or renamed.

Suggested Solution:
  Verify the repository URL is correct and the repository still exists. It may have been deleted, made private, or renamed.

================================================================================

Error #4
--------------------------------------------------------------------------------
Timestamp: 2026-01-26T02:36:47.522057
Repository: https://github.com/orklann/gesture
Ecosystems: PyPI, Ruby
Error Type: NOT_FOUND
Error Message: Repository not found: orklann/gesture

Possible Reason:
  Verify the repository URL is correct and the repository still exists. It may have been deleted, made private, or renamed.

Suggested Solution:
  Verify the repository URL is correct and the repository still exists. It may have been deleted, made private, or renamed.

================================================================================

Error #5
--------------------------------------------------------------------------------
Timestamp: 2026-01-26T02:36:47.742551
Repository: https://github.com/stackmachine/greeter
Ecosystems: PyPI, Ruby
Error Type: NOT_FOUND
Error Message: Repository not found: stackmachine/greeter

Possible Reason:
  Verify the repository URL is correct and the repository still exists. It may have been deleted, made private, or renamed.

Suggested Solution:
  Verify the repository URL is correct and the repository still exists. It may have been deleted, made private, or renamed.

================================================================================

Error #6
--------------------------------------------------------------------------------
Timestamp: 2026-01-26T02:36:47.949587
Repository: https://github.com/stackmachine/greeter
Ecosystems: PyPI, Ruby
Error Type: NOT_FOUND
Error Message: Repository not found: stackmachine/greeter

Possible Reason:
  Verify the repository URL is correct and the repository still exists. It may have been deleted, made private, or renamed.

Suggested Solution:
  Verify the repository URL is correct and the repository still exists. It may have been deleted, made private, or renamed.

================================================================================

Error #7
--------------------------------------------------------------------------------
Timestamp: 2026-01-26T02:36:48.182317
Repository: https://github.com/soimort/hit
Ecosystems: PyPI, Ruby
Error Type: NOT_FOUND
Error Message: Repository not found: soimort/hit

Possible Reason:
  Verify the repository URL is correct and the repository still exists. It may have been deleted, made private, or renamed.

Suggested Solution:
  Verify the repository URL is correct and the repository still exists. It may have been deleted, made private, or renamed.

================================================================================

Error #8
--------------------------------------------------------------------------------
Timestamp: 2026-01-26T02:36:48.420847
Repository: https://github.com/soimort/hit
Ecosystems: PyPI, Ruby
Error Type: NOT_FOUND
Error Message: Repository not found: soimort/hit

Possible Reason:
  Verify the repository URL is correct and the repository still exists. It may have been deleted, made private, or renamed.

Suggested Solution:
  Verify the repository URL is correct and the repository still exists. It may have been deleted, made private, or renamed.

================================================================================

Error #9
--------------------------------------------------------------------------------
Timestamp: 2026-01-26T02:36:48.694172
Repository: https://github.com/tesote/nats-work
Ecosystems: PyPI, Ruby
Error Type: NOT_FOUND
Error Message: Repository not found: tesote/nats-work

Possible Reason:
  Verify the repository URL is correct and the repository still exists. It may have been deleted, made private, or renamed.

Suggested Solution:
  Verify the repository URL is correct and the repository still exists. It may have been deleted, made private, or renamed.

================================================================================

Error #10
--------------------------------------------------------------------------------
Timestamp: 2026-01-26T02:36:48.956313
Repository: https://github.com/tesote/nats-work
Ecosystems: PyPI, Ruby
Error Type: NOT_FOUND
Error Message: Repository not found: tesote/nats-work

Possible Reason:
  Verify the repository URL is correct and the repository still exists. It may have been deleted, made private, or renamed.

Suggested Solution:
  Verify the repository URL is correct and the repository still exists. It may have been deleted, made private, or renamed.

================================================================================

Error #11
--------------------------------------------------------------------------------
Timestamp: 2026-01-26T02:36:49.174378
Repository: https://github.com/adamcaudill/yawast
Ecosystems: PyPI, Ruby
Error Type: NOT_FOUND
Error Message: Repository not found: adamcaudill/yawast

Possible Reason:
  Verify the repository URL is correct and the repository still exists. It may have been deleted, made private, or renamed.

Suggested Solution:
  Verify the repository URL is correct and the repository still exists. It may have been deleted, made private, or renamed.

================================================================================

Error #12
--------------------------------------------------------------------------------
Timestamp: 2026-01-26T02:36:49.723619
Repository: https://github.com/adamcaudill/yawast
Ecosystems: PyPI, Ruby
Error Type: NOT_FOUND
Error Message: Repository not found: adamcaudill/yawast

Possible Reason:
  Verify the repository URL is correct and the repository still exists. It may have been deleted, made private, or renamed.

Suggested Solution:
  Verify the repository URL is correct and the repository still exists. It may have been deleted, made private, or renamed.

================================================================================

