================================================================================
Error Log for Crates_Maven
================================================================================
Total Errors: 4
Generated: 2026-01-21 02:15:51
================================================================================

Error #1
--------------------------------------------------------------------------------
Timestamp: 2026-01-20T14:37:09.044070
Repository: https://www.github.com/pahappa-ltd/CommsSDK
Ecosystems: Crates, Maven
Error Type: NOT_FOUND
Error Message: Repository not found: pahappa-ltd/CommsSDK

Possible Reason:
  Verify the repository URL is correct and the repository still exists. It may have been deleted, made private, or renamed.

Suggested Solution:
  Verify the repository URL is correct and the repository still exists. It may have been deleted, made private, or renamed.

================================================================================

Error #2
--------------------------------------------------------------------------------
Timestamp: 2026-01-20T14:37:18.600597
Repository: https://github.com/sheshagiri/pacman-app
Ecosystems: Crates
Error Type: NOT_FOUND
Error Message: Repository not found: sheshagiri/pacman-app

Possible Reason:
  Verify the repository URL is correct and the repository still exists. It may have been deleted, made private, or renamed.

Suggested Solution:
  Verify the repository URL is correct and the repository still exists. It may have been deleted, made private, or renamed.

================================================================================

Error #3
--------------------------------------------------------------------------------
Timestamp: 2026-01-20T14:37:18.857026
Repository: https://github.com/Sheshagiri/pacman-app
Ecosystems: Maven
Error Type: NOT_FOUND
Error Message: Repository not found: Sheshagiri/pacman-app

Possible Reason:
  Verify the repository URL is correct and the repository still exists. It may have been deleted, made private, or renamed.

Suggested Solution:
  Verify the repository URL is correct and the repository still exists. It may have been deleted, made private, or renamed.

================================================================================

Error #4
--------------------------------------------------------------------------------
Timestamp: 2026-01-20T14:37:19.729496
Repository: https://www.github.com/pahappa-ltd/EgoSmsSDK
Ecosystems: Crates, Maven
Error Type: NOT_FOUND
Error Message: Repository not found: pahappa-ltd/EgoSmsSDK

Possible Reason:
  Verify the repository URL is correct and the repository still exists. It may have been deleted, made private, or renamed.

Suggested Solution:
  Verify the repository URL is correct and the repository still exists. It may have been deleted, made private, or renamed.

================================================================================

