================================================================================
Error Log for Crates_Go_PHP
================================================================================
Total Errors: 4
Generated: 2026-01-21 02:15:51
================================================================================

Error #1
--------------------------------------------------------------------------------
Timestamp: 2026-01-21T01:10:47.162949
Repository: https://github.com/qy-upup/ai-minecraft-skin
Ecosystems: Crates, Go, PHP
Error Type: NOT_FOUND
Error Message: Repository not found: qy-upup/ai-minecraft-skin

Possible Reason:
  Verify the repository URL is correct and the repository still exists. It may have been deleted, made private, or renamed.

Suggested Solution:
  Verify the repository URL is correct and the repository still exists. It may have been deleted, made private, or renamed.

================================================================================

Error #2
--------------------------------------------------------------------------------
Timestamp: 2026-01-21T01:10:47.387312
Repository: https://github.com/qy-upup/sm-ai-pose-generator
Ecosystems: Crates, Go, PHP
Error Type: NOT_FOUND
Error Message: Repository not found: qy-upup/sm-ai-pose-generator

Possible Reason:
  Verify the repository URL is correct and the repository still exists. It may have been deleted, made private, or renamed.

Suggested Solution:
  Verify the repository URL is correct and the repository still exists. It may have been deleted, made private, or renamed.

================================================================================

Error #3
--------------------------------------------------------------------------------
Timestamp: 2026-01-21T01:10:47.616052
Repository: https://github.com/qy-upup/supermaker-ai-image-master
Ecosystems: Crates, Go, PHP
Error Type: NOT_FOUND
Error Message: Repository not found: qy-upup/supermaker-ai-image-master

Possible Reason:
  Verify the repository URL is correct and the repository still exists. It may have been deleted, made private, or renamed.

Suggested Solution:
  Verify the repository URL is correct and the repository still exists. It may have been deleted, made private, or renamed.

================================================================================

Error #4
--------------------------------------------------------------------------------
Timestamp: 2026-01-21T01:10:47.904286
Repository: https://github.com/qy-upup/supermaker-ai-video-downloader
Ecosystems: Crates, Go, PHP
Error Type: NOT_FOUND
Error Message: Repository not found: qy-upup/supermaker-ai-video-downloader

Possible Reason:
  Verify the repository URL is correct and the repository still exists. It may have been deleted, made private, or renamed.

Suggested Solution:
  Verify the repository URL is correct and the repository still exists. It may have been deleted, made private, or renamed.

================================================================================

