================================================================================
Error Log for Crates_Maven_NPM
================================================================================
Total Errors: 2
Generated: 2026-01-25 19:54:23
================================================================================

Error #1
--------------------------------------------------------------------------------
Timestamp: 2026-01-25T18:48:44.302024
Repository: https://github.com/palash90/ganit
Ecosystems: Crates, Maven, NPM
Error Type: NOT_FOUND
Error Message: Repository not found: palash90/ganit

Possible Reason:
  Verify the repository URL is correct and the repository still exists. It may have been deleted, made private, or renamed.

Suggested Solution:
  Verify the repository URL is correct and the repository still exists. It may have been deleted, made private, or renamed.

================================================================================

Error #2
--------------------------------------------------------------------------------
Timestamp: 2026-01-25T18:48:44.303849
Repository: https://github.com/palash90/ganit
Ecosystems: Crates, Maven, NPM
Error Type: TREE_FETCH_FAILED
Error Message: Failed to fetch directory tree for palash90/ganit

Possible Reason:
  Repository may not exist, be private, or API may have failed. Check error logs for details.

Suggested Solution:
  Repository may not exist, be private, or API may have failed. Check error logs for details.

================================================================================

