================================================================================
Error Log for Crates_PHP
================================================================================
Total Errors: 23
Generated: 2026-01-21 02:15:51
================================================================================

Error #1
--------------------------------------------------------------------------------
Timestamp: 2026-01-20T14:59:34.873346
Repository: https://github.com/qy-upup/ai-kissing
Ecosystems: Crates, PHP
Error Type: NOT_FOUND
Error Message: Repository not found: qy-upup/ai-kissing

Possible Reason:
  Verify the repository URL is correct and the repository still exists. It may have been deleted, made private, or renamed.

Suggested Solution:
  Verify the repository URL is correct and the repository still exists. It may have been deleted, made private, or renamed.

================================================================================

Error #2
--------------------------------------------------------------------------------
Timestamp: 2026-01-20T14:59:35.101303
Repository: https://github.com/qy-upup/first-last-frame
Ecosystems: Crates, PHP
Error Type: NOT_FOUND
Error Message: Repository not found: qy-upup/first-last-frame

Possible Reason:
  Verify the repository URL is correct and the repository still exists. It may have been deleted, made private, or renamed.

Suggested Solution:
  Verify the repository URL is correct and the repository still exists. It may have been deleted, made private, or renamed.

================================================================================

Error #3
--------------------------------------------------------------------------------
Timestamp: 2026-01-20T14:59:35.345756
Repository: https://github.com/qy-upup/copyright-free-songs
Ecosystems: Crates, PHP
Error Type: NOT_FOUND
Error Message: Repository not found: qy-upup/copyright-free-songs

Possible Reason:
  Verify the repository URL is correct and the repository still exists. It may have been deleted, made private, or renamed.

Suggested Solution:
  Verify the repository URL is correct and the repository still exists. It may have been deleted, made private, or renamed.

================================================================================

Error #4
--------------------------------------------------------------------------------
Timestamp: 2026-01-20T14:59:36.212498
Repository: https://github.com/qy-upup/sora-ai-video
Ecosystems: Crates, PHP
Error Type: NOT_FOUND
Error Message: Repository not found: qy-upup/sora-ai-video

Possible Reason:
  Verify the repository URL is correct and the repository still exists. It may have been deleted, made private, or renamed.

Suggested Solution:
  Verify the repository URL is correct and the repository still exists. It may have been deleted, made private, or renamed.

================================================================================

Error #5
--------------------------------------------------------------------------------
Timestamp: 2026-01-20T14:59:36.456758
Repository: https://github.com/qy-upup/chat-1
Ecosystems: Crates, PHP
Error Type: NOT_FOUND
Error Message: Repository not found: qy-upup/chat-1

Possible Reason:
  Verify the repository URL is correct and the repository still exists. It may have been deleted, made private, or renamed.

Suggested Solution:
  Verify the repository URL is correct and the repository still exists. It may have been deleted, made private, or renamed.

================================================================================

Error #6
--------------------------------------------------------------------------------
Timestamp: 2026-01-20T14:59:36.699454
Repository: https://github.com/qy-upup/seedance-ai-video
Ecosystems: Crates, PHP
Error Type: NOT_FOUND
Error Message: Repository not found: qy-upup/seedance-ai-video

Possible Reason:
  Verify the repository URL is correct and the repository still exists. It may have been deleted, made private, or renamed.

Suggested Solution:
  Verify the repository URL is correct and the repository still exists. It may have been deleted, made private, or renamed.

================================================================================

Error #7
--------------------------------------------------------------------------------
Timestamp: 2026-01-20T14:59:37.220492
Repository: https://github.com/qy-upup/sm-chat
Ecosystems: Crates, PHP
Error Type: NOT_FOUND
Error Message: Repository not found: qy-upup/sm-chat

Possible Reason:
  Verify the repository URL is correct and the repository still exists. It may have been deleted, made private, or renamed.

Suggested Solution:
  Verify the repository URL is correct and the repository still exists. It may have been deleted, made private, or renamed.

================================================================================

Error #8
--------------------------------------------------------------------------------
Timestamp: 2026-01-20T14:59:38.465707
Repository: https://github.com/qy-upup/veo
Ecosystems: Crates, PHP
Error Type: NOT_FOUND
Error Message: Repository not found: qy-upup/veo

Possible Reason:
  Verify the repository URL is correct and the repository still exists. It may have been deleted, made private, or renamed.

Suggested Solution:
  Verify the repository URL is correct and the repository still exists. It may have been deleted, made private, or renamed.

================================================================================

Error #9
--------------------------------------------------------------------------------
Timestamp: 2026-01-20T14:59:38.786661
Repository: https://github.com/qy-upup/nano-banana-2
Ecosystems: Crates, PHP
Error Type: NOT_FOUND
Error Message: Repository not found: qy-upup/nano-banana-2

Possible Reason:
  Verify the repository URL is correct and the repository still exists. It may have been deleted, made private, or renamed.

Suggested Solution:
  Verify the repository URL is correct and the repository still exists. It may have been deleted, made private, or renamed.

================================================================================

Error #10
--------------------------------------------------------------------------------
Timestamp: 2026-01-20T14:59:39.013386
Repository: https://github.com/qy-upup/ai-soulmate-drawing-generator
Ecosystems: Crates, PHP
Error Type: NOT_FOUND
Error Message: Repository not found: qy-upup/ai-soulmate-drawing-generator

Possible Reason:
  Verify the repository URL is correct and the repository still exists. It may have been deleted, made private, or renamed.

Suggested Solution:
  Verify the repository URL is correct and the repository still exists. It may have been deleted, made private, or renamed.

================================================================================

Error #11
--------------------------------------------------------------------------------
Timestamp: 2026-01-20T14:59:39.259313
Repository: https://github.com/qy-upup/ai-twerk-video-generator
Ecosystems: Crates, PHP
Error Type: NOT_FOUND
Error Message: Repository not found: qy-upup/ai-twerk-video-generator

Possible Reason:
  Verify the repository URL is correct and the repository still exists. It may have been deleted, made private, or renamed.

Suggested Solution:
  Verify the repository URL is correct and the repository still exists. It may have been deleted, made private, or renamed.

================================================================================

Error #12
--------------------------------------------------------------------------------
Timestamp: 2026-01-20T14:59:39.482515
Repository: https://github.com/qy-upup/nano-banana-1
Ecosystems: Crates, PHP
Error Type: NOT_FOUND
Error Message: Repository not found: qy-upup/nano-banana-1

Possible Reason:
  Verify the repository URL is correct and the repository still exists. It may have been deleted, made private, or renamed.

Suggested Solution:
  Verify the repository URL is correct and the repository still exists. It may have been deleted, made private, or renamed.

================================================================================

Error #13
--------------------------------------------------------------------------------
Timestamp: 2026-01-20T14:59:39.707286
Repository: https://github.com/qy-upup/ai-minecraft-image
Ecosystems: Crates, PHP
Error Type: NOT_FOUND
Error Message: Repository not found: qy-upup/ai-minecraft-image

Possible Reason:
  Verify the repository URL is correct and the repository still exists. It may have been deleted, made private, or renamed.

Suggested Solution:
  Verify the repository URL is correct and the repository still exists. It may have been deleted, made private, or renamed.

================================================================================

Error #14
--------------------------------------------------------------------------------
Timestamp: 2026-01-20T14:59:39.946528
Repository: https://github.com/qy-upup/ai-soulmate-sketch-filter
Ecosystems: Crates, PHP
Error Type: NOT_FOUND
Error Message: Repository not found: qy-upup/ai-soulmate-sketch-filter

Possible Reason:
  Verify the repository URL is correct and the repository still exists. It may have been deleted, made private, or renamed.

Suggested Solution:
  Verify the repository URL is correct and the repository still exists. It may have been deleted, made private, or renamed.

================================================================================

Error #15
--------------------------------------------------------------------------------
Timestamp: 2026-01-20T14:59:42.137375
Repository: https://github.com/qy-upup/ai-baby-generator
Ecosystems: Crates, PHP
Error Type: NOT_FOUND
Error Message: Repository not found: qy-upup/ai-baby-generator

Possible Reason:
  Verify the repository URL is correct and the repository still exists. It may have been deleted, made private, or renamed.

Suggested Solution:
  Verify the repository URL is correct and the repository still exists. It may have been deleted, made private, or renamed.

================================================================================

Error #16
--------------------------------------------------------------------------------
Timestamp: 2026-01-20T14:59:42.359824
Repository: https://github.com/qy-upup/bigfoot-video-generator
Ecosystems: Crates, PHP
Error Type: NOT_FOUND
Error Message: Repository not found: qy-upup/bigfoot-video-generator

Possible Reason:
  Verify the repository URL is correct and the repository still exists. It may have been deleted, made private, or renamed.

Suggested Solution:
  Verify the repository URL is correct and the repository still exists. It may have been deleted, made private, or renamed.

================================================================================

Error #17
--------------------------------------------------------------------------------
Timestamp: 2026-01-20T14:59:42.582371
Repository: https://github.com/qy-upup/ai-make-music
Ecosystems: Crates, PHP
Error Type: NOT_FOUND
Error Message: Repository not found: qy-upup/ai-make-music

Possible Reason:
  Verify the repository URL is correct and the repository still exists. It may have been deleted, made private, or renamed.

Suggested Solution:
  Verify the repository URL is correct and the repository still exists. It may have been deleted, made private, or renamed.

================================================================================

Error #18
--------------------------------------------------------------------------------
Timestamp: 2026-01-20T14:59:42.812121
Repository: https://github.com/qy-upup/makeshot.ai
Ecosystems: Crates, PHP
Error Type: NOT_FOUND
Error Message: Repository not found: qy-upup/makeshot.ai

Possible Reason:
  Verify the repository URL is correct and the repository still exists. It may have been deleted, made private, or renamed.

Suggested Solution:
  Verify the repository URL is correct and the repository still exists. It may have been deleted, made private, or renamed.

================================================================================

Error #19
--------------------------------------------------------------------------------
Timestamp: 2026-01-20T14:59:43.055274
Repository: https://github.com/qy-upup/banana-prompts
Ecosystems: Crates, PHP
Error Type: NOT_FOUND
Error Message: Repository not found: qy-upup/banana-prompts

Possible Reason:
  Verify the repository URL is correct and the repository still exists. It may have been deleted, made private, or renamed.

Suggested Solution:
  Verify the repository URL is correct and the repository still exists. It may have been deleted, made private, or renamed.

================================================================================

Error #20
--------------------------------------------------------------------------------
Timestamp: 2026-01-20T14:59:43.292091
Repository: https://github.com/qy-upup/diffrhythm.ai
Ecosystems: Crates, PHP
Error Type: NOT_FOUND
Error Message: Repository not found: qy-upup/diffrhythm.ai

Possible Reason:
  Verify the repository URL is correct and the repository still exists. It may have been deleted, made private, or renamed.

Suggested Solution:
  Verify the repository URL is correct and the repository still exists. It may have been deleted, made private, or renamed.

================================================================================

Error #21
--------------------------------------------------------------------------------
Timestamp: 2026-01-20T14:59:43.532313
Repository: https://github.com/qy-upup/bananaproai-com
Ecosystems: Crates, PHP
Error Type: NOT_FOUND
Error Message: Repository not found: qy-upup/bananaproai-com

Possible Reason:
  Verify the repository URL is correct and the repository still exists. It may have been deleted, made private, or renamed.

Suggested Solution:
  Verify the repository URL is correct and the repository still exists. It may have been deleted, made private, or renamed.

================================================================================

Error #22
--------------------------------------------------------------------------------
Timestamp: 2026-01-20T14:59:43.781837
Repository: https://github.com/qy-upup/tomusic.ai-1
Ecosystems: Crates, PHP
Error Type: NOT_FOUND
Error Message: Repository not found: qy-upup/tomusic.ai-1

Possible Reason:
  Verify the repository URL is correct and the repository still exists. It may have been deleted, made private, or renamed.

Suggested Solution:
  Verify the repository URL is correct and the repository still exists. It may have been deleted, made private, or renamed.

================================================================================

Error #23
--------------------------------------------------------------------------------
Timestamp: 2026-01-20T14:59:44.005419
Repository: https://github.com/qy-upup/sotavideo.ai
Ecosystems: Crates, PHP
Error Type: NOT_FOUND
Error Message: Repository not found: qy-upup/sotavideo.ai

Possible Reason:
  Verify the repository URL is correct and the repository still exists. It may have been deleted, made private, or renamed.

Suggested Solution:
  Verify the repository URL is correct and the repository still exists. It may have been deleted, made private, or renamed.

================================================================================

