================================================================================
Error Log for Crates_Go
================================================================================
Total Errors: 20
Generated: 2026-01-21 02:15:51
================================================================================

Error #1
--------------------------------------------------------------------------------
Timestamp: 2026-01-20T14:09:01.894296
Repository: https://github.com/loopholelabs/scale-signature
Ecosystems: Crates, Go
Error Type: NOT_FOUND
Error Message: Repository not found: loopholelabs/scale-signature

Possible Reason:
  Verify the repository URL is correct and the repository still exists. It may have been deleted, made private, or renamed.

Suggested Solution:
  Verify the repository URL is correct and the repository still exists. It may have been deleted, made private, or renamed.

================================================================================

Error #2
--------------------------------------------------------------------------------
Timestamp: 2026-01-20T14:14:40.485238
Repository: https://github.com/substrate-developer-hub/substrate-node-template/
Ecosystems: Crates
Error Type: NOT_FOUND
Error Message: Repository not found: substrate-developer-hub/substrate-node-template

Possible Reason:
  Verify the repository URL is correct and the repository still exists. It may have been deleted, made private, or renamed.

Suggested Solution:
  Verify the repository URL is correct and the repository still exists. It may have been deleted, made private, or renamed.

================================================================================

Error #3
--------------------------------------------------------------------------------
Timestamp: 2026-01-20T14:14:41.055662
Repository: https://github.com/substrate-developer-hub/substrate-node-template
Ecosystems: Go
Error Type: NOT_FOUND
Error Message: Repository not found: substrate-developer-hub/substrate-node-template

Possible Reason:
  Verify the repository URL is correct and the repository still exists. It may have been deleted, made private, or renamed.

Suggested Solution:
  Verify the repository URL is correct and the repository still exists. It may have been deleted, made private, or renamed.

================================================================================

Error #4
--------------------------------------------------------------------------------
Timestamp: 2026-01-20T14:15:03.560737
Repository: https://github.com/Stridsvagn69420/Kagero
Ecosystems: Crates
Error Type: NOT_FOUND
Error Message: Repository not found: Stridsvagn69420/Kagero

Possible Reason:
  Verify the repository URL is correct and the repository still exists. It may have been deleted, made private, or renamed.

Suggested Solution:
  Verify the repository URL is correct and the repository still exists. It may have been deleted, made private, or renamed.

================================================================================

Error #5
--------------------------------------------------------------------------------
Timestamp: 2026-01-20T14:15:03.817106
Repository: https://github.com/stridsvagn69420/kagero
Ecosystems: Go
Error Type: NOT_FOUND
Error Message: Repository not found: stridsvagn69420/kagero

Possible Reason:
  Verify the repository URL is correct and the repository still exists. It may have been deleted, made private, or renamed.

Suggested Solution:
  Verify the repository URL is correct and the repository still exists. It may have been deleted, made private, or renamed.

================================================================================

Error #6
--------------------------------------------------------------------------------
Timestamp: 2026-01-20T14:18:03.591129
Repository: https://github.com/loopholelabs/scale-signature-http
Ecosystems: Crates, Go
Error Type: NOT_FOUND
Error Message: Repository not found: loopholelabs/scale-signature-http

Possible Reason:
  Verify the repository URL is correct and the repository still exists. It may have been deleted, made private, or renamed.

Suggested Solution:
  Verify the repository URL is correct and the repository still exists. It may have been deleted, made private, or renamed.

================================================================================

Error #7
--------------------------------------------------------------------------------
Timestamp: 2026-01-20T14:20:19.805686
Repository: https://github.com/CosmWasm/cosmwasm-examples
Ecosystems: Crates
Error Type: NOT_FOUND
Error Message: Repository not found: CosmWasm/cosmwasm-examples

Possible Reason:
  Verify the repository URL is correct and the repository still exists. It may have been deleted, made private, or renamed.

Suggested Solution:
  Verify the repository URL is correct and the repository still exists. It may have been deleted, made private, or renamed.

================================================================================

Error #8
--------------------------------------------------------------------------------
Timestamp: 2026-01-20T14:20:20.037233
Repository: https://github.com/cosmwasm/cosmwasm-examples
Ecosystems: Go
Error Type: NOT_FOUND
Error Message: Repository not found: cosmwasm/cosmwasm-examples

Possible Reason:
  Verify the repository URL is correct and the repository still exists. It may have been deleted, made private, or renamed.

Suggested Solution:
  Verify the repository URL is correct and the repository still exists. It may have been deleted, made private, or renamed.

================================================================================

Error #9
--------------------------------------------------------------------------------
Timestamp: 2026-01-20T14:21:11.675604
Repository: https://github.com/Setheum-Labs/Setheum/stp258-serp
Ecosystems: Crates
Error Type: NOT_FOUND
Error Message: Repository not found: Setheum-Labs/Setheum

Possible Reason:
  Verify the repository URL is correct and the repository still exists. It may have been deleted, made private, or renamed.

Suggested Solution:
  Verify the repository URL is correct and the repository still exists. It may have been deleted, made private, or renamed.

================================================================================

Error #10
--------------------------------------------------------------------------------
Timestamp: 2026-01-20T14:21:11.919245
Repository: https://github.com/setheum-labs/setheum
Ecosystems: Go
Error Type: NOT_FOUND
Error Message: Repository not found: setheum-labs/setheum

Possible Reason:
  Verify the repository URL is correct and the repository still exists. It may have been deleted, made private, or renamed.

Suggested Solution:
  Verify the repository URL is correct and the repository still exists. It may have been deleted, made private, or renamed.

================================================================================

Error #11
--------------------------------------------------------------------------------
Timestamp: 2026-01-20T14:21:35.995908
Repository: https://github.com/swimos/swim-rust/tree/main/api/formats/swimos_msgpack
Ecosystems: Crates
Error Type: NOT_FOUND
Error Message: Repository not found: swimos/swim-rust

Possible Reason:
  Verify the repository URL is correct and the repository still exists. It may have been deleted, made private, or renamed.

Suggested Solution:
  Verify the repository URL is correct and the repository still exists. It may have been deleted, made private, or renamed.

================================================================================

Error #12
--------------------------------------------------------------------------------
Timestamp: 2026-01-20T14:21:36.298225
Repository: https://github.com/swimos/swim-rust
Ecosystems: Go
Error Type: NOT_FOUND
Error Message: Repository not found: swimos/swim-rust

Possible Reason:
  Verify the repository URL is correct and the repository still exists. It may have been deleted, made private, or renamed.

Suggested Solution:
  Verify the repository URL is correct and the repository still exists. It may have been deleted, made private, or renamed.

================================================================================

Error #13
--------------------------------------------------------------------------------
Timestamp: 2026-01-20T14:22:34.683895
Repository: https://github.com/jamf/rendr
Ecosystems: Crates, Go
Error Type: NOT_FOUND
Error Message: Repository not found: jamf/rendr

Possible Reason:
  Verify the repository URL is correct and the repository still exists. It may have been deleted, made private, or renamed.

Suggested Solution:
  Verify the repository URL is correct and the repository still exists. It may have been deleted, made private, or renamed.

================================================================================

Error #14
--------------------------------------------------------------------------------
Timestamp: 2026-01-20T14:22:47.062595
Repository: https://github.com/shiyuecamus/node-grove-common-api.git
Ecosystems: Crates
Error Type: NOT_FOUND
Error Message: Repository not found: shiyuecamus/node-grove-common-api

Possible Reason:
  Verify the repository URL is correct and the repository still exists. It may have been deleted, made private, or renamed.

Suggested Solution:
  Verify the repository URL is correct and the repository still exists. It may have been deleted, made private, or renamed.

================================================================================

Error #15
--------------------------------------------------------------------------------
Timestamp: 2026-01-20T14:22:47.594135
Repository: https://github.com/shiyuecamus/node-grove-common-api
Ecosystems: Go
Error Type: NOT_FOUND
Error Message: Repository not found: shiyuecamus/node-grove-common-api

Possible Reason:
  Verify the repository URL is correct and the repository still exists. It may have been deleted, made private, or renamed.

Suggested Solution:
  Verify the repository URL is correct and the repository still exists. It may have been deleted, made private, or renamed.

================================================================================

Error #16
--------------------------------------------------------------------------------
Timestamp: 2026-01-20T14:24:54.886753
Repository: https://gitlab.gnome.org/bilelmoussaoui/appstream-glib-rs
Ecosystems: Crates, Go
Error Type: PARSE_ERROR
Error Message: Could not parse GitHub URL: https://gitlab.gnome.org/bilelmoussaoui/appstream-glib-rs

Possible Reason:
  Ensure the URL follows the format: https://github.com/owner/repo or git@github.com:owner/repo.git

Suggested Solution:
  Ensure the URL follows the format: https://github.com/owner/repo or git@github.com:owner/repo.git

================================================================================

Error #17
--------------------------------------------------------------------------------
Timestamp: 2026-01-20T14:25:31.768122
Repository: https://github.com/zjaco13/multi-lang-eks-blueprints-cdk
Ecosystems: Crates, Go
Error Type: NOT_FOUND
Error Message: Repository not found: zjaco13/multi-lang-eks-blueprints-cdk

Possible Reason:
  Verify the repository URL is correct and the repository still exists. It may have been deleted, made private, or renamed.

Suggested Solution:
  Verify the repository URL is correct and the repository still exists. It may have been deleted, made private, or renamed.

================================================================================

Error #18
--------------------------------------------------------------------------------
Timestamp: 2026-01-20T14:30:10.402026
Repository: https://github.com/MXWXZ/skynet
Ecosystems: Crates
Error Type: NOT_FOUND
Error Message: Repository not found: MXWXZ/skynet

Possible Reason:
  Verify the repository URL is correct and the repository still exists. It may have been deleted, made private, or renamed.

Suggested Solution:
  Verify the repository URL is correct and the repository still exists. It may have been deleted, made private, or renamed.

================================================================================

Error #19
--------------------------------------------------------------------------------
Timestamp: 2026-01-20T14:30:10.638457
Repository: https://github.com/mxwxz/skynet
Ecosystems: Go
Error Type: NOT_FOUND
Error Message: Repository not found: mxwxz/skynet

Possible Reason:
  Verify the repository URL is correct and the repository still exists. It may have been deleted, made private, or renamed.

Suggested Solution:
  Verify the repository URL is correct and the repository still exists. It may have been deleted, made private, or renamed.

================================================================================

Error #20
--------------------------------------------------------------------------------
Timestamp: 2026-01-20T14:34:19.663730
Repository: https://gitee.com/quant1x/quant1x
Ecosystems: Crates, Go
Error Type: PARSE_ERROR
Error Message: Could not parse GitHub URL: https://gitee.com/quant1x/quant1x

Possible Reason:
  Ensure the URL follows the format: https://github.com/owner/repo or git@github.com:owner/repo.git

Suggested Solution:
  Ensure the URL follows the format: https://github.com/owner/repo or git@github.com:owner/repo.git

================================================================================

