================================================================================
Error Log for Crates_NPM_PyPI
================================================================================
Total Errors: 41
Generated: 2026-01-21 02:15:51
================================================================================

Error #1
--------------------------------------------------------------------------------
Timestamp: 2026-01-21T01:12:56.718346
Repository: https://github.com/traittech/trait-keyless/
Ecosystems: Crates
Error Type: NOT_FOUND
Error Message: Repository not found: traittech/trait-keyless

Possible Reason:
  Verify the repository URL is correct and the repository still exists. It may have been deleted, made private, or renamed.

Suggested Solution:
  Verify the repository URL is correct and the repository still exists. It may have been deleted, made private, or renamed.

================================================================================

Error #2
--------------------------------------------------------------------------------
Timestamp: 2026-01-21T01:12:56.989805
Repository: git+https://github.com/traittech/trait-keyless.git
Ecosystems: NPM
Error Type: NOT_FOUND
Error Message: Repository not found: traittech/trait-keyless

Possible Reason:
  Verify the repository URL is correct and the repository still exists. It may have been deleted, made private, or renamed.

Suggested Solution:
  Verify the repository URL is correct and the repository still exists. It may have been deleted, made private, or renamed.

================================================================================

Error #3
--------------------------------------------------------------------------------
Timestamp: 2026-01-21T01:12:57.240497
Repository: https://github.com/traittech/trait-keyless.git
Ecosystems: PyPI
Error Type: NOT_FOUND
Error Message: Repository not found: traittech/trait-keyless

Possible Reason:
  Verify the repository URL is correct and the repository still exists. It may have been deleted, made private, or renamed.

Suggested Solution:
  Verify the repository URL is correct and the repository still exists. It may have been deleted, made private, or renamed.

================================================================================

Error #4
--------------------------------------------------------------------------------
Timestamp: 2026-01-21T01:12:59.189308
Repository: https://github.com/raugfer/ulibrs
Ecosystems: Crates, PyPI
Error Type: NOT_FOUND
Error Message: Repository not found: raugfer/ulibrs

Possible Reason:
  Verify the repository URL is correct and the repository still exists. It may have been deleted, made private, or renamed.

Suggested Solution:
  Verify the repository URL is correct and the repository still exists. It may have been deleted, made private, or renamed.

================================================================================

Error #5
--------------------------------------------------------------------------------
Timestamp: 2026-01-21T01:12:59.460583
Repository: git+https://github.com/raugfer/ulibrs.git
Ecosystems: NPM
Error Type: NOT_FOUND
Error Message: Repository not found: raugfer/ulibrs

Possible Reason:
  Verify the repository URL is correct and the repository still exists. It may have been deleted, made private, or renamed.

Suggested Solution:
  Verify the repository URL is correct and the repository still exists. It may have been deleted, made private, or renamed.

================================================================================

Error #6
--------------------------------------------------------------------------------
Timestamp: 2026-01-21T01:13:02.794192
Repository: https://github.com/brunieland/brunie
Ecosystems: Crates, PyPI
Error Type: NOT_FOUND
Error Message: Repository not found: brunieland/brunie

Possible Reason:
  Verify the repository URL is correct and the repository still exists. It may have been deleted, made private, or renamed.

Suggested Solution:
  Verify the repository URL is correct and the repository still exists. It may have been deleted, made private, or renamed.

================================================================================

Error #7
--------------------------------------------------------------------------------
Timestamp: 2026-01-21T01:13:03.051193
Repository: git+https://github.com/brunieland/brunie.git
Ecosystems: NPM
Error Type: NOT_FOUND
Error Message: Repository not found: brunieland/brunie

Possible Reason:
  Verify the repository URL is correct and the repository still exists. It may have been deleted, made private, or renamed.

Suggested Solution:
  Verify the repository URL is correct and the repository still exists. It may have been deleted, made private, or renamed.

================================================================================

Error #8
--------------------------------------------------------------------------------
Timestamp: 2026-01-21T01:13:04.120966
Repository: https://github.com/zcred/zhash
Ecosystems: Crates, PyPI
Error Type: NOT_FOUND
Error Message: Repository not found: zcred/zhash

Possible Reason:
  Verify the repository URL is correct and the repository still exists. It may have been deleted, made private, or renamed.

Suggested Solution:
  Verify the repository URL is correct and the repository still exists. It may have been deleted, made private, or renamed.

================================================================================

Error #9
--------------------------------------------------------------------------------
Timestamp: 2026-01-21T01:13:04.413520
Repository: git+https://github.com/zcred/zhash.git
Ecosystems: NPM
Error Type: NOT_FOUND
Error Message: Repository not found: zcred/zhash

Possible Reason:
  Verify the repository URL is correct and the repository still exists. It may have been deleted, made private, or renamed.

Suggested Solution:
  Verify the repository URL is correct and the repository still exists. It may have been deleted, made private, or renamed.

================================================================================

Error #10
--------------------------------------------------------------------------------
Timestamp: 2026-01-21T01:13:11.220057
Repository: https://github.com/dyber-pqc/quantacore-sdk
Ecosystems: Crates, PyPI
Error Type: NOT_FOUND
Error Message: Repository not found: dyber-pqc/quantacore-sdk

Possible Reason:
  Verify the repository URL is correct and the repository still exists. It may have been deleted, made private, or renamed.

Suggested Solution:
  Verify the repository URL is correct and the repository still exists. It may have been deleted, made private, or renamed.

================================================================================

Error #11
--------------------------------------------------------------------------------
Timestamp: 2026-01-21T01:13:11.462761
Repository: git+https://github.com/dyber-pqc/quantacore-sdk.git
Ecosystems: NPM
Error Type: NOT_FOUND
Error Message: Repository not found: dyber-pqc/quantacore-sdk

Possible Reason:
  Verify the repository URL is correct and the repository still exists. It may have been deleted, made private, or renamed.

Suggested Solution:
  Verify the repository URL is correct and the repository still exists. It may have been deleted, made private, or renamed.

================================================================================

Error #12
--------------------------------------------------------------------------------
Timestamp: 2026-01-21T01:13:16.107694
Repository: https://github.com/zcred/verihash
Ecosystems: Crates, PyPI
Error Type: NOT_FOUND
Error Message: Repository not found: zcred/verihash

Possible Reason:
  Verify the repository URL is correct and the repository still exists. It may have been deleted, made private, or renamed.

Suggested Solution:
  Verify the repository URL is correct and the repository still exists. It may have been deleted, made private, or renamed.

================================================================================

Error #13
--------------------------------------------------------------------------------
Timestamp: 2026-01-21T01:13:16.351436
Repository: git+https://github.com/zcred/verihash.git
Ecosystems: NPM
Error Type: NOT_FOUND
Error Message: Repository not found: zcred/verihash

Possible Reason:
  Verify the repository URL is correct and the repository still exists. It may have been deleted, made private, or renamed.

Suggested Solution:
  Verify the repository URL is correct and the repository still exists. It may have been deleted, made private, or renamed.

================================================================================

Error #14
--------------------------------------------------------------------------------
Timestamp: 2026-01-21T01:13:38.635351
Repository: https://github.com/siftdb/siftdb
Ecosystems: Crates, PyPI
Error Type: NOT_FOUND
Error Message: Repository not found: siftdb/siftdb

Possible Reason:
  Verify the repository URL is correct and the repository still exists. It may have been deleted, made private, or renamed.

Suggested Solution:
  Verify the repository URL is correct and the repository still exists. It may have been deleted, made private, or renamed.

================================================================================

Error #15
--------------------------------------------------------------------------------
Timestamp: 2026-01-21T01:13:38.860968
Repository: git+https://github.com/siftdb/siftdb.git
Ecosystems: NPM
Error Type: NOT_FOUND
Error Message: Repository not found: siftdb/siftdb

Possible Reason:
  Verify the repository URL is correct and the repository still exists. It may have been deleted, made private, or renamed.

Suggested Solution:
  Verify the repository URL is correct and the repository still exists. It may have been deleted, made private, or renamed.

================================================================================

Error #16
--------------------------------------------------------------------------------
Timestamp: 2026-01-21T01:13:39.862146
Repository: https://github.com/miscreant/minclib
Ecosystems: Crates, PyPI
Error Type: NOT_FOUND
Error Message: Repository not found: miscreant/minclib

Possible Reason:
  Verify the repository URL is correct and the repository still exists. It may have been deleted, made private, or renamed.

Suggested Solution:
  Verify the repository URL is correct and the repository still exists. It may have been deleted, made private, or renamed.

================================================================================

Error #17
--------------------------------------------------------------------------------
Timestamp: 2026-01-21T01:13:40.097021
Repository: git+https://github.com/miscreant/minclib.git
Ecosystems: NPM
Error Type: NOT_FOUND
Error Message: Repository not found: miscreant/minclib

Possible Reason:
  Verify the repository URL is correct and the repository still exists. It may have been deleted, made private, or renamed.

Suggested Solution:
  Verify the repository URL is correct and the repository still exists. It may have been deleted, made private, or renamed.

================================================================================

Error #18
--------------------------------------------------------------------------------
Timestamp: 2026-01-21T01:13:55.930386
Repository: https://github.com/votre-username/votre-repo
Ecosystems: Crates, PyPI
Error Type: NOT_FOUND
Error Message: Repository not found: votre-username/votre-repo

Possible Reason:
  Verify the repository URL is correct and the repository still exists. It may have been deleted, made private, or renamed.

Suggested Solution:
  Verify the repository URL is correct and the repository still exists. It may have been deleted, made private, or renamed.

================================================================================

Error #19
--------------------------------------------------------------------------------
Timestamp: 2026-01-21T01:13:56.166236
Repository: git+https://github.com/votre-username/votre-repo.git
Ecosystems: NPM
Error Type: NOT_FOUND
Error Message: Repository not found: votre-username/votre-repo

Possible Reason:
  Verify the repository URL is correct and the repository still exists. It may have been deleted, made private, or renamed.

Suggested Solution:
  Verify the repository URL is correct and the repository still exists. It may have been deleted, made private, or renamed.

================================================================================

Error #20
--------------------------------------------------------------------------------
Timestamp: 2026-01-21T01:13:56.396840
Repository: https://github.com/Chinilla/chinillaclvm_rs/
Ecosystems: Crates, PyPI
Error Type: NOT_FOUND
Error Message: Repository not found: Chinilla/chinillaclvm_rs

Possible Reason:
  Verify the repository URL is correct and the repository still exists. It may have been deleted, made private, or renamed.

Suggested Solution:
  Verify the repository URL is correct and the repository still exists. It may have been deleted, made private, or renamed.

================================================================================

Error #21
--------------------------------------------------------------------------------
Timestamp: 2026-01-21T01:13:56.642530
Repository: git+https://github.com/Chinilla/chinillaclvm_rs.git
Ecosystems: NPM
Error Type: NOT_FOUND
Error Message: Repository not found: Chinilla/chinillaclvm_rs

Possible Reason:
  Verify the repository URL is correct and the repository still exists. It may have been deleted, made private, or renamed.

Suggested Solution:
  Verify the repository URL is correct and the repository still exists. It may have been deleted, made private, or renamed.

================================================================================

Error #22
--------------------------------------------------------------------------------
Timestamp: 2026-01-21T01:14:17.838027
Repository: https://github.com/yourusername/your-repo
Ecosystems: Crates, PyPI
Error Type: NOT_FOUND
Error Message: Repository not found: yourusername/your-repo

Possible Reason:
  Verify the repository URL is correct and the repository still exists. It may have been deleted, made private, or renamed.

Suggested Solution:
  Verify the repository URL is correct and the repository still exists. It may have been deleted, made private, or renamed.

================================================================================

Error #23
--------------------------------------------------------------------------------
Timestamp: 2026-01-21T01:14:18.099517
Repository: git+https://github.com/yourusername/your-repo.git
Ecosystems: NPM
Error Type: NOT_FOUND
Error Message: Repository not found: yourusername/your-repo

Possible Reason:
  Verify the repository URL is correct and the repository still exists. It may have been deleted, made private, or renamed.

Suggested Solution:
  Verify the repository URL is correct and the repository still exists. It may have been deleted, made private, or renamed.

================================================================================

Error #24
--------------------------------------------------------------------------------
Timestamp: 2026-01-21T01:14:24.288020
Repository: https://github.com/caolo-game/cao-lang.git
Ecosystems: Crates
Error Type: NOT_FOUND
Error Message: Repository not found: caolo-game/cao-lang

Possible Reason:
  Verify the repository URL is correct and the repository still exists. It may have been deleted, made private, or renamed.

Suggested Solution:
  Verify the repository URL is correct and the repository still exists. It may have been deleted, made private, or renamed.

================================================================================

Error #25
--------------------------------------------------------------------------------
Timestamp: 2026-01-21T01:14:24.516792
Repository: git+https://github.com/caolo-game/cao-lang.git
Ecosystems: NPM
Error Type: NOT_FOUND
Error Message: Repository not found: caolo-game/cao-lang

Possible Reason:
  Verify the repository URL is correct and the repository still exists. It may have been deleted, made private, or renamed.

Suggested Solution:
  Verify the repository URL is correct and the repository still exists. It may have been deleted, made private, or renamed.

================================================================================

Error #26
--------------------------------------------------------------------------------
Timestamp: 2026-01-21T01:14:24.758130
Repository: https://github.com/caolo-game/cao-lang
Ecosystems: PyPI
Error Type: NOT_FOUND
Error Message: Repository not found: caolo-game/cao-lang

Possible Reason:
  Verify the repository URL is correct and the repository still exists. It may have been deleted, made private, or renamed.

Suggested Solution:
  Verify the repository URL is correct and the repository still exists. It may have been deleted, made private, or renamed.

================================================================================

Error #27
--------------------------------------------------------------------------------
Timestamp: 2026-01-21T01:14:26.453083
Repository: https://github.com/shenxiangzhuang/valdo
Ecosystems: Crates, PyPI
Error Type: NOT_FOUND
Error Message: Repository not found: shenxiangzhuang/valdo

Possible Reason:
  Verify the repository URL is correct and the repository still exists. It may have been deleted, made private, or renamed.

Suggested Solution:
  Verify the repository URL is correct and the repository still exists. It may have been deleted, made private, or renamed.

================================================================================

Error #28
--------------------------------------------------------------------------------
Timestamp: 2026-01-21T01:14:26.689850
Repository: git+https://github.com/shenxiangzhuang/valdo.git
Ecosystems: NPM
Error Type: NOT_FOUND
Error Message: Repository not found: shenxiangzhuang/valdo

Possible Reason:
  Verify the repository URL is correct and the repository still exists. It may have been deleted, made private, or renamed.

Suggested Solution:
  Verify the repository URL is correct and the repository still exists. It may have been deleted, made private, or renamed.

================================================================================

Error #29
--------------------------------------------------------------------------------
Timestamp: 2026-01-21T01:14:29.101702
Repository: https://github.com/thirdkey/schemapin
Ecosystems: Crates, PyPI
Error Type: NOT_FOUND
Error Message: Repository not found: thirdkey/schemapin

Possible Reason:
  Verify the repository URL is correct and the repository still exists. It may have been deleted, made private, or renamed.

Suggested Solution:
  Verify the repository URL is correct and the repository still exists. It may have been deleted, made private, or renamed.

================================================================================

Error #30
--------------------------------------------------------------------------------
Timestamp: 2026-01-21T01:14:29.328848
Repository: git+https://github.com/thirdkey/schemapin.git
Ecosystems: NPM
Error Type: NOT_FOUND
Error Message: Repository not found: thirdkey/schemapin

Possible Reason:
  Verify the repository URL is correct and the repository still exists. It may have been deleted, made private, or renamed.

Suggested Solution:
  Verify the repository URL is correct and the repository still exists. It may have been deleted, made private, or renamed.

================================================================================

Error #31
--------------------------------------------------------------------------------
Timestamp: 2026-01-21T01:14:32.950839
Repository: https://github.com/stateset/stateset-acp-handler
Ecosystems: Crates, PyPI
Error Type: NOT_FOUND
Error Message: Repository not found: stateset/stateset-acp-handler

Possible Reason:
  Verify the repository URL is correct and the repository still exists. It may have been deleted, made private, or renamed.

Suggested Solution:
  Verify the repository URL is correct and the repository still exists. It may have been deleted, made private, or renamed.

================================================================================

Error #32
--------------------------------------------------------------------------------
Timestamp: 2026-01-21T01:14:33.209762
Repository: git+https://github.com/stateset/stateset-acp-handler.git
Ecosystems: NPM
Error Type: NOT_FOUND
Error Message: Repository not found: stateset/stateset-acp-handler

Possible Reason:
  Verify the repository URL is correct and the repository still exists. It may have been deleted, made private, or renamed.

Suggested Solution:
  Verify the repository URL is correct and the repository still exists. It may have been deleted, made private, or renamed.

================================================================================

Error #33
--------------------------------------------------------------------------------
Timestamp: 2026-01-21T01:14:48.866074
Repository: https://github.com/dylanljones/rbox
Ecosystems: Crates, PyPI
Error Type: NOT_FOUND
Error Message: Repository not found: dylanljones/rbox

Possible Reason:
  Verify the repository URL is correct and the repository still exists. It may have been deleted, made private, or renamed.

Suggested Solution:
  Verify the repository URL is correct and the repository still exists. It may have been deleted, made private, or renamed.

================================================================================

Error #34
--------------------------------------------------------------------------------
Timestamp: 2026-01-21T01:14:49.116010
Repository: git+https://github.com/dylanljones/rbox.git
Ecosystems: NPM
Error Type: NOT_FOUND
Error Message: Repository not found: dylanljones/rbox

Possible Reason:
  Verify the repository URL is correct and the repository still exists. It may have been deleted, made private, or renamed.

Suggested Solution:
  Verify the repository URL is correct and the repository still exists. It may have been deleted, made private, or renamed.

================================================================================

Error #35
--------------------------------------------------------------------------------
Timestamp: 2026-01-21T01:15:00.194201
Repository: https://github.com/jayminwest/kota-db
Ecosystems: Crates, PyPI
Error Type: NOT_FOUND
Error Message: Repository not found: jayminwest/kota-db

Possible Reason:
  Verify the repository URL is correct and the repository still exists. It may have been deleted, made private, or renamed.

Suggested Solution:
  Verify the repository URL is correct and the repository still exists. It may have been deleted, made private, or renamed.

================================================================================

Error #36
--------------------------------------------------------------------------------
Timestamp: 2026-01-21T01:15:00.461167
Repository: git+https://github.com/jayminwest/kota-db.git
Ecosystems: NPM
Error Type: NOT_FOUND
Error Message: Repository not found: jayminwest/kota-db

Possible Reason:
  Verify the repository URL is correct and the repository still exists. It may have been deleted, made private, or renamed.

Suggested Solution:
  Verify the repository URL is correct and the repository still exists. It may have been deleted, made private, or renamed.

================================================================================

Error #37
--------------------------------------------------------------------------------
Timestamp: 2026-01-21T01:15:12.696426
Repository: https://github.com/username/repo
Ecosystems: Crates
Error Type: NOT_FOUND
Error Message: Repository not found: username/repo

Possible Reason:
  Verify the repository URL is correct and the repository still exists. It may have been deleted, made private, or renamed.

Suggested Solution:
  Verify the repository URL is correct and the repository still exists. It may have been deleted, made private, or renamed.

================================================================================

Error #38
--------------------------------------------------------------------------------
Timestamp: 2026-01-21T01:15:12.924439
Repository: git+https://github.com/username/repo.git
Ecosystems: NPM
Error Type: NOT_FOUND
Error Message: Repository not found: username/repo

Possible Reason:
  Verify the repository URL is correct and the repository still exists. It may have been deleted, made private, or renamed.

Suggested Solution:
  Verify the repository URL is correct and the repository still exists. It may have been deleted, made private, or renamed.

================================================================================

Error #39
--------------------------------------------------------------------------------
Timestamp: 2026-01-21T01:15:13.145043
Repository: https://github.com/username/repo.git
Ecosystems: PyPI
Error Type: NOT_FOUND
Error Message: Repository not found: username/repo

Possible Reason:
  Verify the repository URL is correct and the repository still exists. It may have been deleted, made private, or renamed.

Suggested Solution:
  Verify the repository URL is correct and the repository still exists. It may have been deleted, made private, or renamed.

================================================================================

Error #40
--------------------------------------------------------------------------------
Timestamp: 2026-01-21T01:15:18.427841
Repository: https://github.com/zengeld/zengeld-canvas
Ecosystems: Crates, PyPI
Error Type: NOT_FOUND
Error Message: Repository not found: zengeld/zengeld-canvas

Possible Reason:
  Verify the repository URL is correct and the repository still exists. It may have been deleted, made private, or renamed.

Suggested Solution:
  Verify the repository URL is correct and the repository still exists. It may have been deleted, made private, or renamed.

================================================================================

Error #41
--------------------------------------------------------------------------------
Timestamp: 2026-01-21T01:15:18.641465
Repository: git+https://github.com/zengeld/zengeld-canvas.git
Ecosystems: NPM
Error Type: NOT_FOUND
Error Message: Repository not found: zengeld/zengeld-canvas

Possible Reason:
  Verify the repository URL is correct and the repository still exists. It may have been deleted, made private, or renamed.

Suggested Solution:
  Verify the repository URL is correct and the repository still exists. It may have been deleted, made private, or renamed.

================================================================================

