================================================================================
Error Log for Go_Maven_NPM_Ruby
================================================================================
Total Errors: 2
Generated: 2026-01-25 19:54:23
================================================================================

Error #1
--------------------------------------------------------------------------------
Timestamp: 2026-01-25T19:52:32.353990
Repository: https://github.com/vertexcache/vertexcache
Ecosystems: Go, Maven, NPM, Ruby
Error Type: NOT_FOUND
Error Message: Repository not found: vertexcache/vertexcache

Possible Reason:
  Verify the repository URL is correct and the repository still exists. It may have been deleted, made private, or renamed.

Suggested Solution:
  Verify the repository URL is correct and the repository still exists. It may have been deleted, made private, or renamed.

================================================================================

Error #2
--------------------------------------------------------------------------------
Timestamp: 2026-01-25T19:52:32.355737
Repository: https://github.com/vertexcache/vertexcache
Ecosystems: Go, Maven, NPM, Ruby
Error Type: TREE_FETCH_FAILED
Error Message: Failed to fetch directory tree for vertexcache/vertexcache

Possible Reason:
  Repository may not exist, be private, or API may have failed. Check error logs for details.

Suggested Solution:
  Repository may not exist, be private, or API may have failed. Check error logs for details.

================================================================================

