================================================================================
Error Log for Go_Maven_NPM
================================================================================
Total Errors: 13
Generated: 2026-01-21 02:15:51
================================================================================

Error #1
--------------------------------------------------------------------------------
Timestamp: 2026-01-21T01:20:02.161690
Repository: https://github.com/konfig-dev/newscatcher-sdks
Ecosystems: Go
Error Type: NOT_FOUND
Error Message: Repository not found: konfig-dev/newscatcher-sdks

Possible Reason:
  Verify the repository URL is correct and the repository still exists. It may have been deleted, made private, or renamed.

Suggested Solution:
  Verify the repository URL is correct and the repository still exists. It may have been deleted, made private, or renamed.

================================================================================

Error #2
--------------------------------------------------------------------------------
Timestamp: 2026-01-21T01:20:02.391625
Repository: https://github.com/konfig-dev/newscatcher-sdks/tree/main/v3/java
Ecosystems: Maven
Error Type: NOT_FOUND
Error Message: Repository not found: konfig-dev/newscatcher-sdks

Possible Reason:
  Verify the repository URL is correct and the repository still exists. It may have been deleted, made private, or renamed.

Suggested Solution:
  Verify the repository URL is correct and the repository still exists. It may have been deleted, made private, or renamed.

================================================================================

Error #3
--------------------------------------------------------------------------------
Timestamp: 2026-01-21T01:20:02.629899
Repository: git+https://github.com/konfig-dev/newscatcher-sdks.git
Ecosystems: NPM
Error Type: NOT_FOUND
Error Message: Repository not found: konfig-dev/newscatcher-sdks

Possible Reason:
  Verify the repository URL is correct and the repository still exists. It may have been deleted, made private, or renamed.

Suggested Solution:
  Verify the repository URL is correct and the repository still exists. It may have been deleted, made private, or renamed.

================================================================================

Error #4
--------------------------------------------------------------------------------
Timestamp: 2026-01-21T01:27:17.209157
Repository: https://github.com/wikiki/bulma-timeline
Ecosystems: Go
Error Type: NOT_FOUND
Error Message: Repository not found: wikiki/bulma-timeline

Possible Reason:
  Verify the repository URL is correct and the repository still exists. It may have been deleted, made private, or renamed.

Suggested Solution:
  Verify the repository URL is correct and the repository still exists. It may have been deleted, made private, or renamed.

================================================================================

Error #5
--------------------------------------------------------------------------------
Timestamp: 2026-01-21T01:27:17.430379
Repository: https://github.com/Wikiki/bulma-timeline
Ecosystems: Maven
Error Type: NOT_FOUND
Error Message: Repository not found: Wikiki/bulma-timeline

Possible Reason:
  Verify the repository URL is correct and the repository still exists. It may have been deleted, made private, or renamed.

Suggested Solution:
  Verify the repository URL is correct and the repository still exists. It may have been deleted, made private, or renamed.

================================================================================

Error #6
--------------------------------------------------------------------------------
Timestamp: 2026-01-21T01:27:17.649594
Repository: git+https://github.com/Wikiki/bulma-timeline.git
Ecosystems: NPM
Error Type: NOT_FOUND
Error Message: Repository not found: Wikiki/bulma-timeline

Possible Reason:
  Verify the repository URL is correct and the repository still exists. It may have been deleted, made private, or renamed.

Suggested Solution:
  Verify the repository URL is correct and the repository still exists. It may have been deleted, made private, or renamed.

================================================================================

Error #7
--------------------------------------------------------------------------------
Timestamp: 2026-01-21T01:35:49.905222
Repository: https://github.com/hootsuite/grid
Ecosystems: Go, Maven
Error Type: NOT_FOUND
Error Message: Repository not found: hootsuite/grid

Possible Reason:
  Verify the repository URL is correct and the repository still exists. It may have been deleted, made private, or renamed.

Suggested Solution:
  Verify the repository URL is correct and the repository still exists. It may have been deleted, made private, or renamed.

================================================================================

Error #8
--------------------------------------------------------------------------------
Timestamp: 2026-01-21T01:35:50.203337
Repository: git+https://github.com/hootsuite/grid.git
Ecosystems: NPM
Error Type: NOT_FOUND
Error Message: Repository not found: hootsuite/grid

Possible Reason:
  Verify the repository URL is correct and the repository still exists. It may have been deleted, made private, or renamed.

Suggested Solution:
  Verify the repository URL is correct and the repository still exists. It may have been deleted, made private, or renamed.

================================================================================

Error #9
--------------------------------------------------------------------------------
Timestamp: 2026-01-21T01:36:23.252152
Repository: https://github.com/lukechilds/cacheable-request
Ecosystems: Go, Maven
Error Type: NOT_FOUND
Error Message: Repository not found: lukechilds/cacheable-request

Possible Reason:
  Verify the repository URL is correct and the repository still exists. It may have been deleted, made private, or renamed.

Suggested Solution:
  Verify the repository URL is correct and the repository still exists. It may have been deleted, made private, or renamed.

================================================================================

Error #10
--------------------------------------------------------------------------------
Timestamp: 2026-01-21T01:36:23.502409
Repository: git+https://github.com/lukechilds/cacheable-request.git
Ecosystems: NPM
Error Type: NOT_FOUND
Error Message: Repository not found: lukechilds/cacheable-request

Possible Reason:
  Verify the repository URL is correct and the repository still exists. It may have been deleted, made private, or renamed.

Suggested Solution:
  Verify the repository URL is correct and the repository still exists. It may have been deleted, made private, or renamed.

================================================================================

Error #11
--------------------------------------------------------------------------------
Timestamp: 2026-01-21T01:37:49.122160
Repository: https://github.com/wikiki/bulma-carousel
Ecosystems: Go
Error Type: NOT_FOUND
Error Message: Repository not found: wikiki/bulma-carousel

Possible Reason:
  Verify the repository URL is correct and the repository still exists. It may have been deleted, made private, or renamed.

Suggested Solution:
  Verify the repository URL is correct and the repository still exists. It may have been deleted, made private, or renamed.

================================================================================

Error #12
--------------------------------------------------------------------------------
Timestamp: 2026-01-21T01:37:49.345527
Repository: https://github.com/Wikiki/bulma-carousel
Ecosystems: Maven
Error Type: NOT_FOUND
Error Message: Repository not found: Wikiki/bulma-carousel

Possible Reason:
  Verify the repository URL is correct and the repository still exists. It may have been deleted, made private, or renamed.

Suggested Solution:
  Verify the repository URL is correct and the repository still exists. It may have been deleted, made private, or renamed.

================================================================================

Error #13
--------------------------------------------------------------------------------
Timestamp: 2026-01-21T01:37:49.615780
Repository: git+https://github.com/Wikiki/bulma-carousel.git
Ecosystems: NPM
Error Type: NOT_FOUND
Error Message: Repository not found: Wikiki/bulma-carousel

Possible Reason:
  Verify the repository URL is correct and the repository still exists. It may have been deleted, made private, or renamed.

Suggested Solution:
  Verify the repository URL is correct and the repository still exists. It may have been deleted, made private, or renamed.

================================================================================

