================================================================================
Error Log for Go_Maven_PHP
================================================================================
Total Errors: 2
Generated: 2026-01-25 19:54:23
================================================================================

Error #1
--------------------------------------------------------------------------------
Timestamp: 2026-01-25T19:29:48.249797
Repository: https://github.com/xsokev/dojo-bootstrap
Ecosystems: Go, Maven, PHP
Error Type: NOT_FOUND
Error Message: Repository not found: xsokev/dojo-bootstrap

Possible Reason:
  Verify the repository URL is correct and the repository still exists. It may have been deleted, made private, or renamed.

Suggested Solution:
  Verify the repository URL is correct and the repository still exists. It may have been deleted, made private, or renamed.

================================================================================

Error #2
--------------------------------------------------------------------------------
Timestamp: 2026-01-25T19:29:48.251653
Repository: https://github.com/xsokev/dojo-bootstrap
Ecosystems: Go, Maven, PHP
Error Type: TREE_FETCH_FAILED
Error Message: Failed to fetch directory tree for xsokev/dojo-bootstrap

Possible Reason:
  Repository may not exist, be private, or API may have failed. Check error logs for details.

Suggested Solution:
  Repository may not exist, be private, or API may have failed. Check error logs for details.

================================================================================

