================================================================================
Error Log for Go_Maven_PyPI
================================================================================
Total Errors: 5
Generated: 2026-01-21 02:15:51
================================================================================

Error #1
--------------------------------------------------------------------------------
Timestamp: 2026-01-21T01:52:19.964751
Repository: https://github.com/workiva/frugal
Ecosystems: Go
Error Type: NOT_FOUND
Error Message: Repository not found: workiva/frugal

Possible Reason:
  Verify the repository URL is correct and the repository still exists. It may have been deleted, made private, or renamed.

Suggested Solution:
  Verify the repository URL is correct and the repository still exists. It may have been deleted, made private, or renamed.

================================================================================

Error #2
--------------------------------------------------------------------------------
Timestamp: 2026-01-21T01:52:20.228799
Repository: http://github.com/Workiva/frugal
Ecosystems: Maven, PyPI
Error Type: NOT_FOUND
Error Message: Repository not found: Workiva/frugal

Possible Reason:
  Verify the repository URL is correct and the repository still exists. It may have been deleted, made private, or renamed.

Suggested Solution:
  Verify the repository URL is correct and the repository still exists. It may have been deleted, made private, or renamed.

================================================================================

Error #3
--------------------------------------------------------------------------------
Timestamp: 2026-01-21T01:53:30.655448
Repository: https://github.com/pair-systems-inc/goodmem
Ecosystems: Go
Error Type: NOT_FOUND
Error Message: Repository not found: pair-systems-inc/goodmem

Possible Reason:
  Verify the repository URL is correct and the repository still exists. It may have been deleted, made private, or renamed.

Suggested Solution:
  Verify the repository URL is correct and the repository still exists. It may have been deleted, made private, or renamed.

================================================================================

Error #4
--------------------------------------------------------------------------------
Timestamp: 2026-01-21T01:53:30.910856
Repository: https://github.com/PAIR-Systems-Inc/goodmem
Ecosystems: Maven
Error Type: NOT_FOUND
Error Message: Repository not found: PAIR-Systems-Inc/goodmem

Possible Reason:
  Verify the repository URL is correct and the repository still exists. It may have been deleted, made private, or renamed.

Suggested Solution:
  Verify the repository URL is correct and the repository still exists. It may have been deleted, made private, or renamed.

================================================================================

Error #5
--------------------------------------------------------------------------------
Timestamp: 2026-01-21T01:53:31.171009
Repository: https://github.com/PAIR-Systems-Inc/goodmem/tree/main/clients/python
Ecosystems: PyPI
Error Type: NOT_FOUND
Error Message: Repository not found: PAIR-Systems-Inc/goodmem

Possible Reason:
  Verify the repository URL is correct and the repository still exists. It may have been deleted, made private, or renamed.

Suggested Solution:
  Verify the repository URL is correct and the repository still exists. It may have been deleted, made private, or renamed.

================================================================================

