================================================================================
Error Log for Go_PHP
================================================================================
Total Errors: 3
Generated: 2026-01-21 02:15:51
================================================================================

Error #1
--------------------------------------------------------------------------------
Timestamp: 2026-01-20T19:24:23.096848
Repository: https://github.com/crgeary/pagespeed
Ecosystems: Go, PHP
Error Type: NOT_FOUND
Error Message: Repository not found: crgeary/pagespeed

Possible Reason:
  Verify the repository URL is correct and the repository still exists. It may have been deleted, made private, or renamed.

Suggested Solution:
  Verify the repository URL is correct and the repository still exists. It may have been deleted, made private, or renamed.

================================================================================

Error #2
--------------------------------------------------------------------------------
Timestamp: 2026-01-20T19:32:51.537736
Repository: https://github.com/diversifiedtech/omnipay-nuvei
Ecosystems: Go, PHP
Error Type: NOT_FOUND
Error Message: Repository not found: diversifiedtech/omnipay-nuvei

Possible Reason:
  Verify the repository URL is correct and the repository still exists. It may have been deleted, made private, or renamed.

Suggested Solution:
  Verify the repository URL is correct and the repository still exists. It may have been deleted, made private, or renamed.

================================================================================

Error #3
--------------------------------------------------------------------------------
Timestamp: 2026-01-20T19:52:56.298237
Repository: https://github.com/snapflowio/system
Ecosystems: Go, PHP
Error Type: NOT_FOUND
Error Message: Repository not found: snapflowio/system

Possible Reason:
  Verify the repository URL is correct and the repository still exists. It may have been deleted, made private, or renamed.

Suggested Solution:
  Verify the repository URL is correct and the repository still exists. It may have been deleted, made private, or renamed.

================================================================================

