================================================================================
Error Log for Go_PyPI
================================================================================
Total Errors: 35
Generated: 2026-01-21 02:15:51
================================================================================

Error #1
--------------------------------------------------------------------------------
Timestamp: 2026-01-20T19:54:13.750487
Repository: https://github.com/run-ai/runai
Ecosystems: Go, PyPI
Error Type: NOT_FOUND
Error Message: Repository not found: run-ai/runai

Possible Reason:
  Verify the repository URL is correct and the repository still exists. It may have been deleted, made private, or renamed.

Suggested Solution:
  Verify the repository URL is correct and the repository still exists. It may have been deleted, made private, or renamed.

================================================================================

Error #2
--------------------------------------------------------------------------------
Timestamp: 2026-01-20T19:58:12.342285
Repository: https://github.com/pywaves/pywaves
Ecosystems: Go
Error Type: NOT_FOUND
Error Message: Repository not found: pywaves/pywaves

Possible Reason:
  Verify the repository URL is correct and the repository still exists. It may have been deleted, made private, or renamed.

Suggested Solution:
  Verify the repository URL is correct and the repository still exists. It may have been deleted, made private, or renamed.

================================================================================

Error #3
--------------------------------------------------------------------------------
Timestamp: 2026-01-20T19:58:12.591892
Repository: http://github.com/pywaves/pywaves
Ecosystems: PyPI
Error Type: NOT_FOUND
Error Message: Repository not found: pywaves/pywaves

Possible Reason:
  Verify the repository URL is correct and the repository still exists. It may have been deleted, made private, or renamed.

Suggested Solution:
  Verify the repository URL is correct and the repository still exists. It may have been deleted, made private, or renamed.

================================================================================

Error #4
--------------------------------------------------------------------------------
Timestamp: 2026-01-20T20:01:34.003069
Repository: https://github.com/divanvisagie/new
Ecosystems: Go, PyPI
Error Type: NOT_FOUND
Error Message: Repository not found: divanvisagie/new

Possible Reason:
  Verify the repository URL is correct and the repository still exists. It may have been deleted, made private, or renamed.

Suggested Solution:
  Verify the repository URL is correct and the repository still exists. It may have been deleted, made private, or renamed.

================================================================================

Error #5
--------------------------------------------------------------------------------
Timestamp: 2026-01-20T20:04:29.027602
Repository: https://github.com/kasroudra/pyphisher
Ecosystems: Go
Error Type: ACCESS_DENIED
Error Message: Access denied to repository: kasroudra/pyphisher

Possible Reason:
  Repository may be private or you may have hit the rate limit. If private, ensure you have proper access credentials. If rate limited, wait for the limit to reset or use a GitHub token.

Suggested Solution:
  Repository may be private or you may have hit the rate limit. If private, ensure you have proper access credentials. If rate limited, wait for the limit to reset or use a GitHub token.

================================================================================

Error #6
--------------------------------------------------------------------------------
Timestamp: 2026-01-20T20:04:29.277980
Repository: https://github.com/KasRoudra/PyPhisher/
Ecosystems: PyPI
Error Type: ACCESS_DENIED
Error Message: Access denied to repository: KasRoudra/PyPhisher

Possible Reason:
  Repository may be private or you may have hit the rate limit. If private, ensure you have proper access credentials. If rate limited, wait for the limit to reset or use a GitHub token.

Suggested Solution:
  Repository may be private or you may have hit the rate limit. If private, ensure you have proper access credentials. If rate limited, wait for the limit to reset or use a GitHub token.

================================================================================

Error #7
--------------------------------------------------------------------------------
Timestamp: 2026-01-20T20:06:11.579732
Repository: https://github.com/arnebachmann/sos
Ecosystems: Go
Error Type: NOT_FOUND
Error Message: Repository not found: arnebachmann/sos

Possible Reason:
  Verify the repository URL is correct and the repository still exists. It may have been deleted, made private, or renamed.

Suggested Solution:
  Verify the repository URL is correct and the repository still exists. It may have been deleted, made private, or renamed.

================================================================================

Error #8
--------------------------------------------------------------------------------
Timestamp: 2026-01-20T20:06:12.140940
Repository: http://github.com/ArneBachmann/sos
Ecosystems: PyPI
Error Type: NOT_FOUND
Error Message: Repository not found: ArneBachmann/sos

Possible Reason:
  Verify the repository URL is correct and the repository still exists. It may have been deleted, made private, or renamed.

Suggested Solution:
  Verify the repository URL is correct and the repository still exists. It may have been deleted, made private, or renamed.

================================================================================

Error #9
--------------------------------------------------------------------------------
Timestamp: 2026-01-20T20:06:12.180209
Repository: https://github.com/realtristan/hermes
Ecosystems: Go
Error Type: REQUEST_ERROR
Error Message: Request error: ('Connection aborted.', RemoteDisconnected('Remote end closed connection without response'))

Possible Reason:
  Network error occurred while accessing GitHub API. Check your internet connection and try again.

Suggested Solution:
  Network error occurred while accessing GitHub API. Check your internet connection and try again.

================================================================================

Error #10
--------------------------------------------------------------------------------
Timestamp: 2026-01-20T20:06:46.846847
Repository: https://github.com/futzu/bitn
Ecosystems: Go, PyPI
Error Type: TREE_ERROR
Error Message: Error getting tree: HTTP 404

Possible Reason:
  The repository tree may be too large or the default branch may be empty. Try cloning the repository manually to inspect its structure.

Suggested Solution:
  The repository tree may be too large or the default branch may be empty. Try cloning the repository manually to inspect its structure.

================================================================================

Error #11
--------------------------------------------------------------------------------
Timestamp: 2026-01-20T20:11:33.591406
Repository: https://github.com/klausman/lib_users
Ecosystems: Go, PyPI
Error Type: NOT_FOUND
Error Message: Repository not found: klausman/lib_users

Possible Reason:
  Verify the repository URL is correct and the repository still exists. It may have been deleted, made private, or renamed.

Suggested Solution:
  Verify the repository URL is correct and the repository still exists. It may have been deleted, made private, or renamed.

================================================================================

Error #12
--------------------------------------------------------------------------------
Timestamp: 2026-01-20T20:15:51.665802
Repository: https://github.com/enckse/pyxstitch
Ecosystems: Go, PyPI
Error Type: NOT_FOUND
Error Message: Repository not found: enckse/pyxstitch

Possible Reason:
  Verify the repository URL is correct and the repository still exists. It may have been deleted, made private, or renamed.

Suggested Solution:
  Verify the repository URL is correct and the repository still exists. It may have been deleted, made private, or renamed.

================================================================================

Error #13
--------------------------------------------------------------------------------
Timestamp: 2026-01-20T20:18:17.832753
Repository: https://github.com/oloren-ai/olorenchemengine
Ecosystems: Go
Error Type: NOT_FOUND
Error Message: Repository not found: oloren-ai/olorenchemengine

Possible Reason:
  Verify the repository URL is correct and the repository still exists. It may have been deleted, made private, or renamed.

Suggested Solution:
  Verify the repository URL is correct and the repository still exists. It may have been deleted, made private, or renamed.

================================================================================

Error #14
--------------------------------------------------------------------------------
Timestamp: 2026-01-20T20:18:18.050312
Repository: https://github.com/Oloren-AI/olorenchemengine
Ecosystems: PyPI
Error Type: NOT_FOUND
Error Message: Repository not found: Oloren-AI/olorenchemengine

Possible Reason:
  Verify the repository URL is correct and the repository still exists. It may have been deleted, made private, or renamed.

Suggested Solution:
  Verify the repository URL is correct and the repository still exists. It may have been deleted, made private, or renamed.

================================================================================

Error #15
--------------------------------------------------------------------------------
Timestamp: 2026-01-20T20:21:04.515873
Repository: https://github.com/frostming/atoml
Ecosystems: Go
Error Type: NOT_FOUND
Error Message: Repository not found: frostming/atoml

Possible Reason:
  Verify the repository URL is correct and the repository still exists. It may have been deleted, made private, or renamed.

Suggested Solution:
  Verify the repository URL is correct and the repository still exists. It may have been deleted, made private, or renamed.

================================================================================

Error #16
--------------------------------------------------------------------------------
Timestamp: 2026-01-20T20:21:04.750660
Repository: https://github.com/frostming/atoml.git
Ecosystems: PyPI
Error Type: NOT_FOUND
Error Message: Repository not found: frostming/atoml

Possible Reason:
  Verify the repository URL is correct and the repository still exists. It may have been deleted, made private, or renamed.

Suggested Solution:
  Verify the repository URL is correct and the repository still exists. It may have been deleted, made private, or renamed.

================================================================================

Error #17
--------------------------------------------------------------------------------
Timestamp: 2026-01-20T20:21:11.400293
Repository: https://github.com/layerborn/cdk-iam-policy-builder-helper-construct
Ecosystems: Go
Error Type: NOT_FOUND
Error Message: Repository not found: layerborn/cdk-iam-policy-builder-helper-construct

Possible Reason:
  Verify the repository URL is correct and the repository still exists. It may have been deleted, made private, or renamed.

Suggested Solution:
  Verify the repository URL is correct and the repository still exists. It may have been deleted, made private, or renamed.

================================================================================

Error #18
--------------------------------------------------------------------------------
Timestamp: 2026-01-20T20:21:11.627138
Repository: https://github.com/layerborn/cdk-iam-policy-builder-helper-construct.git
Ecosystems: PyPI
Error Type: NOT_FOUND
Error Message: Repository not found: layerborn/cdk-iam-policy-builder-helper-construct

Possible Reason:
  Verify the repository URL is correct and the repository still exists. It may have been deleted, made private, or renamed.

Suggested Solution:
  Verify the repository URL is correct and the repository still exists. It may have been deleted, made private, or renamed.

================================================================================

Error #19
--------------------------------------------------------------------------------
Timestamp: 2026-01-20T20:21:18.631062
Repository: https://github.com/layerborn/cdk-ami-builder-construct
Ecosystems: Go
Error Type: NOT_FOUND
Error Message: Repository not found: layerborn/cdk-ami-builder-construct

Possible Reason:
  Verify the repository URL is correct and the repository still exists. It may have been deleted, made private, or renamed.

Suggested Solution:
  Verify the repository URL is correct and the repository still exists. It may have been deleted, made private, or renamed.

================================================================================

Error #20
--------------------------------------------------------------------------------
Timestamp: 2026-01-20T20:21:18.870581
Repository: https://github.com/layerborn/cdk-ami-builder-construct.git
Ecosystems: PyPI
Error Type: NOT_FOUND
Error Message: Repository not found: layerborn/cdk-ami-builder-construct

Possible Reason:
  Verify the repository URL is correct and the repository still exists. It may have been deleted, made private, or renamed.

Suggested Solution:
  Verify the repository URL is correct and the repository still exists. It may have been deleted, made private, or renamed.

================================================================================

Error #21
--------------------------------------------------------------------------------
Timestamp: 2026-01-20T20:21:19.107160
Repository: https://github.com/layerborn/cdk-git-tagger-aspect
Ecosystems: Go
Error Type: NOT_FOUND
Error Message: Repository not found: layerborn/cdk-git-tagger-aspect

Possible Reason:
  Verify the repository URL is correct and the repository still exists. It may have been deleted, made private, or renamed.

Suggested Solution:
  Verify the repository URL is correct and the repository still exists. It may have been deleted, made private, or renamed.

================================================================================

Error #22
--------------------------------------------------------------------------------
Timestamp: 2026-01-20T20:21:19.345809
Repository: https://github.com/layerborn/cdk-git-tagger-aspect.git
Ecosystems: PyPI
Error Type: NOT_FOUND
Error Message: Repository not found: layerborn/cdk-git-tagger-aspect

Possible Reason:
  Verify the repository URL is correct and the repository still exists. It may have been deleted, made private, or renamed.

Suggested Solution:
  Verify the repository URL is correct and the repository still exists. It may have been deleted, made private, or renamed.

================================================================================

Error #23
--------------------------------------------------------------------------------
Timestamp: 2026-01-20T20:22:30.493363
Repository: https://github.com/ru5j4r0/pulumi-prefect
Ecosystems: Go, PyPI
Error Type: NOT_FOUND
Error Message: Repository not found: ru5j4r0/pulumi-prefect

Possible Reason:
  Verify the repository URL is correct and the repository still exists. It may have been deleted, made private, or renamed.

Suggested Solution:
  Verify the repository URL is correct and the repository still exists. It may have been deleted, made private, or renamed.

================================================================================

Error #24
--------------------------------------------------------------------------------
Timestamp: 2026-01-20T20:28:31.131821
Repository: https://github.com/pinnaculum/galacteek
Ecosystems: Go, PyPI
Error Type: NOT_FOUND
Error Message: Repository not found: pinnaculum/galacteek

Possible Reason:
  Verify the repository URL is correct and the repository still exists. It may have been deleted, made private, or renamed.

Suggested Solution:
  Verify the repository URL is correct and the repository still exists. It may have been deleted, made private, or renamed.

================================================================================

Error #25
--------------------------------------------------------------------------------
Timestamp: 2026-01-20T20:43:39.579771
Repository: https://github.com/ken-morel/shellsy
Ecosystems: Go
Error Type: NOT_FOUND
Error Message: Repository not found: ken-morel/shellsy

Possible Reason:
  Verify the repository URL is correct and the repository still exists. It may have been deleted, made private, or renamed.

Suggested Solution:
  Verify the repository URL is correct and the repository still exists. It may have been deleted, made private, or renamed.

================================================================================

Error #26
--------------------------------------------------------------------------------
Timestamp: 2026-01-20T20:43:39.829841
Repository: https://github.com/ken-morel/shellsy/
Ecosystems: PyPI
Error Type: NOT_FOUND
Error Message: Repository not found: ken-morel/shellsy

Possible Reason:
  Verify the repository URL is correct and the repository still exists. It may have been deleted, made private, or renamed.

Suggested Solution:
  Verify the repository URL is correct and the repository still exists. It may have been deleted, made private, or renamed.

================================================================================

Error #27
--------------------------------------------------------------------------------
Timestamp: 2026-01-20T20:43:57.046722
Repository: https://github.com/jackcvr/tcpw
Ecosystems: Go, PyPI
Error Type: NOT_FOUND
Error Message: Repository not found: jackcvr/tcpw

Possible Reason:
  Verify the repository URL is correct and the repository still exists. It may have been deleted, made private, or renamed.

Suggested Solution:
  Verify the repository URL is correct and the repository still exists. It may have been deleted, made private, or renamed.

================================================================================

Error #28
--------------------------------------------------------------------------------
Timestamp: 2026-01-20T20:44:50.993767
Repository: https://github.com/lunary-ai/lunary
Ecosystems: Go
Error Type: NOT_FOUND
Error Message: Repository not found: lunary-ai/lunary

Possible Reason:
  Verify the repository URL is correct and the repository still exists. It may have been deleted, made private, or renamed.

Suggested Solution:
  Verify the repository URL is correct and the repository still exists. It may have been deleted, made private, or renamed.

================================================================================

Error #29
--------------------------------------------------------------------------------
Timestamp: 2026-01-20T20:44:51.264593
Repository: https://github.com/lunary-ai/lunary/tree/main/packages/python-sdk
Ecosystems: PyPI
Error Type: NOT_FOUND
Error Message: Repository not found: lunary-ai/lunary

Possible Reason:
  Verify the repository URL is correct and the repository still exists. It may have been deleted, made private, or renamed.

Suggested Solution:
  Verify the repository URL is correct and the repository still exists. It may have been deleted, made private, or renamed.

================================================================================

Error #30
--------------------------------------------------------------------------------
Timestamp: 2026-01-20T20:45:04.694153
Repository: https://github.com/tomquirk/linkedin-api
Ecosystems: Go, PyPI
Error Type: NOT_FOUND
Error Message: Repository not found: tomquirk/linkedin-api

Possible Reason:
  Verify the repository URL is correct and the repository still exists. It may have been deleted, made private, or renamed.

Suggested Solution:
  Verify the repository URL is correct and the repository still exists. It may have been deleted, made private, or renamed.

================================================================================

Error #31
--------------------------------------------------------------------------------
Timestamp: 2026-01-20T20:54:00.668088
Repository: https://github.com/monkeylearn/monkeylearn-python
Ecosystems: Go, PyPI
Error Type: NOT_FOUND
Error Message: Repository not found: monkeylearn/monkeylearn-python

Possible Reason:
  Verify the repository URL is correct and the repository still exists. It may have been deleted, made private, or renamed.

Suggested Solution:
  Verify the repository URL is correct and the repository still exists. It may have been deleted, made private, or renamed.

================================================================================

Error #32
--------------------------------------------------------------------------------
Timestamp: 2026-01-20T21:03:24.126976
Repository: https://github.com/chriswaites/pyvacy
Ecosystems: Go
Error Type: NOT_FOUND
Error Message: Repository not found: chriswaites/pyvacy

Possible Reason:
  Verify the repository URL is correct and the repository still exists. It may have been deleted, made private, or renamed.

Suggested Solution:
  Verify the repository URL is correct and the repository still exists. It may have been deleted, made private, or renamed.

================================================================================

Error #33
--------------------------------------------------------------------------------
Timestamp: 2026-01-20T21:03:24.363085
Repository: http://github.com/ChrisWaites/pyvacy
Ecosystems: PyPI
Error Type: NOT_FOUND
Error Message: Repository not found: ChrisWaites/pyvacy

Possible Reason:
  Verify the repository URL is correct and the repository still exists. It may have been deleted, made private, or renamed.

Suggested Solution:
  Verify the repository URL is correct and the repository still exists. It may have been deleted, made private, or renamed.

================================================================================

Error #34
--------------------------------------------------------------------------------
Timestamp: 2026-01-20T21:10:32.732725
Repository: https://github.com/cnumr/ecoindex_cli
Ecosystems: Go, PyPI
Error Type: NOT_FOUND
Error Message: Repository not found: cnumr/ecoindex_cli

Possible Reason:
  Verify the repository URL is correct and the repository still exists. It may have been deleted, made private, or renamed.

Suggested Solution:
  Verify the repository URL is correct and the repository still exists. It may have been deleted, made private, or renamed.

================================================================================

Error #35
--------------------------------------------------------------------------------
Timestamp: 2026-01-20T21:20:49.493316
Repository: https://github.com/oxylabs/youtube-scraper
Ecosystems: Go, PyPI
Error Type: NOT_FOUND
Error Message: Repository not found: oxylabs/youtube-scraper

Possible Reason:
  Verify the repository URL is correct and the repository still exists. It may have been deleted, made private, or renamed.

Suggested Solution:
  Verify the repository URL is correct and the repository still exists. It may have been deleted, made private, or renamed.

================================================================================

