================================================================================
Error Log for Go_Ruby
================================================================================
Total Errors: 16
Generated: 2026-01-25 19:54:23
================================================================================

Error #1
--------------------------------------------------------------------------------
Timestamp: 2026-01-25T15:14:01.060458
Repository: https://github.com/mochizukikotaro/regex_sample
Ecosystems: Go, Ruby
Error Type: NOT_FOUND
Error Message: Repository not found: mochizukikotaro/regex_sample

Possible Reason:
  Verify the repository URL is correct and the repository still exists. It may have been deleted, made private, or renamed.

Suggested Solution:
  Verify the repository URL is correct and the repository still exists. It may have been deleted, made private, or renamed.

================================================================================

Error #2
--------------------------------------------------------------------------------
Timestamp: 2026-01-25T15:14:01.062138
Repository: https://github.com/mochizukikotaro/regex_sample
Ecosystems: Go, Ruby
Error Type: TREE_FETCH_FAILED
Error Message: Failed to fetch directory tree for mochizukikotaro/regex_sample

Possible Reason:
  Repository may not exist, be private, or API may have failed. Check error logs for details.

Suggested Solution:
  Repository may not exist, be private, or API may have failed. Check error logs for details.

================================================================================

Error #3
--------------------------------------------------------------------------------
Timestamp: 2026-01-25T15:16:14.946404
Repository: https://github.com/monkeylearn/monkeylearn-ruby
Ecosystems: Go, Ruby
Error Type: NOT_FOUND
Error Message: Repository not found: monkeylearn/monkeylearn-ruby

Possible Reason:
  Verify the repository URL is correct and the repository still exists. It may have been deleted, made private, or renamed.

Suggested Solution:
  Verify the repository URL is correct and the repository still exists. It may have been deleted, made private, or renamed.

================================================================================

Error #4
--------------------------------------------------------------------------------
Timestamp: 2026-01-25T15:16:14.948026
Repository: https://github.com/monkeylearn/monkeylearn-ruby
Ecosystems: Go, Ruby
Error Type: TREE_FETCH_FAILED
Error Message: Failed to fetch directory tree for monkeylearn/monkeylearn-ruby

Possible Reason:
  Repository may not exist, be private, or API may have failed. Check error logs for details.

Suggested Solution:
  Repository may not exist, be private, or API may have failed. Check error logs for details.

================================================================================

Error #5
--------------------------------------------------------------------------------
Timestamp: 2026-01-25T15:16:28.450769
Repository: https://github.com/rundocs/jekyll-rtd-theme
Ecosystems: Go, Ruby
Error Type: NOT_FOUND
Error Message: Repository not found: rundocs/jekyll-rtd-theme

Possible Reason:
  Verify the repository URL is correct and the repository still exists. It may have been deleted, made private, or renamed.

Suggested Solution:
  Verify the repository URL is correct and the repository still exists. It may have been deleted, made private, or renamed.

================================================================================

Error #6
--------------------------------------------------------------------------------
Timestamp: 2026-01-25T15:16:28.452444
Repository: https://github.com/rundocs/jekyll-rtd-theme
Ecosystems: Go, Ruby
Error Type: TREE_FETCH_FAILED
Error Message: Failed to fetch directory tree for rundocs/jekyll-rtd-theme

Possible Reason:
  Repository may not exist, be private, or API may have failed. Check error logs for details.

Suggested Solution:
  Repository may not exist, be private, or API may have failed. Check error logs for details.

================================================================================

Error #7
--------------------------------------------------------------------------------
Timestamp: 2026-01-25T15:23:41.715652
Repository: https://github.com/p0deje/spring-commands-rubocop
Ecosystems: Go, Ruby
Error Type: NOT_FOUND
Error Message: Repository not found: p0deje/spring-commands-rubocop

Possible Reason:
  Verify the repository URL is correct and the repository still exists. It may have been deleted, made private, or renamed.

Suggested Solution:
  Verify the repository URL is correct and the repository still exists. It may have been deleted, made private, or renamed.

================================================================================

Error #8
--------------------------------------------------------------------------------
Timestamp: 2026-01-25T15:23:41.717329
Repository: https://github.com/p0deje/spring-commands-rubocop
Ecosystems: Go, Ruby
Error Type: TREE_FETCH_FAILED
Error Message: Failed to fetch directory tree for p0deje/spring-commands-rubocop

Possible Reason:
  Repository may not exist, be private, or API may have failed. Check error logs for details.

Suggested Solution:
  Repository may not exist, be private, or API may have failed. Check error logs for details.

================================================================================

Error #9
--------------------------------------------------------------------------------
Timestamp: 2026-01-25T15:26:13.666659
Repository: https://github.com/flintinatux/spintax_parser
Ecosystems: Go, Ruby
Error Type: NOT_FOUND
Error Message: Repository not found: flintinatux/spintax_parser

Possible Reason:
  Verify the repository URL is correct and the repository still exists. It may have been deleted, made private, or renamed.

Suggested Solution:
  Verify the repository URL is correct and the repository still exists. It may have been deleted, made private, or renamed.

================================================================================

Error #10
--------------------------------------------------------------------------------
Timestamp: 2026-01-25T15:26:13.668359
Repository: https://github.com/flintinatux/spintax_parser
Ecosystems: Go, Ruby
Error Type: TREE_FETCH_FAILED
Error Message: Failed to fetch directory tree for flintinatux/spintax_parser

Possible Reason:
  Repository may not exist, be private, or API may have failed. Check error logs for details.

Suggested Solution:
  Repository may not exist, be private, or API may have failed. Check error logs for details.

================================================================================

Error #11
--------------------------------------------------------------------------------
Timestamp: 2026-01-25T15:31:33.001961
Repository: https://github.com/atmos/hancock-client
Ecosystems: Go, Ruby
Error Type: NOT_FOUND
Error Message: Repository not found: atmos/hancock-client

Possible Reason:
  Verify the repository URL is correct and the repository still exists. It may have been deleted, made private, or renamed.

Suggested Solution:
  Verify the repository URL is correct and the repository still exists. It may have been deleted, made private, or renamed.

================================================================================

Error #12
--------------------------------------------------------------------------------
Timestamp: 2026-01-25T15:31:33.003712
Repository: https://github.com/atmos/hancock-client
Ecosystems: Go, Ruby
Error Type: TREE_FETCH_FAILED
Error Message: Failed to fetch directory tree for atmos/hancock-client

Possible Reason:
  Repository may not exist, be private, or API may have failed. Check error logs for details.

Suggested Solution:
  Repository may not exist, be private, or API may have failed. Check error logs for details.

================================================================================

Error #13
--------------------------------------------------------------------------------
Timestamp: 2026-01-25T15:31:33.234541
Repository: https://github.com/atmos/sinatra_auth_github
Ecosystems: Go, Ruby
Error Type: NOT_FOUND
Error Message: Repository not found: atmos/sinatra_auth_github

Possible Reason:
  Verify the repository URL is correct and the repository still exists. It may have been deleted, made private, or renamed.

Suggested Solution:
  Verify the repository URL is correct and the repository still exists. It may have been deleted, made private, or renamed.

================================================================================

Error #14
--------------------------------------------------------------------------------
Timestamp: 2026-01-25T15:31:33.236256
Repository: https://github.com/atmos/sinatra_auth_github
Ecosystems: Go, Ruby
Error Type: TREE_FETCH_FAILED
Error Message: Failed to fetch directory tree for atmos/sinatra_auth_github

Possible Reason:
  Repository may not exist, be private, or API may have failed. Check error logs for details.

Suggested Solution:
  Repository may not exist, be private, or API may have failed. Check error logs for details.

================================================================================

Error #15
--------------------------------------------------------------------------------
Timestamp: 2026-01-25T15:34:54.161175
Repository: https://github.com/0xshariq/ruby_package_installer_cli
Ecosystems: Go, Ruby
Error Type: NOT_FOUND
Error Message: Repository not found: 0xshariq/ruby_package_installer_cli

Possible Reason:
  Verify the repository URL is correct and the repository still exists. It may have been deleted, made private, or renamed.

Suggested Solution:
  Verify the repository URL is correct and the repository still exists. It may have been deleted, made private, or renamed.

================================================================================

Error #16
--------------------------------------------------------------------------------
Timestamp: 2026-01-25T15:34:54.162968
Repository: https://github.com/0xshariq/ruby_package_installer_cli
Ecosystems: Go, Ruby
Error Type: TREE_FETCH_FAILED
Error Message: Failed to fetch directory tree for 0xshariq/ruby_package_installer_cli

Possible Reason:
  Repository may not exist, be private, or API may have failed. Check error logs for details.

Suggested Solution:
  Repository may not exist, be private, or API may have failed. Check error logs for details.

================================================================================

