================================================================================
Error Log for Maven_Ruby
================================================================================
Total Errors: 6
Generated: 2026-01-25 19:54:23
================================================================================

Error #1
--------------------------------------------------------------------------------
Timestamp: 2026-01-25T17:57:58.972467
Repository: https://github.com/takari/ruby-maven-libs
Ecosystems: Maven, Ruby
Error Type: NOT_FOUND
Error Message: Repository not found: takari/ruby-maven-libs

Possible Reason:
  Verify the repository URL is correct and the repository still exists. It may have been deleted, made private, or renamed.

Suggested Solution:
  Verify the repository URL is correct and the repository still exists. It may have been deleted, made private, or renamed.

================================================================================

Error #2
--------------------------------------------------------------------------------
Timestamp: 2026-01-25T17:57:58.974194
Repository: https://github.com/takari/ruby-maven-libs
Ecosystems: Maven, Ruby
Error Type: TREE_FETCH_FAILED
Error Message: Failed to fetch directory tree for takari/ruby-maven-libs

Possible Reason:
  Repository may not exist, be private, or API may have failed. Check error logs for details.

Suggested Solution:
  Repository may not exist, be private, or API may have failed. Check error logs for details.

================================================================================

Error #3
--------------------------------------------------------------------------------
Timestamp: 2026-01-25T17:58:09.235551
Repository: https://github.com/sonatype/polyglot-maven
Ecosystems: Maven, Ruby
Error Type: NOT_FOUND
Error Message: Repository not found: sonatype/polyglot-maven

Possible Reason:
  Verify the repository URL is correct and the repository still exists. It may have been deleted, made private, or renamed.

Suggested Solution:
  Verify the repository URL is correct and the repository still exists. It may have been deleted, made private, or renamed.

================================================================================

Error #4
--------------------------------------------------------------------------------
Timestamp: 2026-01-25T17:58:09.237225
Repository: https://github.com/sonatype/polyglot-maven
Ecosystems: Maven, Ruby
Error Type: TREE_FETCH_FAILED
Error Message: Failed to fetch directory tree for sonatype/polyglot-maven

Possible Reason:
  Repository may not exist, be private, or API may have failed. Check error logs for details.

Suggested Solution:
  Repository may not exist, be private, or API may have failed. Check error logs for details.

================================================================================

Error #5
--------------------------------------------------------------------------------
Timestamp: 2026-01-25T17:58:46.217803
Repository: https://github.com/groupon/message-bus
Ecosystems: Maven, Ruby
Error Type: NOT_FOUND
Error Message: Repository not found: groupon/message-bus

Possible Reason:
  Verify the repository URL is correct and the repository still exists. It may have been deleted, made private, or renamed.

Suggested Solution:
  Verify the repository URL is correct and the repository still exists. It may have been deleted, made private, or renamed.

================================================================================

Error #6
--------------------------------------------------------------------------------
Timestamp: 2026-01-25T17:58:46.219600
Repository: https://github.com/groupon/message-bus
Ecosystems: Maven, Ruby
Error Type: TREE_FETCH_FAILED
Error Message: Failed to fetch directory tree for groupon/message-bus

Possible Reason:
  Repository may not exist, be private, or API may have failed. Check error logs for details.

Suggested Solution:
  Repository may not exist, be private, or API may have failed. Check error logs for details.

================================================================================

