================================================================================
Error Log for Maven_NPM_Ruby
================================================================================
Total Errors: 5
Generated: 2026-01-21 02:15:51
================================================================================

Error #1
--------------------------------------------------------------------------------
Timestamp: 2026-01-21T02:06:40.941174
Repository: https://github.com/Wikiki/bulma-divider
Ecosystems: Maven, Ruby
Error Type: NOT_FOUND
Error Message: Repository not found: Wikiki/bulma-divider

Possible Reason:
  Verify the repository URL is correct and the repository still exists. It may have been deleted, made private, or renamed.

Suggested Solution:
  Verify the repository URL is correct and the repository still exists. It may have been deleted, made private, or renamed.

================================================================================

Error #2
--------------------------------------------------------------------------------
Timestamp: 2026-01-21T02:06:41.165585
Repository: git+https://github.com/Wikiki/bulma-divider.git
Ecosystems: NPM
Error Type: NOT_FOUND
Error Message: Repository not found: Wikiki/bulma-divider

Possible Reason:
  Verify the repository URL is correct and the repository still exists. It may have been deleted, made private, or renamed.

Suggested Solution:
  Verify the repository URL is correct and the repository still exists. It may have been deleted, made private, or renamed.

================================================================================

Error #3
--------------------------------------------------------------------------------
Timestamp: 2026-01-21T02:06:46.283768
Repository: https://github.com/eddiechayes/automation-test/tree/main/java
Ecosystems: Maven
Error Type: NOT_FOUND
Error Message: Repository not found: eddiechayes/automation-test

Possible Reason:
  Verify the repository URL is correct and the repository still exists. It may have been deleted, made private, or renamed.

Suggested Solution:
  Verify the repository URL is correct and the repository still exists. It may have been deleted, made private, or renamed.

================================================================================

Error #4
--------------------------------------------------------------------------------
Timestamp: 2026-01-21T02:06:46.500266
Repository: git+https://github.com/eddiechayes/automation-test.git
Ecosystems: NPM
Error Type: NOT_FOUND
Error Message: Repository not found: eddiechayes/automation-test

Possible Reason:
  Verify the repository URL is correct and the repository still exists. It may have been deleted, made private, or renamed.

Suggested Solution:
  Verify the repository URL is correct and the repository still exists. It may have been deleted, made private, or renamed.

================================================================================

Error #5
--------------------------------------------------------------------------------
Timestamp: 2026-01-21T02:06:46.718917
Repository: https://github.com/eddiechayes/automation-test/tree/main/ruby
Ecosystems: Ruby
Error Type: NOT_FOUND
Error Message: Repository not found: eddiechayes/automation-test

Possible Reason:
  Verify the repository URL is correct and the repository still exists. It may have been deleted, made private, or renamed.

Suggested Solution:
  Verify the repository URL is correct and the repository still exists. It may have been deleted, made private, or renamed.

================================================================================

