================================================================================
Error Log for Maven_PHP
================================================================================
Total Errors: 4
Generated: 2026-01-21 02:15:51
================================================================================

Error #1
--------------------------------------------------------------------------------
Timestamp: 2026-01-21T00:16:41.064650
Repository: https://github.com/farbelous/bootstrap-colorpicker
Ecosystems: Maven, PHP
Error Type: NOT_FOUND
Error Message: Repository not found: farbelous/bootstrap-colorpicker

Possible Reason:
  Verify the repository URL is correct and the repository still exists. It may have been deleted, made private, or renamed.

Suggested Solution:
  Verify the repository URL is correct and the repository still exists. It may have been deleted, made private, or renamed.

================================================================================

Error #2
--------------------------------------------------------------------------------
Timestamp: 2026-01-21T00:16:44.531358
Repository: http://www.nuiton.org/repositories/browse/nuiton-js/nuiton-js-html5shiv/tags/nuiton-js-html5shiv-3.7.2-1
Ecosystems: Maven, PHP
Error Type: PARSE_ERROR
Error Message: Could not parse GitHub URL: http://www.nuiton.org/repositories/browse/nuiton-js/nuiton-js-html5shiv/tags/nuiton-js-html5shiv-3.7.2-1

Possible Reason:
  Ensure the URL follows the format: https://github.com/owner/repo or git@github.com:owner/repo.git

Suggested Solution:
  Ensure the URL follows the format: https://github.com/owner/repo or git@github.com:owner/repo.git

================================================================================

Error #3
--------------------------------------------------------------------------------
Timestamp: 2026-01-21T00:16:49.411531
Repository: https://github.com/ivangabriele/CSS-Reset
Ecosystems: Maven, PHP
Error Type: NOT_FOUND
Error Message: Repository not found: ivangabriele/CSS-Reset

Possible Reason:
  Verify the repository URL is correct and the repository still exists. It may have been deleted, made private, or renamed.

Suggested Solution:
  Verify the repository URL is correct and the repository still exists. It may have been deleted, made private, or renamed.

================================================================================

Error #4
--------------------------------------------------------------------------------
Timestamp: 2026-01-21T00:16:53.562255
Repository: https://github.com/schxslt/schxslt-redux-xslt1
Ecosystems: Maven, PHP
Error Type: NOT_FOUND
Error Message: Repository not found: schxslt/schxslt-redux-xslt1

Possible Reason:
  Verify the repository URL is correct and the repository still exists. It may have been deleted, made private, or renamed.

Suggested Solution:
  Verify the repository URL is correct and the repository still exists. It may have been deleted, made private, or renamed.

================================================================================

