================================================================================
Error Log for NPM_PHP
================================================================================
Total Errors: 36
Generated: 2026-01-25 19:54:23
================================================================================

Error #1
--------------------------------------------------------------------------------
Timestamp: 2026-01-25T17:59:38.921428
Repository: https://github.com/fastybird/accounts-module
Ecosystems: NPM, PHP
Error Type: NOT_FOUND
Error Message: Repository not found: fastybird/accounts-module

Possible Reason:
  Verify the repository URL is correct and the repository still exists. It may have been deleted, made private, or renamed.

Suggested Solution:
  Verify the repository URL is correct and the repository still exists. It may have been deleted, made private, or renamed.

================================================================================

Error #2
--------------------------------------------------------------------------------
Timestamp: 2026-01-25T17:59:38.923187
Repository: https://github.com/fastybird/accounts-module
Ecosystems: NPM, PHP
Error Type: TREE_FETCH_FAILED
Error Message: Failed to fetch directory tree for fastybird/accounts-module

Possible Reason:
  Repository may not exist, be private, or API may have failed. Check error logs for details.

Suggested Solution:
  Repository may not exist, be private, or API may have failed. Check error logs for details.

================================================================================

Error #3
--------------------------------------------------------------------------------
Timestamp: 2026-01-25T17:59:39.146582
Repository: https://github.com/fastybird/devices-module
Ecosystems: NPM, PHP
Error Type: NOT_FOUND
Error Message: Repository not found: fastybird/devices-module

Possible Reason:
  Verify the repository URL is correct and the repository still exists. It may have been deleted, made private, or renamed.

Suggested Solution:
  Verify the repository URL is correct and the repository still exists. It may have been deleted, made private, or renamed.

================================================================================

Error #4
--------------------------------------------------------------------------------
Timestamp: 2026-01-25T17:59:39.148284
Repository: https://github.com/fastybird/devices-module
Ecosystems: NPM, PHP
Error Type: TREE_FETCH_FAILED
Error Message: Failed to fetch directory tree for fastybird/devices-module

Possible Reason:
  Repository may not exist, be private, or API may have failed. Check error logs for details.

Suggested Solution:
  Repository may not exist, be private, or API may have failed. Check error logs for details.

================================================================================

Error #5
--------------------------------------------------------------------------------
Timestamp: 2026-01-25T17:59:39.367858
Repository: https://github.com/fastybird/homekit-connector
Ecosystems: NPM, PHP
Error Type: NOT_FOUND
Error Message: Repository not found: fastybird/homekit-connector

Possible Reason:
  Verify the repository URL is correct and the repository still exists. It may have been deleted, made private, or renamed.

Suggested Solution:
  Verify the repository URL is correct and the repository still exists. It may have been deleted, made private, or renamed.

================================================================================

Error #6
--------------------------------------------------------------------------------
Timestamp: 2026-01-25T17:59:39.369582
Repository: https://github.com/fastybird/homekit-connector
Ecosystems: NPM, PHP
Error Type: TREE_FETCH_FAILED
Error Message: Failed to fetch directory tree for fastybird/homekit-connector

Possible Reason:
  Repository may not exist, be private, or API may have failed. Check error logs for details.

Suggested Solution:
  Repository may not exist, be private, or API may have failed. Check error logs for details.

================================================================================

Error #7
--------------------------------------------------------------------------------
Timestamp: 2026-01-25T17:59:39.590387
Repository: https://github.com/fastybird/metadata-library
Ecosystems: NPM, PHP
Error Type: NOT_FOUND
Error Message: Repository not found: fastybird/metadata-library

Possible Reason:
  Verify the repository URL is correct and the repository still exists. It may have been deleted, made private, or renamed.

Suggested Solution:
  Verify the repository URL is correct and the repository still exists. It may have been deleted, made private, or renamed.

================================================================================

Error #8
--------------------------------------------------------------------------------
Timestamp: 2026-01-25T17:59:39.592079
Repository: https://github.com/fastybird/metadata-library
Ecosystems: NPM, PHP
Error Type: TREE_FETCH_FAILED
Error Message: Failed to fetch directory tree for fastybird/metadata-library

Possible Reason:
  Repository may not exist, be private, or API may have failed. Check error logs for details.

Suggested Solution:
  Repository may not exist, be private, or API may have failed. Check error logs for details.

================================================================================

Error #9
--------------------------------------------------------------------------------
Timestamp: 2026-01-25T17:59:39.809515
Repository: https://github.com/fastybird/tools
Ecosystems: NPM, PHP
Error Type: NOT_FOUND
Error Message: Repository not found: fastybird/tools

Possible Reason:
  Verify the repository URL is correct and the repository still exists. It may have been deleted, made private, or renamed.

Suggested Solution:
  Verify the repository URL is correct and the repository still exists. It may have been deleted, made private, or renamed.

================================================================================

Error #10
--------------------------------------------------------------------------------
Timestamp: 2026-01-25T17:59:39.811235
Repository: https://github.com/fastybird/tools
Ecosystems: NPM, PHP
Error Type: TREE_FETCH_FAILED
Error Message: Failed to fetch directory tree for fastybird/tools

Possible Reason:
  Repository may not exist, be private, or API may have failed. Check error logs for details.

Suggested Solution:
  Repository may not exist, be private, or API may have failed. Check error logs for details.

================================================================================

Error #11
--------------------------------------------------------------------------------
Timestamp: 2026-01-25T17:59:40.039851
Repository: https://github.com/fastybird/triggers-module
Ecosystems: NPM, PHP
Error Type: NOT_FOUND
Error Message: Repository not found: fastybird/triggers-module

Possible Reason:
  Verify the repository URL is correct and the repository still exists. It may have been deleted, made private, or renamed.

Suggested Solution:
  Verify the repository URL is correct and the repository still exists. It may have been deleted, made private, or renamed.

================================================================================

Error #12
--------------------------------------------------------------------------------
Timestamp: 2026-01-25T17:59:40.041580
Repository: https://github.com/fastybird/triggers-module
Ecosystems: NPM, PHP
Error Type: TREE_FETCH_FAILED
Error Message: Failed to fetch directory tree for fastybird/triggers-module

Possible Reason:
  Repository may not exist, be private, or API may have failed. Check error logs for details.

Suggested Solution:
  Repository may not exist, be private, or API may have failed. Check error logs for details.

================================================================================

Error #13
--------------------------------------------------------------------------------
Timestamp: 2026-01-25T17:59:40.336902
Repository: https://github.com/fastybird/ui-module
Ecosystems: NPM, PHP
Error Type: NOT_FOUND
Error Message: Repository not found: fastybird/ui-module

Possible Reason:
  Verify the repository URL is correct and the repository still exists. It may have been deleted, made private, or renamed.

Suggested Solution:
  Verify the repository URL is correct and the repository still exists. It may have been deleted, made private, or renamed.

================================================================================

Error #14
--------------------------------------------------------------------------------
Timestamp: 2026-01-25T17:59:40.338613
Repository: https://github.com/fastybird/ui-module
Ecosystems: NPM, PHP
Error Type: TREE_FETCH_FAILED
Error Message: Failed to fetch directory tree for fastybird/ui-module

Possible Reason:
  Repository may not exist, be private, or API may have failed. Check error logs for details.

Suggested Solution:
  Repository may not exist, be private, or API may have failed. Check error logs for details.

================================================================================

Error #15
--------------------------------------------------------------------------------
Timestamp: 2026-01-25T18:01:46.172873
Repository: https://github.com/themingisprose/icon-pack
Ecosystems: NPM, PHP
Error Type: NOT_FOUND
Error Message: Repository not found: themingisprose/icon-pack

Possible Reason:
  Verify the repository URL is correct and the repository still exists. It may have been deleted, made private, or renamed.

Suggested Solution:
  Verify the repository URL is correct and the repository still exists. It may have been deleted, made private, or renamed.

================================================================================

Error #16
--------------------------------------------------------------------------------
Timestamp: 2026-01-25T18:01:46.174721
Repository: https://github.com/themingisprose/icon-pack
Ecosystems: NPM, PHP
Error Type: TREE_FETCH_FAILED
Error Message: Failed to fetch directory tree for themingisprose/icon-pack

Possible Reason:
  Repository may not exist, be private, or API may have failed. Check error logs for details.

Suggested Solution:
  Repository may not exist, be private, or API may have failed. Check error logs for details.

================================================================================

Error #17
--------------------------------------------------------------------------------
Timestamp: 2026-01-25T18:02:27.313346
Repository: https://github.com/apolbox/apolbox
Ecosystems: NPM, PHP
Error Type: NOT_FOUND
Error Message: Repository not found: apolbox/apolbox

Possible Reason:
  Verify the repository URL is correct and the repository still exists. It may have been deleted, made private, or renamed.

Suggested Solution:
  Verify the repository URL is correct and the repository still exists. It may have been deleted, made private, or renamed.

================================================================================

Error #18
--------------------------------------------------------------------------------
Timestamp: 2026-01-25T18:02:27.315105
Repository: https://github.com/apolbox/apolbox
Ecosystems: NPM, PHP
Error Type: TREE_FETCH_FAILED
Error Message: Failed to fetch directory tree for apolbox/apolbox

Possible Reason:
  Repository may not exist, be private, or API may have failed. Check error logs for details.

Suggested Solution:
  Repository may not exist, be private, or API may have failed. Check error logs for details.

================================================================================

Error #19
--------------------------------------------------------------------------------
Timestamp: 2026-01-25T18:02:27.553882
Repository: https://github.com/apolbox/framework
Ecosystems: NPM, PHP
Error Type: NOT_FOUND
Error Message: Repository not found: apolbox/framework

Possible Reason:
  Verify the repository URL is correct and the repository still exists. It may have been deleted, made private, or renamed.

Suggested Solution:
  Verify the repository URL is correct and the repository still exists. It may have been deleted, made private, or renamed.

================================================================================

Error #20
--------------------------------------------------------------------------------
Timestamp: 2026-01-25T18:02:27.555592
Repository: https://github.com/apolbox/framework
Ecosystems: NPM, PHP
Error Type: TREE_FETCH_FAILED
Error Message: Failed to fetch directory tree for apolbox/framework

Possible Reason:
  Repository may not exist, be private, or API may have failed. Check error logs for details.

Suggested Solution:
  Repository may not exist, be private, or API may have failed. Check error logs for details.

================================================================================

Error #21
--------------------------------------------------------------------------------
Timestamp: 2026-01-25T18:02:45.304952
Repository: https://github.com/basecondition/base
Ecosystems: NPM, PHP
Error Type: NOT_FOUND
Error Message: Repository not found: basecondition/base

Possible Reason:
  Verify the repository URL is correct and the repository still exists. It may have been deleted, made private, or renamed.

Suggested Solution:
  Verify the repository URL is correct and the repository still exists. It may have been deleted, made private, or renamed.

================================================================================

Error #22
--------------------------------------------------------------------------------
Timestamp: 2026-01-25T18:02:45.306736
Repository: https://github.com/basecondition/base
Ecosystems: NPM, PHP
Error Type: TREE_FETCH_FAILED
Error Message: Failed to fetch directory tree for basecondition/base

Possible Reason:
  Repository may not exist, be private, or API may have failed. Check error logs for details.

Suggested Solution:
  Repository may not exist, be private, or API may have failed. Check error logs for details.

================================================================================

Error #23
--------------------------------------------------------------------------------
Timestamp: 2026-01-25T18:03:15.656931
Repository: https://github.com/docomoinnovations/cloud_dashboard
Ecosystems: NPM, PHP
Error Type: NOT_FOUND
Error Message: Repository not found: docomoinnovations/cloud_dashboard

Possible Reason:
  Verify the repository URL is correct and the repository still exists. It may have been deleted, made private, or renamed.

Suggested Solution:
  Verify the repository URL is correct and the repository still exists. It may have been deleted, made private, or renamed.

================================================================================

Error #24
--------------------------------------------------------------------------------
Timestamp: 2026-01-25T18:03:15.658675
Repository: https://github.com/docomoinnovations/cloud_dashboard
Ecosystems: NPM, PHP
Error Type: TREE_FETCH_FAILED
Error Message: Failed to fetch directory tree for docomoinnovations/cloud_dashboard

Possible Reason:
  Repository may not exist, be private, or API may have failed. Check error logs for details.

Suggested Solution:
  Repository may not exist, be private, or API may have failed. Check error logs for details.

================================================================================

Error #25
--------------------------------------------------------------------------------
Timestamp: 2026-01-25T18:03:18.590057
Repository: https://github.com/colbycommunications/colby-svg
Ecosystems: NPM, PHP
Error Type: NOT_FOUND
Error Message: Repository not found: colbycommunications/colby-svg

Possible Reason:
  Verify the repository URL is correct and the repository still exists. It may have been deleted, made private, or renamed.

Suggested Solution:
  Verify the repository URL is correct and the repository still exists. It may have been deleted, made private, or renamed.

================================================================================

Error #26
--------------------------------------------------------------------------------
Timestamp: 2026-01-25T18:03:18.591793
Repository: https://github.com/colbycommunications/colby-svg
Ecosystems: NPM, PHP
Error Type: TREE_FETCH_FAILED
Error Message: Failed to fetch directory tree for colbycommunications/colby-svg

Possible Reason:
  Repository may not exist, be private, or API may have failed. Check error logs for details.

Suggested Solution:
  Repository may not exist, be private, or API may have failed. Check error logs for details.

================================================================================

Error #27
--------------------------------------------------------------------------------
Timestamp: 2026-01-25T18:05:39.209971
Repository: https://github.com/justintime50/slugify
Ecosystems: NPM, PHP
Error Type: NOT_FOUND
Error Message: Repository not found: justintime50/slugify

Possible Reason:
  Verify the repository URL is correct and the repository still exists. It may have been deleted, made private, or renamed.

Suggested Solution:
  Verify the repository URL is correct and the repository still exists. It may have been deleted, made private, or renamed.

================================================================================

Error #28
--------------------------------------------------------------------------------
Timestamp: 2026-01-25T18:05:39.211718
Repository: https://github.com/justintime50/slugify
Ecosystems: NPM, PHP
Error Type: TREE_FETCH_FAILED
Error Message: Failed to fetch directory tree for justintime50/slugify

Possible Reason:
  Repository may not exist, be private, or API may have failed. Check error logs for details.

Suggested Solution:
  Repository may not exist, be private, or API may have failed. Check error logs for details.

================================================================================

Error #29
--------------------------------------------------------------------------------
Timestamp: 2026-01-25T18:05:52.177677
Repository: https://github.com/spatie/laravel-javascript-views
Ecosystems: NPM, PHP
Error Type: NOT_FOUND
Error Message: Repository not found: spatie/laravel-javascript-views

Possible Reason:
  Verify the repository URL is correct and the repository still exists. It may have been deleted, made private, or renamed.

Suggested Solution:
  Verify the repository URL is correct and the repository still exists. It may have been deleted, made private, or renamed.

================================================================================

Error #30
--------------------------------------------------------------------------------
Timestamp: 2026-01-25T18:05:52.179415
Repository: https://github.com/spatie/laravel-javascript-views
Ecosystems: NPM, PHP
Error Type: TREE_FETCH_FAILED
Error Message: Failed to fetch directory tree for spatie/laravel-javascript-views

Possible Reason:
  Repository may not exist, be private, or API may have failed. Check error logs for details.

Suggested Solution:
  Repository may not exist, be private, or API may have failed. Check error logs for details.

================================================================================

Error #31
--------------------------------------------------------------------------------
Timestamp: 2026-01-25T18:07:01.162682
Repository: https://github.com/readdle/rd-crypto
Ecosystems: NPM, PHP
Error Type: NOT_FOUND
Error Message: Repository not found: readdle/rd-crypto

Possible Reason:
  Verify the repository URL is correct and the repository still exists. It may have been deleted, made private, or renamed.

Suggested Solution:
  Verify the repository URL is correct and the repository still exists. It may have been deleted, made private, or renamed.

================================================================================

Error #32
--------------------------------------------------------------------------------
Timestamp: 2026-01-25T18:07:01.164481
Repository: https://github.com/readdle/rd-crypto
Ecosystems: NPM, PHP
Error Type: TREE_FETCH_FAILED
Error Message: Failed to fetch directory tree for readdle/rd-crypto

Possible Reason:
  Repository may not exist, be private, or API may have failed. Check error logs for details.

Suggested Solution:
  Repository may not exist, be private, or API may have failed. Check error logs for details.

================================================================================

Error #33
--------------------------------------------------------------------------------
Timestamp: 2026-01-25T18:07:10.660848
Repository: https://github.com/rzl-app/ziggy
Ecosystems: NPM, PHP
Error Type: NOT_FOUND
Error Message: Repository not found: rzl-app/ziggy

Possible Reason:
  Verify the repository URL is correct and the repository still exists. It may have been deleted, made private, or renamed.

Suggested Solution:
  Verify the repository URL is correct and the repository still exists. It may have been deleted, made private, or renamed.

================================================================================

Error #34
--------------------------------------------------------------------------------
Timestamp: 2026-01-25T18:07:10.662590
Repository: https://github.com/rzl-app/ziggy
Ecosystems: NPM, PHP
Error Type: TREE_FETCH_FAILED
Error Message: Failed to fetch directory tree for rzl-app/ziggy

Possible Reason:
  Repository may not exist, be private, or API may have failed. Check error logs for details.

Suggested Solution:
  Repository may not exist, be private, or API may have failed. Check error logs for details.

================================================================================

Error #35
--------------------------------------------------------------------------------
Timestamp: 2026-01-25T18:07:26.283324
Repository: https://github.com/khaleddiffalah/simpledatatables
Ecosystems: NPM, PHP
Error Type: NOT_FOUND
Error Message: Repository not found: khaleddiffalah/simpledatatables

Possible Reason:
  Verify the repository URL is correct and the repository still exists. It may have been deleted, made private, or renamed.

Suggested Solution:
  Verify the repository URL is correct and the repository still exists. It may have been deleted, made private, or renamed.

================================================================================

Error #36
--------------------------------------------------------------------------------
Timestamp: 2026-01-25T18:07:26.285029
Repository: https://github.com/khaleddiffalah/simpledatatables
Ecosystems: NPM, PHP
Error Type: TREE_FETCH_FAILED
Error Message: Failed to fetch directory tree for khaleddiffalah/simpledatatables

Possible Reason:
  Repository may not exist, be private, or API may have failed. Check error logs for details.

Suggested Solution:
  Repository may not exist, be private, or API may have failed. Check error logs for details.

================================================================================

