================================================================================
Error Log for PHP_Ruby
================================================================================
Total Errors: 2
Generated: 2026-01-21 02:15:51
================================================================================

Error #1
--------------------------------------------------------------------------------
Timestamp: 2026-01-21T01:05:30.559352
Repository: https://github.com/PayCertify/wrappers
Ecosystems: PHP
Error Type: NOT_FOUND
Error Message: Repository not found: PayCertify/wrappers

Possible Reason:
  Verify the repository URL is correct and the repository still exists. It may have been deleted, made private, or renamed.

Suggested Solution:
  Verify the repository URL is correct and the repository still exists. It may have been deleted, made private, or renamed.

================================================================================

Error #2
--------------------------------------------------------------------------------
Timestamp: 2026-01-21T01:05:30.783111
Repository: http://github.com/paycertify/wrappers/ruby
Ecosystems: Ruby
Error Type: NOT_FOUND
Error Message: Repository not found: paycertify/wrappers

Possible Reason:
  Verify the repository URL is correct and the repository still exists. It may have been deleted, made private, or renamed.

Suggested Solution:
  Verify the repository URL is correct and the repository still exists. It may have been deleted, made private, or renamed.

================================================================================

